<?xml version="1.0" encoding="UTF-8"?>
<testsuite xmlns:xsi="http://www.w3.org/2001/XMLSchema-instance" xsi:noNamespaceSchemaLocation="https://maven.apache.org/surefire/maven-surefire-plugin/xsd/surefire-test-report-3.0.xsd" version="3.0" name="com.microusuarios.gesusuarios.repository.UsuarioRepositoryTest" time="0.762" tests="5" errors="0" skipped="0" failures="0">
  <properties>
    <property name="sonar.projectName" value="&apos;micro-gesusuarios&apos;"/>
    <property name="java.specification.version" value="17"/>
    <property name="sun.cpu.isalist" value="amd64"/>
    <property name="sonar.host.url" value="http://localhost:9000"/>
    <property name="sun.jnu.encoding" value="Cp1252"/>
    <property name="java.class.path" value="C:\sonar\gesusuarios\target\test-classes;C:\sonar\gesusuarios\target\classes;C:\Users\Dario\.m2\repository\org\springframework\boot\spring-boot-starter-actuator\3.3.5\spring-boot-starter-actuator-3.3.5.jar;C:\Users\Dario\.m2\repository\org\springframework\boot\spring-boot-starter\3.3.5\spring-boot-starter-3.3.5.jar;C:\Users\Dario\.m2\repository\org\springframework\boot\spring-boot-starter-logging\3.3.5\spring-boot-starter-logging-3.3.5.jar;C:\Users\Dario\.m2\repository\ch\qos\logback\logback-classic\1.5.11\logback-classic-1.5.11.jar;C:\Users\Dario\.m2\repository\ch\qos\logback\logback-core\1.5.11\logback-core-1.5.11.jar;C:\Users\Dario\.m2\repository\org\apache\logging\log4j\log4j-to-slf4j\2.23.1\log4j-to-slf4j-2.23.1.jar;C:\Users\Dario\.m2\repository\org\apache\logging\log4j\log4j-api\2.23.1\log4j-api-2.23.1.jar;C:\Users\Dario\.m2\repository\org\slf4j\jul-to-slf4j\2.0.16\jul-to-slf4j-2.0.16.jar;C:\Users\Dario\.m2\repository\jakarta\annotation\jakarta.annotation-api\2.1.1\jakarta.annotation-api-2.1.1.jar;C:\Users\Dario\.m2\repository\org\yaml\snakeyaml\2.2\snakeyaml-2.2.jar;C:\Users\Dario\.m2\repository\org\springframework\boot\spring-boot-actuator-autoconfigure\3.3.5\spring-boot-actuator-autoconfigure-3.3.5.jar;C:\Users\Dario\.m2\repository\org\springframework\boot\spring-boot-actuator\3.3.5\spring-boot-actuator-3.3.5.jar;C:\Users\Dario\.m2\repository\com\fasterxml\jackson\core\jackson-databind\2.17.2\jackson-databind-2.17.2.jar;C:\Users\Dario\.m2\repository\com\fasterxml\jackson\core\jackson-annotations\2.17.2\jackson-annotations-2.17.2.jar;C:\Users\Dario\.m2\repository\com\fasterxml\jackson\core\jackson-core\2.17.2\jackson-core-2.17.2.jar;C:\Users\Dario\.m2\repository\com\fasterxml\jackson\datatype\jackson-datatype-jsr310\2.17.2\jackson-datatype-jsr310-2.17.2.jar;C:\Users\Dario\.m2\repository\io\micrometer\micrometer-observation\1.13.6\micrometer-observation-1.13.6.jar;C:\Users\Dario\.m2\repository\io\micrometer\micrometer-commons\1.13.6\micrometer-commons-1.13.6.jar;C:\Users\Dario\.m2\repository\io\micrometer\micrometer-jakarta9\1.13.6\micrometer-jakarta9-1.13.6.jar;C:\Users\Dario\.m2\repository\io\micrometer\micrometer-core\1.13.6\micrometer-core-1.13.6.jar;C:\Users\Dario\.m2\repository\org\hdrhistogram\HdrHistogram\2.2.2\HdrHistogram-2.2.2.jar;C:\Users\Dario\.m2\repository\org\latencyutils\LatencyUtils\2.0.3\LatencyUtils-2.0.3.jar;C:\Users\Dario\.m2\repository\org\springframework\boot\spring-boot-starter-data-jpa\3.3.5\spring-boot-starter-data-jpa-3.3.5.jar;C:\Users\Dario\.m2\repository\org\springframework\boot\spring-boot-starter-aop\3.3.5\spring-boot-starter-aop-3.3.5.jar;C:\Users\Dario\.m2\repository\org\aspectj\aspectjweaver\1.9.22.1\aspectjweaver-1.9.22.1.jar;C:\Users\Dario\.m2\repository\org\springframework\boot\spring-boot-starter-jdbc\3.3.5\spring-boot-starter-jdbc-3.3.5.jar;C:\Users\Dario\.m2\repository\com\zaxxer\HikariCP\5.1.0\HikariCP-5.1.0.jar;C:\Users\Dario\.m2\repository\org\springframework\spring-jdbc\6.1.14\spring-jdbc-6.1.14.jar;C:\Users\Dario\.m2\repository\org\hibernate\orm\hibernate-core\6.5.3.Final\hibernate-core-6.5.3.Final.jar;C:\Users\Dario\.m2\repository\jakarta\persistence\jakarta.persistence-api\3.1.0\jakarta.persistence-api-3.1.0.jar;C:\Users\Dario\.m2\repository\jakarta\transaction\jakarta.transaction-api\2.0.1\jakarta.transaction-api-2.0.1.jar;C:\Users\Dario\.m2\repository\org\jboss\logging\jboss-logging\3.5.3.Final\jboss-logging-3.5.3.Final.jar;C:\Users\Dario\.m2\repository\org\hibernate\common\hibernate-commons-annotations\6.0.6.Final\hibernate-commons-annotations-6.0.6.Final.jar;C:\Users\Dario\.m2\repository\io\smallrye\jandex\3.1.2\jandex-3.1.2.jar;C:\Users\Dario\.m2\repository\com\fasterxml\classmate\1.7.0\classmate-1.7.0.jar;C:\Users\Dario\.m2\repository\org\glassfish\jaxb\jaxb-runtime\4.0.5\jaxb-runtime-4.0.5.jar;C:\Users\Dario\.m2\repository\org\glassfish\jaxb\jaxb-core\4.0.5\jaxb-core-4.0.5.jar;C:\Users\Dario\.m2\repository\org\eclipse\angus\angus-activation\2.0.2\angus-activation-2.0.2.jar;C:\Users\Dario\.m2\repository\org\glassfish\jaxb\txw2\4.0.5\txw2-4.0.5.jar;C:\Users\Dario\.m2\repository\com\sun\istack\istack-commons-runtime\4.1.2\istack-commons-runtime-4.1.2.jar;C:\Users\Dario\.m2\repository\jakarta\inject\jakarta.inject-api\2.0.1\jakarta.inject-api-2.0.1.jar;C:\Users\Dario\.m2\repository\org\antlr\antlr4-runtime\4.13.0\antlr4-runtime-4.13.0.jar;C:\Users\Dario\.m2\repository\org\springframework\data\spring-data-jpa\3.3.5\spring-data-jpa-3.3.5.jar;C:\Users\Dario\.m2\repository\org\springframework\data\spring-data-commons\3.3.5\spring-data-commons-3.3.5.jar;C:\Users\Dario\.m2\repository\org\springframework\spring-orm\6.1.14\spring-orm-6.1.14.jar;C:\Users\Dario\.m2\repository\org\springframework\spring-context\6.1.14\spring-context-6.1.14.jar;C:\Users\Dario\.m2\repository\org\springframework\spring-tx\6.1.14\spring-tx-6.1.14.jar;C:\Users\Dario\.m2\repository\org\springframework\spring-beans\6.1.14\spring-beans-6.1.14.jar;C:\Users\Dario\.m2\repository\org\slf4j\slf4j-api\2.0.16\slf4j-api-2.0.16.jar;C:\Users\Dario\.m2\repository\org\springframework\spring-aspects\6.1.14\spring-aspects-6.1.14.jar;C:\Users\Dario\.m2\repository\org\springframework\boot\spring-boot-starter-web\3.3.5\spring-boot-starter-web-3.3.5.jar;C:\Users\Dario\.m2\repository\org\springframework\boot\spring-boot-starter-json\3.3.5\spring-boot-starter-json-3.3.5.jar;C:\Users\Dario\.m2\repository\com\fasterxml\jackson\datatype\jackson-datatype-jdk8\2.17.2\jackson-datatype-jdk8-2.17.2.jar;C:\Users\Dario\.m2\repository\com\fasterxml\jackson\module\jackson-module-parameter-names\2.17.2\jackson-module-parameter-names-2.17.2.jar;C:\Users\Dario\.m2\repository\org\springframework\boot\spring-boot-starter-tomcat\3.3.5\spring-boot-starter-tomcat-3.3.5.jar;C:\Users\Dario\.m2\repository\org\apache\tomcat\embed\tomcat-embed-core\10.1.31\tomcat-embed-core-10.1.31.jar;C:\Users\Dario\.m2\repository\org\apache\tomcat\embed\tomcat-embed-websocket\10.1.31\tomcat-embed-websocket-10.1.31.jar;C:\Users\Dario\.m2\repository\org\springframework\spring-web\6.1.14\spring-web-6.1.14.jar;C:\Users\Dario\.m2\repository\org\springframework\spring-webmvc\6.1.14\spring-webmvc-6.1.14.jar;C:\Users\Dario\.m2\repository\org\springframework\spring-expression\6.1.14\spring-expression-6.1.14.jar;C:\Users\Dario\.m2\repository\org\springframework\boot\spring-boot-devtools\3.3.5\spring-boot-devtools-3.3.5.jar;C:\Users\Dario\.m2\repository\org\springframework\boot\spring-boot\3.3.5\spring-boot-3.3.5.jar;C:\Users\Dario\.m2\repository\org\springframework\boot\spring-boot-autoconfigure\3.3.5\spring-boot-autoconfigure-3.3.5.jar;C:\Users\Dario\.m2\repository\com\oracle\database\jdbc\ucp11\21.9.0.0\ucp11-21.9.0.0.jar;C:\Users\Dario\.m2\repository\com\oracle\database\jdbc\rsi\21.9.0.0\rsi-21.9.0.0.jar;C:\Users\Dario\.m2\repository\com\oracle\database\ha\simplefan\21.9.0.0\simplefan-21.9.0.0.jar;C:\Users\Dario\.m2\repository\com\oracle\database\ha\ons\21.9.0.0\ons-21.9.0.0.jar;C:\Users\Dario\.m2\repository\com\oracle\database\nls\orai18n\21.9.0.0\orai18n-21.9.0.0.jar;C:\Users\Dario\.m2\repository\com\oracle\database\xml\xdb\21.9.0.0\xdb-21.9.0.0.jar;C:\Users\Dario\.m2\repository\com\oracle\database\xml\xmlparserv2\21.9.0.0\xmlparserv2-21.9.0.0.jar;C:\Users\Dario\.m2\repository\com\oracle\database\security\oraclepki\21.5.0.0\oraclepki-21.5.0.0.jar;C:\Users\Dario\.m2\repository\com\oracle\database\security\osdt_cert\21.5.0.0\osdt_cert-21.5.0.0.jar;C:\Users\Dario\.m2\repository\com\oracle\database\security\osdt_core\21.5.0.0\osdt_core-21.5.0.0.jar;C:\Users\Dario\.m2\repository\com\oracle\database\jdbc\ojdbc11\21.5.0.0\ojdbc11-21.5.0.0.jar;C:\Users\Dario\.m2\repository\org\projectlombok\lombok\1.18.34\lombok-1.18.34.jar;C:\Users\Dario\.m2\repository\org\springframework\boot\spring-boot-starter-test\3.3.5\spring-boot-starter-test-3.3.5.jar;C:\Users\Dario\.m2\repository\org\springframework\boot\spring-boot-test\3.3.5\spring-boot-test-3.3.5.jar;C:\Users\Dario\.m2\repository\org\springframework\boot\spring-boot-test-autoconfigure\3.3.5\spring-boot-test-autoconfigure-3.3.5.jar;C:\Users\Dario\.m2\repository\com\jayway\jsonpath\json-path\2.9.0\json-path-2.9.0.jar;C:\Users\Dario\.m2\repository\jakarta\xml\bind\jakarta.xml.bind-api\4.0.2\jakarta.xml.bind-api-4.0.2.jar;C:\Users\Dario\.m2\repository\jakarta\activation\jakarta.activation-api\2.1.3\jakarta.activation-api-2.1.3.jar;C:\Users\Dario\.m2\repository\net\minidev\json-smart\2.5.1\json-smart-2.5.1.jar;C:\Users\Dario\.m2\repository\net\minidev\accessors-smart\2.5.1\accessors-smart-2.5.1.jar;C:\Users\Dario\.m2\repository\org\ow2\asm\asm\9.6\asm-9.6.jar;C:\Users\Dario\.m2\repository\org\assertj\assertj-core\3.25.3\assertj-core-3.25.3.jar;C:\Users\Dario\.m2\repository\org\awaitility\awaitility\4.2.2\awaitility-4.2.2.jar;C:\Users\Dario\.m2\repository\org\junit\jupiter\junit-jupiter\5.10.5\junit-jupiter-5.10.5.jar;C:\Users\Dario\.m2\repository\org\junit\jupiter\junit-jupiter-params\5.10.5\junit-jupiter-params-5.10.5.jar;C:\Users\Dario\.m2\repository\org\junit\jupiter\junit-jupiter-engine\5.10.5\junit-jupiter-engine-5.10.5.jar;C:\Users\Dario\.m2\repository\org\junit\platform\junit-platform-engine\1.10.5\junit-platform-engine-1.10.5.jar;C:\Users\Dario\.m2\repository\org\skyscreamer\jsonassert\1.5.3\jsonassert-1.5.3.jar;C:\Users\Dario\.m2\repository\com\vaadin\external\google\android-json\0.0.20131108.vaadin1\android-json-0.0.20131108.vaadin1.jar;C:\Users\Dario\.m2\repository\org\springframework\spring-core\6.1.14\spring-core-6.1.14.jar;C:\Users\Dario\.m2\repository\org\springframework\spring-jcl\6.1.14\spring-jcl-6.1.14.jar;C:\Users\Dario\.m2\repository\org\springframework\spring-test\6.1.14\spring-test-6.1.14.jar;C:\Users\Dario\.m2\repository\org\xmlunit\xmlunit-core\2.9.1\xmlunit-core-2.9.1.jar;C:\Users\Dario\.m2\repository\jakarta\validation\jakarta.validation-api\3.0.2\jakarta.validation-api-3.0.2.jar;C:\Users\Dario\.m2\repository\org\springframework\boot\spring-boot-starter-validation\3.3.5\spring-boot-starter-validation-3.3.5.jar;C:\Users\Dario\.m2\repository\org\apache\tomcat\embed\tomcat-embed-el\10.1.31\tomcat-embed-el-10.1.31.jar;C:\Users\Dario\.m2\repository\org\hibernate\validator\hibernate-validator\8.0.1.Final\hibernate-validator-8.0.1.Final.jar;C:\Users\Dario\.m2\repository\org\springframework\boot\spring-boot-starter-security\3.3.5\spring-boot-starter-security-3.3.5.jar;C:\Users\Dario\.m2\repository\org\springframework\spring-aop\6.1.14\spring-aop-6.1.14.jar;C:\Users\Dario\.m2\repository\org\springframework\security\spring-security-config\6.3.4\spring-security-config-6.3.4.jar;C:\Users\Dario\.m2\repository\org\springframework\security\spring-security-web\6.3.4\spring-security-web-6.3.4.jar;C:\Users\Dario\.m2\repository\org\hamcrest\hamcrest\2.2\hamcrest-2.2.jar;C:\Users\Dario\.m2\repository\org\springframework\boot\spring-boot-starter-hateoas\3.3.5\spring-boot-starter-hateoas-3.3.5.jar;C:\Users\Dario\.m2\repository\org\springframework\hateoas\spring-hateoas\2.3.3\spring-hateoas-2.3.3.jar;C:\Users\Dario\.m2\repository\org\springframework\plugin\spring-plugin-core\3.0.0\spring-plugin-core-3.0.0.jar;C:\Users\Dario\.m2\repository\org\mockito\mockito-core\5.11.0\mockito-core-5.11.0.jar;C:\Users\Dario\.m2\repository\net\bytebuddy\byte-buddy\1.14.19\byte-buddy-1.14.19.jar;C:\Users\Dario\.m2\repository\net\bytebuddy\byte-buddy-agent\1.14.19\byte-buddy-agent-1.14.19.jar;C:\Users\Dario\.m2\repository\org\objenesis\objenesis\3.3\objenesis-3.3.jar;C:\Users\Dario\.m2\repository\org\mockito\mockito-junit-jupiter\5.11.0\mockito-junit-jupiter-5.11.0.jar;C:\Users\Dario\.m2\repository\org\junit\jupiter\junit-jupiter-api\5.10.5\junit-jupiter-api-5.10.5.jar;C:\Users\Dario\.m2\repository\org\opentest4j\opentest4j\1.3.0\opentest4j-1.3.0.jar;C:\Users\Dario\.m2\repository\org\junit\platform\junit-platform-commons\1.10.5\junit-platform-commons-1.10.5.jar;C:\Users\Dario\.m2\repository\org\apiguardian\apiguardian-api\1.1.2\apiguardian-api-1.1.2.jar;C:\Users\Dario\.m2\repository\org\springframework\security\spring-security-test\6.3.4\spring-security-test-6.3.4.jar;C:\Users\Dario\.m2\repository\org\springframework\security\spring-security-core\6.3.4\spring-security-core-6.3.4.jar;C:\Users\Dario\.m2\repository\org\springframework\security\spring-security-crypto\6.3.4\spring-security-crypto-6.3.4.jar;"/>
    <property name="java.vm.vendor" value="Oracle Corporation"/>
    <property name="sun.arch.data.model" value="64"/>
    <property name="user.variant" value=""/>
    <property name="java.vendor.url" value="https://java.oracle.com/"/>
    <property name="catalina.useNaming" value="false"/>
    <property name="user.timezone" value="America/Santiago"/>
    <property name="org.jboss.logging.provider" value="slf4j"/>
    <property name="os.name" value="Windows 10"/>
    <property name="java.vm.specification.version" value="17"/>
    <property name="sun.java.launcher" value="SUN_STANDARD"/>
    <property name="user.country" value="419"/>
    <property name="sun.boot.library.path" value="C:\Program Files\Java\jdk-17\bin"/>
    <property name="sun.java.command" value="C:\Users\Dario\AppData\Local\Temp\surefire10981779042893281702\surefirebooter-20241213175701837_3.jar C:\Users\Dario\AppData\Local\Temp\surefire10981779042893281702 2024-12-13T17-57-01_675-jvmRun1 surefire-20241213175701837_1tmp surefire_0-20241213175701837_2tmp"/>
    <property name="jdk.debug" value="release"/>
    <property name="surefire.test.class.path" value="C:\sonar\gesusuarios\target\test-classes;C:\sonar\gesusuarios\target\classes;C:\Users\Dario\.m2\repository\org\springframework\boot\spring-boot-starter-actuator\3.3.5\spring-boot-starter-actuator-3.3.5.jar;C:\Users\Dario\.m2\repository\org\springframework\boot\spring-boot-starter\3.3.5\spring-boot-starter-3.3.5.jar;C:\Users\Dario\.m2\repository\org\springframework\boot\spring-boot-starter-logging\3.3.5\spring-boot-starter-logging-3.3.5.jar;C:\Users\Dario\.m2\repository\ch\qos\logback\logback-classic\1.5.11\logback-classic-1.5.11.jar;C:\Users\Dario\.m2\repository\ch\qos\logback\logback-core\1.5.11\logback-core-1.5.11.jar;C:\Users\Dario\.m2\repository\org\apache\logging\log4j\log4j-to-slf4j\2.23.1\log4j-to-slf4j-2.23.1.jar;C:\Users\Dario\.m2\repository\org\apache\logging\log4j\log4j-api\2.23.1\log4j-api-2.23.1.jar;C:\Users\Dario\.m2\repository\org\slf4j\jul-to-slf4j\2.0.16\jul-to-slf4j-2.0.16.jar;C:\Users\Dario\.m2\repository\jakarta\annotation\jakarta.annotation-api\2.1.1\jakarta.annotation-api-2.1.1.jar;C:\Users\Dario\.m2\repository\org\yaml\snakeyaml\2.2\snakeyaml-2.2.jar;C:\Users\Dario\.m2\repository\org\springframework\boot\spring-boot-actuator-autoconfigure\3.3.5\spring-boot-actuator-autoconfigure-3.3.5.jar;C:\Users\Dario\.m2\repository\org\springframework\boot\spring-boot-actuator\3.3.5\spring-boot-actuator-3.3.5.jar;C:\Users\Dario\.m2\repository\com\fasterxml\jackson\core\jackson-databind\2.17.2\jackson-databind-2.17.2.jar;C:\Users\Dario\.m2\repository\com\fasterxml\jackson\core\jackson-annotations\2.17.2\jackson-annotations-2.17.2.jar;C:\Users\Dario\.m2\repository\com\fasterxml\jackson\core\jackson-core\2.17.2\jackson-core-2.17.2.jar;C:\Users\Dario\.m2\repository\com\fasterxml\jackson\datatype\jackson-datatype-jsr310\2.17.2\jackson-datatype-jsr310-2.17.2.jar;C:\Users\Dario\.m2\repository\io\micrometer\micrometer-observation\1.13.6\micrometer-observation-1.13.6.jar;C:\Users\Dario\.m2\repository\io\micrometer\micrometer-commons\1.13.6\micrometer-commons-1.13.6.jar;C:\Users\Dario\.m2\repository\io\micrometer\micrometer-jakarta9\1.13.6\micrometer-jakarta9-1.13.6.jar;C:\Users\Dario\.m2\repository\io\micrometer\micrometer-core\1.13.6\micrometer-core-1.13.6.jar;C:\Users\Dario\.m2\repository\org\hdrhistogram\HdrHistogram\2.2.2\HdrHistogram-2.2.2.jar;C:\Users\Dario\.m2\repository\org\latencyutils\LatencyUtils\2.0.3\LatencyUtils-2.0.3.jar;C:\Users\Dario\.m2\repository\org\springframework\boot\spring-boot-starter-data-jpa\3.3.5\spring-boot-starter-data-jpa-3.3.5.jar;C:\Users\Dario\.m2\repository\org\springframework\boot\spring-boot-starter-aop\3.3.5\spring-boot-starter-aop-3.3.5.jar;C:\Users\Dario\.m2\repository\org\aspectj\aspectjweaver\1.9.22.1\aspectjweaver-1.9.22.1.jar;C:\Users\Dario\.m2\repository\org\springframework\boot\spring-boot-starter-jdbc\3.3.5\spring-boot-starter-jdbc-3.3.5.jar;C:\Users\Dario\.m2\repository\com\zaxxer\HikariCP\5.1.0\HikariCP-5.1.0.jar;C:\Users\Dario\.m2\repository\org\springframework\spring-jdbc\6.1.14\spring-jdbc-6.1.14.jar;C:\Users\Dario\.m2\repository\org\hibernate\orm\hibernate-core\6.5.3.Final\hibernate-core-6.5.3.Final.jar;C:\Users\Dario\.m2\repository\jakarta\persistence\jakarta.persistence-api\3.1.0\jakarta.persistence-api-3.1.0.jar;C:\Users\Dario\.m2\repository\jakarta\transaction\jakarta.transaction-api\2.0.1\jakarta.transaction-api-2.0.1.jar;C:\Users\Dario\.m2\repository\org\jboss\logging\jboss-logging\3.5.3.Final\jboss-logging-3.5.3.Final.jar;C:\Users\Dario\.m2\repository\org\hibernate\common\hibernate-commons-annotations\6.0.6.Final\hibernate-commons-annotations-6.0.6.Final.jar;C:\Users\Dario\.m2\repository\io\smallrye\jandex\3.1.2\jandex-3.1.2.jar;C:\Users\Dario\.m2\repository\com\fasterxml\classmate\1.7.0\classmate-1.7.0.jar;C:\Users\Dario\.m2\repository\org\glassfish\jaxb\jaxb-runtime\4.0.5\jaxb-runtime-4.0.5.jar;C:\Users\Dario\.m2\repository\org\glassfish\jaxb\jaxb-core\4.0.5\jaxb-core-4.0.5.jar;C:\Users\Dario\.m2\repository\org\eclipse\angus\angus-activation\2.0.2\angus-activation-2.0.2.jar;C:\Users\Dario\.m2\repository\org\glassfish\jaxb\txw2\4.0.5\txw2-4.0.5.jar;C:\Users\Dario\.m2\repository\com\sun\istack\istack-commons-runtime\4.1.2\istack-commons-runtime-4.1.2.jar;C:\Users\Dario\.m2\repository\jakarta\inject\jakarta.inject-api\2.0.1\jakarta.inject-api-2.0.1.jar;C:\Users\Dario\.m2\repository\org\antlr\antlr4-runtime\4.13.0\antlr4-runtime-4.13.0.jar;C:\Users\Dario\.m2\repository\org\springframework\data\spring-data-jpa\3.3.5\spring-data-jpa-3.3.5.jar;C:\Users\Dario\.m2\repository\org\springframework\data\spring-data-commons\3.3.5\spring-data-commons-3.3.5.jar;C:\Users\Dario\.m2\repository\org\springframework\spring-orm\6.1.14\spring-orm-6.1.14.jar;C:\Users\Dario\.m2\repository\org\springframework\spring-context\6.1.14\spring-context-6.1.14.jar;C:\Users\Dario\.m2\repository\org\springframework\spring-tx\6.1.14\spring-tx-6.1.14.jar;C:\Users\Dario\.m2\repository\org\springframework\spring-beans\6.1.14\spring-beans-6.1.14.jar;C:\Users\Dario\.m2\repository\org\slf4j\slf4j-api\2.0.16\slf4j-api-2.0.16.jar;C:\Users\Dario\.m2\repository\org\springframework\spring-aspects\6.1.14\spring-aspects-6.1.14.jar;C:\Users\Dario\.m2\repository\org\springframework\boot\spring-boot-starter-web\3.3.5\spring-boot-starter-web-3.3.5.jar;C:\Users\Dario\.m2\repository\org\springframework\boot\spring-boot-starter-json\3.3.5\spring-boot-starter-json-3.3.5.jar;C:\Users\Dario\.m2\repository\com\fasterxml\jackson\datatype\jackson-datatype-jdk8\2.17.2\jackson-datatype-jdk8-2.17.2.jar;C:\Users\Dario\.m2\repository\com\fasterxml\jackson\module\jackson-module-parameter-names\2.17.2\jackson-module-parameter-names-2.17.2.jar;C:\Users\Dario\.m2\repository\org\springframework\boot\spring-boot-starter-tomcat\3.3.5\spring-boot-starter-tomcat-3.3.5.jar;C:\Users\Dario\.m2\repository\org\apache\tomcat\embed\tomcat-embed-core\10.1.31\tomcat-embed-core-10.1.31.jar;C:\Users\Dario\.m2\repository\org\apache\tomcat\embed\tomcat-embed-websocket\10.1.31\tomcat-embed-websocket-10.1.31.jar;C:\Users\Dario\.m2\repository\org\springframework\spring-web\6.1.14\spring-web-6.1.14.jar;C:\Users\Dario\.m2\repository\org\springframework\spring-webmvc\6.1.14\spring-webmvc-6.1.14.jar;C:\Users\Dario\.m2\repository\org\springframework\spring-expression\6.1.14\spring-expression-6.1.14.jar;C:\Users\Dario\.m2\repository\org\springframework\boot\spring-boot-devtools\3.3.5\spring-boot-devtools-3.3.5.jar;C:\Users\Dario\.m2\repository\org\springframework\boot\spring-boot\3.3.5\spring-boot-3.3.5.jar;C:\Users\Dario\.m2\repository\org\springframework\boot\spring-boot-autoconfigure\3.3.5\spring-boot-autoconfigure-3.3.5.jar;C:\Users\Dario\.m2\repository\com\oracle\database\jdbc\ucp11\21.9.0.0\ucp11-21.9.0.0.jar;C:\Users\Dario\.m2\repository\com\oracle\database\jdbc\rsi\21.9.0.0\rsi-21.9.0.0.jar;C:\Users\Dario\.m2\repository\com\oracle\database\ha\simplefan\21.9.0.0\simplefan-21.9.0.0.jar;C:\Users\Dario\.m2\repository\com\oracle\database\ha\ons\21.9.0.0\ons-21.9.0.0.jar;C:\Users\Dario\.m2\repository\com\oracle\database\nls\orai18n\21.9.0.0\orai18n-21.9.0.0.jar;C:\Users\Dario\.m2\repository\com\oracle\database\xml\xdb\21.9.0.0\xdb-21.9.0.0.jar;C:\Users\Dario\.m2\repository\com\oracle\database\xml\xmlparserv2\21.9.0.0\xmlparserv2-21.9.0.0.jar;C:\Users\Dario\.m2\repository\com\oracle\database\security\oraclepki\21.5.0.0\oraclepki-21.5.0.0.jar;C:\Users\Dario\.m2\repository\com\oracle\database\security\osdt_cert\21.5.0.0\osdt_cert-21.5.0.0.jar;C:\Users\Dario\.m2\repository\com\oracle\database\security\osdt_core\21.5.0.0\osdt_core-21.5.0.0.jar;C:\Users\Dario\.m2\repository\com\oracle\database\jdbc\ojdbc11\21.5.0.0\ojdbc11-21.5.0.0.jar;C:\Users\Dario\.m2\repository\org\projectlombok\lombok\1.18.34\lombok-1.18.34.jar;C:\Users\Dario\.m2\repository\org\springframework\boot\spring-boot-starter-test\3.3.5\spring-boot-starter-test-3.3.5.jar;C:\Users\Dario\.m2\repository\org\springframework\boot\spring-boot-test\3.3.5\spring-boot-test-3.3.5.jar;C:\Users\Dario\.m2\repository\org\springframework\boot\spring-boot-test-autoconfigure\3.3.5\spring-boot-test-autoconfigure-3.3.5.jar;C:\Users\Dario\.m2\repository\com\jayway\jsonpath\json-path\2.9.0\json-path-2.9.0.jar;C:\Users\Dario\.m2\repository\jakarta\xml\bind\jakarta.xml.bind-api\4.0.2\jakarta.xml.bind-api-4.0.2.jar;C:\Users\Dario\.m2\repository\jakarta\activation\jakarta.activation-api\2.1.3\jakarta.activation-api-2.1.3.jar;C:\Users\Dario\.m2\repository\net\minidev\json-smart\2.5.1\json-smart-2.5.1.jar;C:\Users\Dario\.m2\repository\net\minidev\accessors-smart\2.5.1\accessors-smart-2.5.1.jar;C:\Users\Dario\.m2\repository\org\ow2\asm\asm\9.6\asm-9.6.jar;C:\Users\Dario\.m2\repository\org\assertj\assertj-core\3.25.3\assertj-core-3.25.3.jar;C:\Users\Dario\.m2\repository\org\awaitility\awaitility\4.2.2\awaitility-4.2.2.jar;C:\Users\Dario\.m2\repository\org\junit\jupiter\junit-jupiter\5.10.5\junit-jupiter-5.10.5.jar;C:\Users\Dario\.m2\repository\org\junit\jupiter\junit-jupiter-params\5.10.5\junit-jupiter-params-5.10.5.jar;C:\Users\Dario\.m2\repository\org\junit\jupiter\junit-jupiter-engine\5.10.5\junit-jupiter-engine-5.10.5.jar;C:\Users\Dario\.m2\repository\org\junit\platform\junit-platform-engine\1.10.5\junit-platform-engine-1.10.5.jar;C:\Users\Dario\.m2\repository\org\skyscreamer\jsonassert\1.5.3\jsonassert-1.5.3.jar;C:\Users\Dario\.m2\repository\com\vaadin\external\google\android-json\0.0.20131108.vaadin1\android-json-0.0.20131108.vaadin1.jar;C:\Users\Dario\.m2\repository\org\springframework\spring-core\6.1.14\spring-core-6.1.14.jar;C:\Users\Dario\.m2\repository\org\springframework\spring-jcl\6.1.14\spring-jcl-6.1.14.jar;C:\Users\Dario\.m2\repository\org\springframework\spring-test\6.1.14\spring-test-6.1.14.jar;C:\Users\Dario\.m2\repository\org\xmlunit\xmlunit-core\2.9.1\xmlunit-core-2.9.1.jar;C:\Users\Dario\.m2\repository\jakarta\validation\jakarta.validation-api\3.0.2\jakarta.validation-api-3.0.2.jar;C:\Users\Dario\.m2\repository\org\springframework\boot\spring-boot-starter-validation\3.3.5\spring-boot-starter-validation-3.3.5.jar;C:\Users\Dario\.m2\repository\org\apache\tomcat\embed\tomcat-embed-el\10.1.31\tomcat-embed-el-10.1.31.jar;C:\Users\Dario\.m2\repository\org\hibernate\validator\hibernate-validator\8.0.1.Final\hibernate-validator-8.0.1.Final.jar;C:\Users\Dario\.m2\repository\org\springframework\boot\spring-boot-starter-security\3.3.5\spring-boot-starter-security-3.3.5.jar;C:\Users\Dario\.m2\repository\org\springframework\spring-aop\6.1.14\spring-aop-6.1.14.jar;C:\Users\Dario\.m2\repository\org\springframework\security\spring-security-config\6.3.4\spring-security-config-6.3.4.jar;C:\Users\Dario\.m2\repository\org\springframework\security\spring-security-web\6.3.4\spring-security-web-6.3.4.jar;C:\Users\Dario\.m2\repository\org\hamcrest\hamcrest\2.2\hamcrest-2.2.jar;C:\Users\Dario\.m2\repository\org\springframework\boot\spring-boot-starter-hateoas\3.3.5\spring-boot-starter-hateoas-3.3.5.jar;C:\Users\Dario\.m2\repository\org\springframework\hateoas\spring-hateoas\2.3.3\spring-hateoas-2.3.3.jar;C:\Users\Dario\.m2\repository\org\springframework\plugin\spring-plugin-core\3.0.0\spring-plugin-core-3.0.0.jar;C:\Users\Dario\.m2\repository\org\mockito\mockito-core\5.11.0\mockito-core-5.11.0.jar;C:\Users\Dario\.m2\repository\net\bytebuddy\byte-buddy\1.14.19\byte-buddy-1.14.19.jar;C:\Users\Dario\.m2\repository\net\bytebuddy\byte-buddy-agent\1.14.19\byte-buddy-agent-1.14.19.jar;C:\Users\Dario\.m2\repository\org\objenesis\objenesis\3.3\objenesis-3.3.jar;C:\Users\Dario\.m2\repository\org\mockito\mockito-junit-jupiter\5.11.0\mockito-junit-jupiter-5.11.0.jar;C:\Users\Dario\.m2\repository\org\junit\jupiter\junit-jupiter-api\5.10.5\junit-jupiter-api-5.10.5.jar;C:\Users\Dario\.m2\repository\org\opentest4j\opentest4j\1.3.0\opentest4j-1.3.0.jar;C:\Users\Dario\.m2\repository\org\junit\platform\junit-platform-commons\1.10.5\junit-platform-commons-1.10.5.jar;C:\Users\Dario\.m2\repository\org\apiguardian\apiguardian-api\1.1.2\apiguardian-api-1.1.2.jar;C:\Users\Dario\.m2\repository\org\springframework\security\spring-security-test\6.3.4\spring-security-test-6.3.4.jar;C:\Users\Dario\.m2\repository\org\springframework\security\spring-security-core\6.3.4\spring-security-core-6.3.4.jar;C:\Users\Dario\.m2\repository\org\springframework\security\spring-security-crypto\6.3.4\spring-security-crypto-6.3.4.jar;"/>
    <property name="sun.cpu.endian" value="little"/>
    <property name="user.home" value="C:\Users\Dario"/>
    <property name="user.language" value="es"/>
    <property name="java.specification.vendor" value="Oracle Corporation"/>
    <property name="java.version.date" value="2024-10-15"/>
    <property name="java.home" value="C:\Program Files\Java\jdk-17"/>
    <property name="file.separator" value="\"/>
    <property name="basedir" value="C:\sonar\gesusuarios"/>
    <property name="java.vm.compressedOopsMode" value="Zero based"/>
    <property name="line.separator" value="&#10;"/>
    <property name="java.vm.specification.vendor" value="Oracle Corporation"/>
    <property name="java.specification.name" value="Java Platform API Specification"/>
    <property name="FILE_LOG_CHARSET" value="windows-1252"/>
    <property name="java.awt.headless" value="true"/>
    <property name="surefire.real.class.path" value="C:\Users\Dario\AppData\Local\Temp\surefire10981779042893281702\surefirebooter-20241213175701837_3.jar"/>
    <property name="user.script" value=""/>
    <property name="sun.management.compiler" value="HotSpot 64-Bit Tiered Compilers"/>
    <property name="java.runtime.version" value="17.0.13+10-LTS-268"/>
    <property name="user.name" value="Dario"/>
    <property name="path.separator" value=";"/>
    <property name="os.version" value="10.0"/>
    <property name="java.runtime.name" value="Java(TM) SE Runtime Environment"/>
    <property name="file.encoding" value="Cp1252"/>
    <property name="java.vm.name" value="Java HotSpot(TM) 64-Bit Server VM"/>
    <property name="localRepository" value="C:\Users\Dario\.m2\repository"/>
    <property name="java.vendor.url.bug" value="https://bugreport.java.com/bugreport/"/>
    <property name="java.io.tmpdir" value="C:\Users\Dario\AppData\Local\Temp\"/>
    <property name="sonar.token" value="sqp_5bde5d62ef2e341fb3515fc1b8d356919d3b7baf"/>
    <property name="com.zaxxer.hikari.pool_number" value="3"/>
    <property name="catalina.home" value="C:\Users\Dario\AppData\Local\Temp\tomcat.8081.12711490369128959297"/>
    <property name="java.version" value="17.0.13"/>
    <property name="user.dir" value="C:\sonar\gesusuarios"/>
    <property name="os.arch" value="amd64"/>
    <property name="java.vm.specification.name" value="Java Virtual Machine Specification"/>
    <property name="PID" value="7396"/>
    <property name="sun.os.patch.level" value=""/>
    <property name="CONSOLE_LOG_CHARSET" value="windows-1252"/>
    <property name="catalina.base" value="C:\Users\Dario\AppData\Local\Temp\tomcat.8081.12711490369128959297"/>
    <property name="native.encoding" value="Cp1252"/>
    <property name="sonar.projectKey" value="micro-gesusuarios"/>
    <property name="java.library.path" value="C:\Program Files\Java\jdk-17\bin;C:\Windows\Sun\Java\bin;C:\Windows\system32;C:\Windows;C:\Program Files\Common Files\Oracle\Java\javapath;C:\Windows\system32;C:\Windows;C:\Windows\System32\Wbem;C:\Windows\System32\WindowsPowerShell\v1.0\;C:\Windows\System32\OpenSSH\;C:\Program Files\Git\cmd;C:\Program Files\Java\jdk-17\bin;C:\apache-maven-3.9.9\bin;C:\Program Files\Docker\Docker\resources\bin;C:\Program Files\nodejs\;C:\npm-global;C:\npm-global\bin;C:\Program Files\Java\jdk-17;C:\Program Files\Common Files\Oracle\Java\javapath;C:\Windows\system32;C:\Windows;C:\Windows\System32\Wbem;C:\Windows\System32\WindowsPowerShell\v1.0\;C:\Windows\System32\OpenSSH\;C:\Program Files\Git\cmd;C:\Program Files\Java\jdk-17\bin;C:\apache-maven-3.9.9\bin;C:\Program Files\Docker\Docker\resources\bin;C:\Program Files\nodejs\;C:\Program Files\Common Files\Oracle\Java\javapath;C:\Windows\system32;C:\Windows;C:\Windows\System32\Wbem;C:\Windows\System32\WindowsPowerShell\v1.0\;C:\Windows\System32\OpenSSH\;C:\Program Files\nodejs\;C:\Program Files\Git\cmd;C:\Program Files\Java\jdk-17\bin;C:\apache-maven-3.9.9\bin;C:\Program Files\Docker\Docker\resources\bin;C:\Users\Dario\AppData\Local\Microsoft\WindowsApps;C:\Users\Dario\AppData\Local\Programs\Microsoft VS Code\bin;C:\npm-global\bin;C:\Users\Dario\AppData\Roaming\npm;C:\npm-global\bin;C:\Program Files\Java\jdk-17\bin;;."/>
    <property name="java.vm.info" value="mixed mode, sharing"/>
    <property name="java.vendor" value="Oracle Corporation"/>
    <property name="java.vm.version" value="17.0.13+10-LTS-268"/>
    <property name="java.specification.maintenance.version" value="1"/>
    <property name="sun.io.unicode.encoding" value="UnicodeLittle"/>
    <property name="java.class.version" value="61.0"/>
    <property name="LOGGED_APPLICATION_NAME" value="[gesusuarios] "/>
  </properties>
  <testcase name="testSaveUsuario" classname="com.microusuarios.gesusuarios.repository.UsuarioRepositoryTest" time="0.185">
    <system-out><![CDATA[2024-12-13T17:57:24.729-03:00 DEBUG 7396 --- [gesusuarios] [           main] .b.t.c.SpringBootTestContextBootstrapper : Neither @ContextConfiguration nor @ContextHierarchy found for test class [UsuarioRepositoryTest]: using SpringBootContextLoader
2024-12-13T17:57:24.730-03:00 DEBUG 7396 --- [gesusuarios] [           main] o.s.t.c.support.AbstractContextLoader    : Could not detect default resource locations for test class [com.microusuarios.gesusuarios.repository.UsuarioRepositoryTest]: no resource found for suffixes {-context.xml, Context.groovy}.
2024-12-13T17:57:24.730-03:00  INFO 7396 --- [gesusuarios] [           main] t.c.s.AnnotationConfigContextLoaderUtils : Could not detect default configuration classes for test class [com.microusuarios.gesusuarios.repository.UsuarioRepositoryTest]: UsuarioRepositoryTest does not declare any static, non-private, non-final, nested classes annotated with @Configuration.
2024-12-13T17:57:24.730-03:00 DEBUG 7396 --- [gesusuarios] [           main] .b.t.c.SpringBootTestContextBootstrapper : Using ContextCustomizerFactory implementations for test class [UsuarioRepositoryTest]: [ImportsContextCustomizerFactory, ExcludeFilterContextCustomizerFactory, HttpGraphQlTesterContextCustomizerFactory, DuplicateJsonObjectContextCustomizerFactory, MockitoContextCustomizerFactory, TestRestTemplateContextCustomizerFactory, WebTestClientContextCustomizerFactory, DisableReactorResourceFactoryGlobalResourcesContextCustomizerFactory, OnFailureConditionReportContextCustomizerFactory, OverrideAutoConfigurationContextCustomizerFactory, ObservabilityContextCustomizerFactory, TypeExcludeFiltersContextCustomizerFactory, PropertyMappingContextCustomizerFactory, WebDriverContextCustomizerFactory, MockServerContainerContextCustomizerFactory, DynamicPropertiesContextCustomizerFactory]
2024-12-13T17:57:24.732-03:00 DEBUG 7396 --- [gesusuarios] [           main] .b.t.c.SpringBootTestContextBootstrapper : Using ContextCustomizers for test class [UsuarioRepositoryTest]: [ExcludeFilterContextCustomizer, DuplicateJsonObjectContextCustomizer, MockitoContextCustomizer, TestRestTemplateContextCustomizer, DisableReactorResourceFactoryGlobalResourcesContextCustomizerCustomizer, OnFailureConditionReportContextCustomizer, DisableObservabilityContextCustomizer, PropertyMappingContextCustomizer, WebDriverContextCustomizer]
2024-12-13T17:57:24.742-03:00 DEBUG 7396 --- [gesusuarios] [           main] ssPathScanningCandidateComponentProvider : Identified candidate component class: file [C:\sonar\gesusuarios\target\classes\com\microusuarios\gesusuarios\GesusuariosApplication.class]
2024-12-13T17:57:24.742-03:00  INFO 7396 --- [gesusuarios] [           main] .b.t.c.SpringBootTestContextBootstrapper : Found @SpringBootConfiguration com.microusuarios.gesusuarios.GesusuariosApplication for test class com.microusuarios.gesusuarios.repository.UsuarioRepositoryTest
2024-12-13T17:57:24.744-03:00 DEBUG 7396 --- [gesusuarios] [           main] .s.t.c.u.TestContextSpringFactoriesUtils : Skipping candidate TestExecutionListener [org.springframework.test.context.observation.MicrometerObservationRegistryTestExecutionListener] due to a missing dependency. Specify custom TestExecutionListener classes or make the default TestExecutionListener classes and their required dependencies available. Offending class: io.micrometer.context.ThreadLocalAccessor. MicrometerObservationRegistryTestExecutionListener requires io.micrometer:micrometer-observation:1.10.8 or higher and io.micrometer:context-propagation:1.0.3 or higher.
2024-12-13T17:57:24.745-03:00 DEBUG 7396 --- [gesusuarios] [           main] .b.t.c.SpringBootTestContextBootstrapper : Using TestExecutionListeners for test class [UsuarioRepositoryTest]: [ServletTestExecutionListener, DirtiesContextBeforeModesTestExecutionListener, ApplicationEventsTestExecutionListener, MockitoTestExecutionListener, DependencyInjectionTestExecutionListener, DirtiesContextTestExecutionListener, TransactionalTestExecutionListener, SqlScriptsTestExecutionListener, EventPublishingTestExecutionListener, WithSecurityContextTestExecutionListener, ReactorContextTestExecutionListener, ResetMocksTestExecutionListener, RestDocsTestExecutionListener, MockRestServiceServerResetTestExecutionListener, MockMvcPrintOnlyOnFailureTestExecutionListener, WebDriverTestExecutionListener, MockWebServiceServerTestExecutionListener]
2024-12-13T17:57:24.745-03:00 DEBUG 7396 --- [gesusuarios] [           main] sContextBeforeModesTestExecutionListener : Before test class: class [UsuarioRepositoryTest], class annotated with @DirtiesContext [false] with mode [null]
2024-12-13T17:57:24.746-03:00 DEBUG 7396 --- [gesusuarios] [           main] org.springframework.test.context.cache   : Spring test ApplicationContext cache statistics: [DefaultContextCache@64aee729 size = 2, maxSize = 32, parentContextCount = 0, hitCount = 143, missCount = 2, failureCount = 0]
2024-12-13T17:57:24.747-03:00 DEBUG 7396 --- [gesusuarios] [           main] org.springframework.test.context.cache   : Spring test ApplicationContext cache statistics: [DefaultContextCache@64aee729 size = 2, maxSize = 32, parentContextCount = 0, hitCount = 144, missCount = 2, failureCount = 0]
2024-12-13T17:57:24.747-03:00 DEBUG 7396 --- [gesusuarios] [           main] o.s.t.c.w.ServletTestExecutionListener   : Setting up MockHttpServletRequest, MockHttpServletResponse, ServletWebRequest, and RequestContextHolder for test class com.microusuarios.gesusuarios.repository.UsuarioRepositoryTest
2024-12-13T17:57:24.747-03:00 DEBUG 7396 --- [gesusuarios] [           main] DependencyInjectionTestExecutionListener : Performing dependency injection for test class com.microusuarios.gesusuarios.repository.UsuarioRepositoryTest
2024-12-13T17:57:24.748-03:00 DEBUG 7396 --- [gesusuarios] [           main] org.springframework.test.context.cache   : Spring test ApplicationContext cache statistics: [DefaultContextCache@64aee729 size = 2, maxSize = 32, parentContextCount = 0, hitCount = 145, missCount = 2, failureCount = 0]
2024-12-13T17:57:24.749-03:00 DEBUG 7396 --- [gesusuarios] [           main] org.springframework.test.context.cache   : Spring test ApplicationContext cache statistics: [DefaultContextCache@64aee729 size = 2, maxSize = 32, parentContextCount = 0, hitCount = 146, missCount = 2, failureCount = 0]
2024-12-13T17:57:24.750-03:00 DEBUG 7396 --- [gesusuarios] [           main] sContextBeforeModesTestExecutionListener : Before test method: class [UsuarioRepositoryTest], method [testSaveUsuario], class annotated with @DirtiesContext [false] with mode [null], method annotated with @DirtiesContext [false] with mode [null]
2024-12-13T17:57:24.750-03:00 DEBUG 7396 --- [gesusuarios] [           main] org.springframework.test.context.cache   : Spring test ApplicationContext cache statistics: [DefaultContextCache@64aee729 size = 2, maxSize = 32, parentContextCount = 0, hitCount = 147, missCount = 2, failureCount = 0]
2024-12-13T17:57:24.751-03:00 DEBUG 7396 --- [gesusuarios] [           main] org.springframework.test.context.cache   : Spring test ApplicationContext cache statistics: [DefaultContextCache@64aee729 size = 2, maxSize = 32, parentContextCount = 0, hitCount = 148, missCount = 2, failureCount = 0]
2024-12-13T17:57:24.771-03:00 DEBUG 7396 --- [gesusuarios] [           main] o.s.orm.jpa.JpaTransactionManager        : Creating new transaction with name [org.springframework.data.jpa.repository.support.SimpleJpaRepository.save]: PROPAGATION_REQUIRED,ISOLATION_DEFAULT
2024-12-13T17:57:24.775-03:00 DEBUG 7396 --- [gesusuarios] [           main] o.s.orm.jpa.JpaTransactionManager        : Opened new EntityManager [SessionImpl(833093042<open>)] for JPA transaction
2024-12-13T17:57:24.780-03:00 DEBUG 7396 --- [gesusuarios] [           main] o.h.e.t.internal.TransactionImpl         : On TransactionImpl creation, JpaCompliance#isJpaTransactionComplianceEnabled == false
2024-12-13T17:57:24.780-03:00 DEBUG 7396 --- [gesusuarios] [           main] o.h.e.t.internal.TransactionImpl         : begin
2024-12-13T17:57:24.791-03:00 DEBUG 7396 --- [gesusuarios] [           main] o.s.orm.jpa.JpaTransactionManager        : Exposing JPA transaction as JDBC [org.springframework.orm.jpa.vendor.HibernateJpaDialect$HibernateConnectionHandle@4ba252]
2024-12-13T17:57:24.798-03:00 DEBUG 7396 --- [gesusuarios] [           main] o.h.j.internal.PersistenceUnitUtilImpl   : jakarta.persistence.PersistenceUnitUtil.getIdentifier is only intended to work with enhanced entities (although Hibernate also adapts this support to its proxies); however the passed entity was not enhanced (nor a proxy).. may not be able to read identifier
2024-12-13T17:57:24.822-03:00 DEBUG 7396 --- [gesusuarios] [           main] org.hibernate.engine.spi.ActionQueue     : Executing identity-insert immediately
2024-12-13T17:57:24.841-03:00 DEBUG 7396 --- [gesusuarios] [           main] org.hibernate.SQL                        : insert into usuarios (address,birthdate,email,password,username,id) values (?,?,?,?,?,default)
2024-12-13T17:57:24.881-03:00 DEBUG 7396 --- [gesusuarios] [           main] org.hibernate.orm.results                : Initializer list is empty
2024-12-13T17:57:24.889-03:00 DEBUG 7396 --- [gesusuarios] [           main] org.hibernate.orm.results.loading        : Calling top-level assembler (0 / 1) : org.hibernate.sql.results.graph.basic.BasicResultAssembler@d2dafea
2024-12-13T17:57:24.890-03:00 DEBUG 7396 --- [gesusuarios] [           main] org.hibernate.orm.results                : Extracted JDBC value [0] - [71]
2024-12-13T17:57:24.891-03:00 DEBUG 7396 --- [gesusuarios] [           main] o.h.id.IdentifierGeneratorHelper         : Extracted generated values [com.microusuarios.gesusuarios.model.Usuario]: [Ljava.lang.Object;@7725b1f7
2024-12-13T17:57:24.901-03:00 DEBUG 7396 --- [gesusuarios] [           main] o.s.orm.jpa.JpaTransactionManager        : Initiating transaction commit
2024-12-13T17:57:24.902-03:00 DEBUG 7396 --- [gesusuarios] [           main] o.s.orm.jpa.JpaTransactionManager        : Committing JPA transaction on EntityManager [SessionImpl(833093042<open>)]
2024-12-13T17:57:24.902-03:00 DEBUG 7396 --- [gesusuarios] [           main] o.h.e.t.internal.TransactionImpl         : committing
2024-12-13T17:57:24.903-03:00 DEBUG 7396 --- [gesusuarios] [           main] o.h.e.i.AbstractFlushingEventListener    : Processing flush-time cascades
2024-12-13T17:57:24.904-03:00 DEBUG 7396 --- [gesusuarios] [           main] o.h.e.i.AbstractFlushingEventListener    : Dirty checking collections
2024-12-13T17:57:24.914-03:00 DEBUG 7396 --- [gesusuarios] [           main] o.h.e.i.AbstractFlushingEventListener    : Flushed: 0 insertions, 0 updates, 0 deletions to 1 objects
2024-12-13T17:57:24.914-03:00 DEBUG 7396 --- [gesusuarios] [           main] o.h.e.i.AbstractFlushingEventListener    : Flushed: 0 (re)creations, 0 updates, 0 removals to 0 collections
2024-12-13T17:57:24.916-03:00 DEBUG 7396 --- [gesusuarios] [           main] o.hibernate.internal.util.EntityPrinter  : Listing entities:
2024-12-13T17:57:24.917-03:00 DEBUG 7396 --- [gesusuarios] [           main] o.hibernate.internal.util.EntityPrinter  : com.microusuarios.gesusuarios.model.Usuario{password=password123, address=123 Main St, birthdate=1990-01-01, id=71, email=testuser@example.com, username=testUser}
2024-12-13T17:57:24.930-03:00 DEBUG 7396 --- [gesusuarios] [           main] o.s.orm.jpa.JpaTransactionManager        : Closing JPA EntityManager [SessionImpl(833093042<open>)] after transaction
2024-12-13T17:57:24.930-03:00 DEBUG 7396 --- [gesusuarios] [           main] org.springframework.test.context.cache   : Spring test ApplicationContext cache statistics: [DefaultContextCache@64aee729 size = 2, maxSize = 32, parentContextCount = 0, hitCount = 149, missCount = 2, failureCount = 0]
2024-12-13T17:57:24.931-03:00 DEBUG 7396 --- [gesusuarios] [           main] org.springframework.test.context.cache   : Spring test ApplicationContext cache statistics: [DefaultContextCache@64aee729 size = 2, maxSize = 32, parentContextCount = 0, hitCount = 150, missCount = 2, failureCount = 0]
2024-12-13T17:57:24.932-03:00 DEBUG 7396 --- [gesusuarios] [           main] org.springframework.test.context.cache   : Spring test ApplicationContext cache statistics: [DefaultContextCache@64aee729 size = 2, maxSize = 32, parentContextCount = 0, hitCount = 151, missCount = 2, failureCount = 0]
2024-12-13T17:57:24.932-03:00 DEBUG 7396 --- [gesusuarios] [           main] org.springframework.test.context.cache   : Spring test ApplicationContext cache statistics: [DefaultContextCache@64aee729 size = 2, maxSize = 32, parentContextCount = 0, hitCount = 152, missCount = 2, failureCount = 0]
2024-12-13T17:57:24.932-03:00 DEBUG 7396 --- [gesusuarios] [           main] org.springframework.test.context.cache   : Spring test ApplicationContext cache statistics: [DefaultContextCache@64aee729 size = 2, maxSize = 32, parentContextCount = 0, hitCount = 153, missCount = 2, failureCount = 0]
2024-12-13T17:57:24.932-03:00 DEBUG 7396 --- [gesusuarios] [           main] org.springframework.test.context.cache   : Spring test ApplicationContext cache statistics: [DefaultContextCache@64aee729 size = 2, maxSize = 32, parentContextCount = 0, hitCount = 154, missCount = 2, failureCount = 0]
2024-12-13T17:57:24.933-03:00 DEBUG 7396 --- [gesusuarios] [           main] org.springframework.test.context.cache   : Spring test ApplicationContext cache statistics: [DefaultContextCache@64aee729 size = 2, maxSize = 32, parentContextCount = 0, hitCount = 155, missCount = 2, failureCount = 0]
2024-12-13T17:57:24.933-03:00 DEBUG 7396 --- [gesusuarios] [           main] org.springframework.test.context.cache   : Spring test ApplicationContext cache statistics: [DefaultContextCache@64aee729 size = 2, maxSize = 32, parentContextCount = 0, hitCount = 156, missCount = 2, failureCount = 0]
2024-12-13T17:57:24.934-03:00 DEBUG 7396 --- [gesusuarios] [           main] .c.s.DirtiesContextTestExecutionListener : After test method: class [UsuarioRepositoryTest], method [testSaveUsuario], class annotated with @DirtiesContext [false] with mode [null], method annotated with @DirtiesContext [false] with mode [null]
2024-12-13T17:57:24.934-03:00 DEBUG 7396 --- [gesusuarios] [           main] o.s.t.c.w.ServletTestExecutionListener   : Resetting RequestContextHolder for test class com.microusuarios.gesusuarios.repository.UsuarioRepositoryTest
]]></system-out>
  </testcase>
  <testcase name="testFindById" classname="com.microusuarios.gesusuarios.repository.UsuarioRepositoryTest" time="0.111">
    <system-out><![CDATA[2024-12-13T17:57:24.934-03:00 DEBUG 7396 --- [gesusuarios] [           main] org.springframework.test.context.cache   : Spring test ApplicationContext cache statistics: [DefaultContextCache@64aee729 size = 2, maxSize = 32, parentContextCount = 0, hitCount = 157, missCount = 2, failureCount = 0]
2024-12-13T17:57:24.935-03:00 DEBUG 7396 --- [gesusuarios] [           main] o.s.t.c.w.ServletTestExecutionListener   : Setting up MockHttpServletRequest, MockHttpServletResponse, ServletWebRequest, and RequestContextHolder for test class com.microusuarios.gesusuarios.repository.UsuarioRepositoryTest
2024-12-13T17:57:24.935-03:00 DEBUG 7396 --- [gesusuarios] [           main] DependencyInjectionTestExecutionListener : Performing dependency injection for test class com.microusuarios.gesusuarios.repository.UsuarioRepositoryTest
2024-12-13T17:57:24.935-03:00 DEBUG 7396 --- [gesusuarios] [           main] org.springframework.test.context.cache   : Spring test ApplicationContext cache statistics: [DefaultContextCache@64aee729 size = 2, maxSize = 32, parentContextCount = 0, hitCount = 158, missCount = 2, failureCount = 0]
2024-12-13T17:57:24.935-03:00 DEBUG 7396 --- [gesusuarios] [           main] org.springframework.test.context.cache   : Spring test ApplicationContext cache statistics: [DefaultContextCache@64aee729 size = 2, maxSize = 32, parentContextCount = 0, hitCount = 159, missCount = 2, failureCount = 0]
2024-12-13T17:57:24.936-03:00 DEBUG 7396 --- [gesusuarios] [           main] sContextBeforeModesTestExecutionListener : Before test method: class [UsuarioRepositoryTest], method [testFindById], class annotated with @DirtiesContext [false] with mode [null], method annotated with @DirtiesContext [false] with mode [null]
2024-12-13T17:57:24.936-03:00 DEBUG 7396 --- [gesusuarios] [           main] org.springframework.test.context.cache   : Spring test ApplicationContext cache statistics: [DefaultContextCache@64aee729 size = 2, maxSize = 32, parentContextCount = 0, hitCount = 160, missCount = 2, failureCount = 0]
2024-12-13T17:57:24.936-03:00 DEBUG 7396 --- [gesusuarios] [           main] org.springframework.test.context.cache   : Spring test ApplicationContext cache statistics: [DefaultContextCache@64aee729 size = 2, maxSize = 32, parentContextCount = 0, hitCount = 161, missCount = 2, failureCount = 0]
2024-12-13T17:57:24.937-03:00 DEBUG 7396 --- [gesusuarios] [           main] o.s.orm.jpa.JpaTransactionManager        : Creating new transaction with name [org.springframework.data.jpa.repository.support.SimpleJpaRepository.save]: PROPAGATION_REQUIRED,ISOLATION_DEFAULT
2024-12-13T17:57:24.938-03:00 DEBUG 7396 --- [gesusuarios] [           main] o.s.orm.jpa.JpaTransactionManager        : Opened new EntityManager [SessionImpl(463123684<open>)] for JPA transaction
2024-12-13T17:57:24.938-03:00 DEBUG 7396 --- [gesusuarios] [           main] o.h.e.t.internal.TransactionImpl         : On TransactionImpl creation, JpaCompliance#isJpaTransactionComplianceEnabled == false
2024-12-13T17:57:24.938-03:00 DEBUG 7396 --- [gesusuarios] [           main] o.h.e.t.internal.TransactionImpl         : begin
2024-12-13T17:57:24.938-03:00 DEBUG 7396 --- [gesusuarios] [           main] o.s.orm.jpa.JpaTransactionManager        : Exposing JPA transaction as JDBC [org.springframework.orm.jpa.vendor.HibernateJpaDialect$HibernateConnectionHandle@6c1c12eb]
2024-12-13T17:57:24.938-03:00 DEBUG 7396 --- [gesusuarios] [           main] o.h.j.internal.PersistenceUnitUtilImpl   : jakarta.persistence.PersistenceUnitUtil.getIdentifier is only intended to work with enhanced entities (although Hibernate also adapts this support to its proxies); however the passed entity was not enhanced (nor a proxy).. may not be able to read identifier
2024-12-13T17:57:24.938-03:00 DEBUG 7396 --- [gesusuarios] [           main] org.hibernate.engine.spi.ActionQueue     : Executing identity-insert immediately
2024-12-13T17:57:24.938-03:00 DEBUG 7396 --- [gesusuarios] [           main] org.hibernate.SQL                        : insert into usuarios (address,birthdate,email,password,username,id) values (?,?,?,?,?,default)
2024-12-13T17:57:24.949-03:00 DEBUG 7396 --- [gesusuarios] [           main] org.hibernate.orm.results                : Initializer list is empty
2024-12-13T17:57:24.950-03:00 DEBUG 7396 --- [gesusuarios] [           main] org.hibernate.orm.results.loading        : Calling top-level assembler (0 / 1) : org.hibernate.sql.results.graph.basic.BasicResultAssembler@3f2bb184
2024-12-13T17:57:24.950-03:00 DEBUG 7396 --- [gesusuarios] [           main] org.hibernate.orm.results                : Extracted JDBC value [0] - [72]
2024-12-13T17:57:24.950-03:00 DEBUG 7396 --- [gesusuarios] [           main] o.h.id.IdentifierGeneratorHelper         : Extracted generated values [com.microusuarios.gesusuarios.model.Usuario]: [Ljava.lang.Object;@7b823ec3
2024-12-13T17:57:24.950-03:00 DEBUG 7396 --- [gesusuarios] [           main] o.s.orm.jpa.JpaTransactionManager        : Initiating transaction commit
2024-12-13T17:57:24.950-03:00 DEBUG 7396 --- [gesusuarios] [           main] o.s.orm.jpa.JpaTransactionManager        : Committing JPA transaction on EntityManager [SessionImpl(463123684<open>)]
2024-12-13T17:57:24.950-03:00 DEBUG 7396 --- [gesusuarios] [           main] o.h.e.t.internal.TransactionImpl         : committing
2024-12-13T17:57:24.950-03:00 DEBUG 7396 --- [gesusuarios] [           main] o.h.e.i.AbstractFlushingEventListener    : Processing flush-time cascades
2024-12-13T17:57:24.950-03:00 DEBUG 7396 --- [gesusuarios] [           main] o.h.e.i.AbstractFlushingEventListener    : Dirty checking collections
2024-12-13T17:57:24.950-03:00 DEBUG 7396 --- [gesusuarios] [           main] o.h.e.i.AbstractFlushingEventListener    : Flushed: 0 insertions, 0 updates, 0 deletions to 1 objects
2024-12-13T17:57:24.950-03:00 DEBUG 7396 --- [gesusuarios] [           main] o.h.e.i.AbstractFlushingEventListener    : Flushed: 0 (re)creations, 0 updates, 0 removals to 0 collections
2024-12-13T17:57:24.950-03:00 DEBUG 7396 --- [gesusuarios] [           main] o.hibernate.internal.util.EntityPrinter  : Listing entities:
2024-12-13T17:57:24.950-03:00 DEBUG 7396 --- [gesusuarios] [           main] o.hibernate.internal.util.EntityPrinter  : com.microusuarios.gesusuarios.model.Usuario{password=password123, address=123 Main St, birthdate=1990-01-01, id=72, email=testuser@example.com, username=testUser}
2024-12-13T17:57:24.956-03:00 DEBUG 7396 --- [gesusuarios] [           main] o.s.orm.jpa.JpaTransactionManager        : Closing JPA EntityManager [SessionImpl(463123684<open>)] after transaction
2024-12-13T17:57:24.957-03:00 DEBUG 7396 --- [gesusuarios] [           main] org.springframework.test.context.cache   : Spring test ApplicationContext cache statistics: [DefaultContextCache@64aee729 size = 2, maxSize = 32, parentContextCount = 0, hitCount = 162, missCount = 2, failureCount = 0]
2024-12-13T17:57:24.957-03:00 DEBUG 7396 --- [gesusuarios] [           main] o.s.orm.jpa.JpaTransactionManager        : Creating new transaction with name [org.springframework.data.jpa.repository.support.SimpleJpaRepository.findById]: PROPAGATION_REQUIRED,ISOLATION_DEFAULT,readOnly
2024-12-13T17:57:24.957-03:00 DEBUG 7396 --- [gesusuarios] [           main] o.s.orm.jpa.JpaTransactionManager        : Opened new EntityManager [SessionImpl(253762047<open>)] for JPA transaction
2024-12-13T17:57:24.961-03:00 DEBUG 7396 --- [gesusuarios] [           main] o.s.jdbc.datasource.DataSourceUtils      : Setting JDBC Connection [HikariProxyConnection@686720744 wrapping oracle.jdbc.driver.T4CConnection@7f720b8b] read-only
2024-12-13T17:57:24.961-03:00 DEBUG 7396 --- [gesusuarios] [           main] o.h.e.t.internal.TransactionImpl         : On TransactionImpl creation, JpaCompliance#isJpaTransactionComplianceEnabled == false
2024-12-13T17:57:24.961-03:00 DEBUG 7396 --- [gesusuarios] [           main] o.h.e.t.internal.TransactionImpl         : begin
2024-12-13T17:57:24.961-03:00 DEBUG 7396 --- [gesusuarios] [           main] o.s.orm.jpa.JpaTransactionManager        : Exposing JPA transaction as JDBC [org.springframework.orm.jpa.vendor.HibernateJpaDialect$HibernateConnectionHandle@2905e48a]
2024-12-13T17:57:24.982-03:00 DEBUG 7396 --- [gesusuarios] [           main] org.hibernate.orm.sql.exec               : Skipping reading Query result cache data: cache-enabled = false, cache-mode = IGNORE
2024-12-13T17:57:24.997-03:00 DEBUG 7396 --- [gesusuarios] [           main] org.hibernate.orm.results                : Initializer list:
	  com.microusuarios.gesusuarios.model.Usuario -> EntityResultInitializer(com.microusuarios.gesusuarios.model.Usuario)@412522299 (SingleTableEntityPersister(com.microusuarios.gesusuarios.model.Usuario))

2024-12-13T17:57:25.001-03:00 DEBUG 7396 --- [gesusuarios] [           main] org.hibernate.SQL                        : select u1_0.id,u1_0.address,u1_0.birthdate,u1_0.email,u1_0.password,u1_0.username from usuarios u1_0 where u1_0.id=?
2024-12-13T17:57:25.035-03:00 DEBUG 7396 --- [gesusuarios] [           main] o.hibernate.orm.results.loading.entity   : (EntityResultInitializer) Hydrated EntityKey (com.microusuarios.gesusuarios.model.Usuario): 72
2024-12-13T17:57:25.037-03:00 DEBUG 7396 --- [gesusuarios] [           main] o.hibernate.orm.results.loading.entity   : (EntityResultInitializer) Created new entity instance [com.microusuarios.gesusuarios.model.Usuario#72] : 282095455
2024-12-13T17:57:25.037-03:00 DEBUG 7396 --- [gesusuarios] [           main] org.hibernate.orm.results                : Extracted JDBC value [1] - [123 Main St]
2024-12-13T17:57:25.037-03:00 DEBUG 7396 --- [gesusuarios] [           main] org.hibernate.orm.results                : Extracted JDBC value [2] - [1990-01-01]
2024-12-13T17:57:25.037-03:00 DEBUG 7396 --- [gesusuarios] [           main] org.hibernate.orm.results                : Extracted JDBC value [3] - [testuser@example.com]
2024-12-13T17:57:25.037-03:00 DEBUG 7396 --- [gesusuarios] [           main] org.hibernate.orm.results                : Extracted JDBC value [4] - [password123]
2024-12-13T17:57:25.037-03:00 DEBUG 7396 --- [gesusuarios] [           main] org.hibernate.orm.results                : Extracted JDBC value [5] - [testUser]
2024-12-13T17:57:25.038-03:00 DEBUG 7396 --- [gesusuarios] [           main] o.hibernate.orm.results.loading.entity   : (EntityResultInitializer) Done materializing entityInstance : com.microusuarios.gesusuarios.model.Usuario#72
2024-12-13T17:57:25.038-03:00 DEBUG 7396 --- [gesusuarios] [           main] org.hibernate.orm.results.loading        : Calling top-level assembler (0 / 1) : org.hibernate.sql.results.graph.entity.internal.EntityAssembler@170d5be6
2024-12-13T17:57:25.040-03:00 DEBUG 7396 --- [gesusuarios] [           main] o.s.orm.jpa.JpaTransactionManager        : Initiating transaction commit
2024-12-13T17:57:25.040-03:00 DEBUG 7396 --- [gesusuarios] [           main] o.s.orm.jpa.JpaTransactionManager        : Committing JPA transaction on EntityManager [SessionImpl(253762047<open>)]
2024-12-13T17:57:25.040-03:00 DEBUG 7396 --- [gesusuarios] [           main] o.h.e.t.internal.TransactionImpl         : committing
2024-12-13T17:57:25.043-03:00 DEBUG 7396 --- [gesusuarios] [           main] o.s.jdbc.datasource.DataSourceUtils      : Resetting read-only flag of JDBC Connection [HikariProxyConnection@686720744 wrapping oracle.jdbc.driver.T4CConnection@7f720b8b]
2024-12-13T17:57:25.043-03:00 DEBUG 7396 --- [gesusuarios] [           main] o.s.orm.jpa.JpaTransactionManager        : Closing JPA EntityManager [SessionImpl(253762047<open>)] after transaction
2024-12-13T17:57:25.045-03:00 DEBUG 7396 --- [gesusuarios] [           main] org.springframework.test.context.cache   : Spring test ApplicationContext cache statistics: [DefaultContextCache@64aee729 size = 2, maxSize = 32, parentContextCount = 0, hitCount = 163, missCount = 2, failureCount = 0]
2024-12-13T17:57:25.045-03:00 DEBUG 7396 --- [gesusuarios] [           main] org.springframework.test.context.cache   : Spring test ApplicationContext cache statistics: [DefaultContextCache@64aee729 size = 2, maxSize = 32, parentContextCount = 0, hitCount = 164, missCount = 2, failureCount = 0]
2024-12-13T17:57:25.045-03:00 DEBUG 7396 --- [gesusuarios] [           main] org.springframework.test.context.cache   : Spring test ApplicationContext cache statistics: [DefaultContextCache@64aee729 size = 2, maxSize = 32, parentContextCount = 0, hitCount = 165, missCount = 2, failureCount = 0]
2024-12-13T17:57:25.045-03:00 DEBUG 7396 --- [gesusuarios] [           main] org.springframework.test.context.cache   : Spring test ApplicationContext cache statistics: [DefaultContextCache@64aee729 size = 2, maxSize = 32, parentContextCount = 0, hitCount = 166, missCount = 2, failureCount = 0]
2024-12-13T17:57:25.045-03:00 DEBUG 7396 --- [gesusuarios] [           main] org.springframework.test.context.cache   : Spring test ApplicationContext cache statistics: [DefaultContextCache@64aee729 size = 2, maxSize = 32, parentContextCount = 0, hitCount = 167, missCount = 2, failureCount = 0]
2024-12-13T17:57:25.046-03:00 DEBUG 7396 --- [gesusuarios] [           main] org.springframework.test.context.cache   : Spring test ApplicationContext cache statistics: [DefaultContextCache@64aee729 size = 2, maxSize = 32, parentContextCount = 0, hitCount = 168, missCount = 2, failureCount = 0]
2024-12-13T17:57:25.046-03:00 DEBUG 7396 --- [gesusuarios] [           main] org.springframework.test.context.cache   : Spring test ApplicationContext cache statistics: [DefaultContextCache@64aee729 size = 2, maxSize = 32, parentContextCount = 0, hitCount = 169, missCount = 2, failureCount = 0]
2024-12-13T17:57:25.046-03:00 DEBUG 7396 --- [gesusuarios] [           main] .c.s.DirtiesContextTestExecutionListener : After test method: class [UsuarioRepositoryTest], method [testFindById], class annotated with @DirtiesContext [false] with mode [null], method annotated with @DirtiesContext [false] with mode [null]
2024-12-13T17:57:25.046-03:00 DEBUG 7396 --- [gesusuarios] [           main] o.s.t.c.w.ServletTestExecutionListener   : Resetting RequestContextHolder for test class com.microusuarios.gesusuarios.repository.UsuarioRepositoryTest
]]></system-out>
  </testcase>
  <testcase name="testUpdateUsuario" classname="com.microusuarios.gesusuarios.repository.UsuarioRepositoryTest" time="0.105">
    <system-out><![CDATA[2024-12-13T17:57:25.047-03:00 DEBUG 7396 --- [gesusuarios] [           main] org.springframework.test.context.cache   : Spring test ApplicationContext cache statistics: [DefaultContextCache@64aee729 size = 2, maxSize = 32, parentContextCount = 0, hitCount = 170, missCount = 2, failureCount = 0]
2024-12-13T17:57:25.047-03:00 DEBUG 7396 --- [gesusuarios] [           main] o.s.t.c.w.ServletTestExecutionListener   : Setting up MockHttpServletRequest, MockHttpServletResponse, ServletWebRequest, and RequestContextHolder for test class com.microusuarios.gesusuarios.repository.UsuarioRepositoryTest
2024-12-13T17:57:25.047-03:00 DEBUG 7396 --- [gesusuarios] [           main] DependencyInjectionTestExecutionListener : Performing dependency injection for test class com.microusuarios.gesusuarios.repository.UsuarioRepositoryTest
2024-12-13T17:57:25.047-03:00 DEBUG 7396 --- [gesusuarios] [           main] org.springframework.test.context.cache   : Spring test ApplicationContext cache statistics: [DefaultContextCache@64aee729 size = 2, maxSize = 32, parentContextCount = 0, hitCount = 171, missCount = 2, failureCount = 0]
2024-12-13T17:57:25.047-03:00 DEBUG 7396 --- [gesusuarios] [           main] org.springframework.test.context.cache   : Spring test ApplicationContext cache statistics: [DefaultContextCache@64aee729 size = 2, maxSize = 32, parentContextCount = 0, hitCount = 172, missCount = 2, failureCount = 0]
2024-12-13T17:57:25.048-03:00 DEBUG 7396 --- [gesusuarios] [           main] sContextBeforeModesTestExecutionListener : Before test method: class [UsuarioRepositoryTest], method [testUpdateUsuario], class annotated with @DirtiesContext [false] with mode [null], method annotated with @DirtiesContext [false] with mode [null]
2024-12-13T17:57:25.048-03:00 DEBUG 7396 --- [gesusuarios] [           main] org.springframework.test.context.cache   : Spring test ApplicationContext cache statistics: [DefaultContextCache@64aee729 size = 2, maxSize = 32, parentContextCount = 0, hitCount = 173, missCount = 2, failureCount = 0]
2024-12-13T17:57:25.048-03:00 DEBUG 7396 --- [gesusuarios] [           main] org.springframework.test.context.cache   : Spring test ApplicationContext cache statistics: [DefaultContextCache@64aee729 size = 2, maxSize = 32, parentContextCount = 0, hitCount = 174, missCount = 2, failureCount = 0]
2024-12-13T17:57:25.050-03:00 DEBUG 7396 --- [gesusuarios] [           main] o.s.orm.jpa.JpaTransactionManager        : Creating new transaction with name [org.springframework.data.jpa.repository.support.SimpleJpaRepository.save]: PROPAGATION_REQUIRED,ISOLATION_DEFAULT
2024-12-13T17:57:25.050-03:00 DEBUG 7396 --- [gesusuarios] [           main] o.s.orm.jpa.JpaTransactionManager        : Opened new EntityManager [SessionImpl(836151601<open>)] for JPA transaction
2024-12-13T17:57:25.050-03:00 DEBUG 7396 --- [gesusuarios] [           main] o.h.e.t.internal.TransactionImpl         : On TransactionImpl creation, JpaCompliance#isJpaTransactionComplianceEnabled == false
2024-12-13T17:57:25.050-03:00 DEBUG 7396 --- [gesusuarios] [           main] o.h.e.t.internal.TransactionImpl         : begin
2024-12-13T17:57:25.050-03:00 DEBUG 7396 --- [gesusuarios] [           main] o.s.orm.jpa.JpaTransactionManager        : Exposing JPA transaction as JDBC [org.springframework.orm.jpa.vendor.HibernateJpaDialect$HibernateConnectionHandle@20c05725]
2024-12-13T17:57:25.050-03:00 DEBUG 7396 --- [gesusuarios] [           main] o.h.j.internal.PersistenceUnitUtilImpl   : jakarta.persistence.PersistenceUnitUtil.getIdentifier is only intended to work with enhanced entities (although Hibernate also adapts this support to its proxies); however the passed entity was not enhanced (nor a proxy).. may not be able to read identifier
2024-12-13T17:57:25.051-03:00 DEBUG 7396 --- [gesusuarios] [           main] org.hibernate.engine.spi.ActionQueue     : Executing identity-insert immediately
2024-12-13T17:57:25.051-03:00 DEBUG 7396 --- [gesusuarios] [           main] org.hibernate.SQL                        : insert into usuarios (address,birthdate,email,password,username,id) values (?,?,?,?,?,default)
2024-12-13T17:57:25.063-03:00 DEBUG 7396 --- [gesusuarios] [           main] org.hibernate.orm.results                : Initializer list is empty
2024-12-13T17:57:25.063-03:00 DEBUG 7396 --- [gesusuarios] [           main] org.hibernate.orm.results.loading        : Calling top-level assembler (0 / 1) : org.hibernate.sql.results.graph.basic.BasicResultAssembler@4cd45365
2024-12-13T17:57:25.063-03:00 DEBUG 7396 --- [gesusuarios] [           main] org.hibernate.orm.results                : Extracted JDBC value [0] - [73]
2024-12-13T17:57:25.063-03:00 DEBUG 7396 --- [gesusuarios] [           main] o.h.id.IdentifierGeneratorHelper         : Extracted generated values [com.microusuarios.gesusuarios.model.Usuario]: [Ljava.lang.Object;@3dcfdda5
2024-12-13T17:57:25.063-03:00 DEBUG 7396 --- [gesusuarios] [           main] o.s.orm.jpa.JpaTransactionManager        : Initiating transaction commit
2024-12-13T17:57:25.063-03:00 DEBUG 7396 --- [gesusuarios] [           main] o.s.orm.jpa.JpaTransactionManager        : Committing JPA transaction on EntityManager [SessionImpl(836151601<open>)]
2024-12-13T17:57:25.063-03:00 DEBUG 7396 --- [gesusuarios] [           main] o.h.e.t.internal.TransactionImpl         : committing
2024-12-13T17:57:25.063-03:00 DEBUG 7396 --- [gesusuarios] [           main] o.h.e.i.AbstractFlushingEventListener    : Processing flush-time cascades
2024-12-13T17:57:25.063-03:00 DEBUG 7396 --- [gesusuarios] [           main] o.h.e.i.AbstractFlushingEventListener    : Dirty checking collections
2024-12-13T17:57:25.064-03:00 DEBUG 7396 --- [gesusuarios] [           main] o.h.e.i.AbstractFlushingEventListener    : Flushed: 0 insertions, 0 updates, 0 deletions to 1 objects
2024-12-13T17:57:25.064-03:00 DEBUG 7396 --- [gesusuarios] [           main] o.h.e.i.AbstractFlushingEventListener    : Flushed: 0 (re)creations, 0 updates, 0 removals to 0 collections
2024-12-13T17:57:25.064-03:00 DEBUG 7396 --- [gesusuarios] [           main] o.hibernate.internal.util.EntityPrinter  : Listing entities:
2024-12-13T17:57:25.064-03:00 DEBUG 7396 --- [gesusuarios] [           main] o.hibernate.internal.util.EntityPrinter  : com.microusuarios.gesusuarios.model.Usuario{password=password123, address=123 Main St, birthdate=1990-01-01, id=73, email=testuser@example.com, username=testUser}
2024-12-13T17:57:25.070-03:00 DEBUG 7396 --- [gesusuarios] [           main] o.s.orm.jpa.JpaTransactionManager        : Closing JPA EntityManager [SessionImpl(836151601<open>)] after transaction
2024-12-13T17:57:25.070-03:00 DEBUG 7396 --- [gesusuarios] [           main] org.springframework.test.context.cache   : Spring test ApplicationContext cache statistics: [DefaultContextCache@64aee729 size = 2, maxSize = 32, parentContextCount = 0, hitCount = 175, missCount = 2, failureCount = 0]
2024-12-13T17:57:25.070-03:00 DEBUG 7396 --- [gesusuarios] [           main] o.s.orm.jpa.JpaTransactionManager        : Creating new transaction with name [org.springframework.data.jpa.repository.support.SimpleJpaRepository.save]: PROPAGATION_REQUIRED,ISOLATION_DEFAULT
2024-12-13T17:57:25.070-03:00 DEBUG 7396 --- [gesusuarios] [           main] o.s.orm.jpa.JpaTransactionManager        : Opened new EntityManager [SessionImpl(868051365<open>)] for JPA transaction
2024-12-13T17:57:25.070-03:00 DEBUG 7396 --- [gesusuarios] [           main] o.h.e.t.internal.TransactionImpl         : On TransactionImpl creation, JpaCompliance#isJpaTransactionComplianceEnabled == false
2024-12-13T17:57:25.070-03:00 DEBUG 7396 --- [gesusuarios] [           main] o.h.e.t.internal.TransactionImpl         : begin
2024-12-13T17:57:25.070-03:00 DEBUG 7396 --- [gesusuarios] [           main] o.s.orm.jpa.JpaTransactionManager        : Exposing JPA transaction as JDBC [org.springframework.orm.jpa.vendor.HibernateJpaDialect$HibernateConnectionHandle@3d566c75]
2024-12-13T17:57:25.070-03:00 DEBUG 7396 --- [gesusuarios] [           main] o.h.j.internal.PersistenceUnitUtilImpl   : jakarta.persistence.PersistenceUnitUtil.getIdentifier is only intended to work with enhanced entities (although Hibernate also adapts this support to its proxies); however the passed entity was not enhanced (nor a proxy).. may not be able to read identifier
2024-12-13T17:57:25.074-03:00 DEBUG 7396 --- [gesusuarios] [           main] org.hibernate.orm.sql.ast.create         : Created new SQL alias : u1_0
2024-12-13T17:57:25.074-03:00 DEBUG 7396 --- [gesusuarios] [           main] org.hibernate.orm.sql.ast.create         : Registration of TableGroup [StandardTableGroup(com.microusuarios.gesusuarios.model.Usuario)] with identifierForTableGroup [com.microusuarios.gesusuarios.model.Usuario] for NavigablePath [com.microusuarios.gesusuarios.model.Usuario] 
2024-12-13T17:57:25.074-03:00 DEBUG 7396 --- [gesusuarios] [           main] org.hibernate.orm.results.graph.AST      : DomainResult Graph:
 \-EntityResultImpl [com.microusuarios.gesusuarios.model.Usuario]
 |  +-BasicFetch [com.microusuarios.gesusuarios.model.Usuario.address]
 |  +-BasicFetch [com.microusuarios.gesusuarios.model.Usuario.birthdate]
 |  +-BasicFetch [com.microusuarios.gesusuarios.model.Usuario.email]
 |  +-BasicFetch [com.microusuarios.gesusuarios.model.Usuario.password]
 |  \-BasicFetch [com.microusuarios.gesusuarios.model.Usuario.username]

2024-12-13T17:57:25.074-03:00 DEBUG 7396 --- [gesusuarios] [           main] org.hibernate.orm.sql.ast.tree           : SQL AST Tree:
    SelectStatement {
      FromClause {
        StandardTableGroup (u1 : com.microusuarios.gesusuarios.model.Usuario) {
          primaryTableReference : usuarios as u1_0
        }
      }
    }

2024-12-13T17:57:25.074-03:00 DEBUG 7396 --- [gesusuarios] [           main] org.hibernate.orm.sql.exec               : Skipping reading Query result cache data: cache-enabled = false, cache-mode = IGNORE
2024-12-13T17:57:25.074-03:00 DEBUG 7396 --- [gesusuarios] [           main] org.hibernate.orm.results                : Initializer list:
	  com.microusuarios.gesusuarios.model.Usuario -> EntityResultInitializer(com.microusuarios.gesusuarios.model.Usuario)@1449942232 (SingleTableEntityPersister(com.microusuarios.gesusuarios.model.Usuario))

2024-12-13T17:57:25.074-03:00 DEBUG 7396 --- [gesusuarios] [           main] org.hibernate.SQL                        : select u1_0.id,u1_0.address,u1_0.birthdate,u1_0.email,u1_0.password,u1_0.username from usuarios u1_0 where u1_0.id=?
2024-12-13T17:57:25.093-03:00 DEBUG 7396 --- [gesusuarios] [           main] o.hibernate.orm.results.loading.entity   : (EntityResultInitializer) Hydrated EntityKey (com.microusuarios.gesusuarios.model.Usuario): 73
2024-12-13T17:57:25.094-03:00 DEBUG 7396 --- [gesusuarios] [           main] o.hibernate.orm.results.loading.entity   : (EntityResultInitializer) Created new entity instance [com.microusuarios.gesusuarios.model.Usuario#73] : 545677430
2024-12-13T17:57:25.094-03:00 DEBUG 7396 --- [gesusuarios] [           main] org.hibernate.orm.results                : Extracted JDBC value [1] - [123 Main St]
2024-12-13T17:57:25.094-03:00 DEBUG 7396 --- [gesusuarios] [           main] org.hibernate.orm.results                : Extracted JDBC value [2] - [1990-01-01]
2024-12-13T17:57:25.094-03:00 DEBUG 7396 --- [gesusuarios] [           main] org.hibernate.orm.results                : Extracted JDBC value [3] - [testuser@example.com]
2024-12-13T17:57:25.094-03:00 DEBUG 7396 --- [gesusuarios] [           main] org.hibernate.orm.results                : Extracted JDBC value [4] - [password123]
2024-12-13T17:57:25.094-03:00 DEBUG 7396 --- [gesusuarios] [           main] org.hibernate.orm.results                : Extracted JDBC value [5] - [testUser]
2024-12-13T17:57:25.094-03:00 DEBUG 7396 --- [gesusuarios] [           main] o.hibernate.orm.results.loading.entity   : (EntityResultInitializer) Done materializing entityInstance : com.microusuarios.gesusuarios.model.Usuario#73
2024-12-13T17:57:25.094-03:00 DEBUG 7396 --- [gesusuarios] [           main] org.hibernate.orm.results.loading        : Calling top-level assembler (0 / 1) : org.hibernate.sql.results.graph.entity.internal.EntityAssembler@14b87222
2024-12-13T17:57:25.094-03:00 DEBUG 7396 --- [gesusuarios] [           main] o.s.orm.jpa.JpaTransactionManager        : Initiating transaction commit
2024-12-13T17:57:25.094-03:00 DEBUG 7396 --- [gesusuarios] [           main] o.s.orm.jpa.JpaTransactionManager        : Committing JPA transaction on EntityManager [SessionImpl(868051365<open>)]
2024-12-13T17:57:25.094-03:00 DEBUG 7396 --- [gesusuarios] [           main] o.h.e.t.internal.TransactionImpl         : committing
2024-12-13T17:57:25.094-03:00 DEBUG 7396 --- [gesusuarios] [           main] o.h.e.i.AbstractFlushingEventListener    : Processing flush-time cascades
2024-12-13T17:57:25.094-03:00 DEBUG 7396 --- [gesusuarios] [           main] o.h.e.i.AbstractFlushingEventListener    : Dirty checking collections
2024-12-13T17:57:25.097-03:00 DEBUG 7396 --- [gesusuarios] [           main] o.h.e.i.AbstractFlushingEventListener    : Flushed: 0 insertions, 1 updates, 0 deletions to 1 objects
2024-12-13T17:57:25.097-03:00 DEBUG 7396 --- [gesusuarios] [           main] o.h.e.i.AbstractFlushingEventListener    : Flushed: 0 (re)creations, 0 updates, 0 removals to 0 collections
2024-12-13T17:57:25.097-03:00 DEBUG 7396 --- [gesusuarios] [           main] o.hibernate.internal.util.EntityPrinter  : Listing entities:
2024-12-13T17:57:25.098-03:00 DEBUG 7396 --- [gesusuarios] [           main] o.hibernate.internal.util.EntityPrinter  : com.microusuarios.gesusuarios.model.Usuario{password=password123, address=123 Main St, birthdate=1990-01-01, id=73, email=testuser@example.com, username=updatedUser}
2024-12-13T17:57:25.103-03:00 DEBUG 7396 --- [gesusuarios] [           main] org.hibernate.SQL                        : update usuarios set address=?,birthdate=?,email=?,password=?,username=? where id=?
2024-12-13T17:57:25.115-03:00 DEBUG 7396 --- [gesusuarios] [           main] o.s.orm.jpa.JpaTransactionManager        : Closing JPA EntityManager [SessionImpl(868051365<open>)] after transaction
2024-12-13T17:57:25.115-03:00 DEBUG 7396 --- [gesusuarios] [           main] o.s.orm.jpa.JpaTransactionManager        : Creating new transaction with name [org.springframework.data.jpa.repository.support.SimpleJpaRepository.findById]: PROPAGATION_REQUIRED,ISOLATION_DEFAULT,readOnly
2024-12-13T17:57:25.115-03:00 DEBUG 7396 --- [gesusuarios] [           main] o.s.orm.jpa.JpaTransactionManager        : Opened new EntityManager [SessionImpl(660682951<open>)] for JPA transaction
2024-12-13T17:57:25.115-03:00 DEBUG 7396 --- [gesusuarios] [           main] o.s.jdbc.datasource.DataSourceUtils      : Setting JDBC Connection [HikariProxyConnection@1893977904 wrapping oracle.jdbc.driver.T4CConnection@7f720b8b] read-only
2024-12-13T17:57:25.116-03:00 DEBUG 7396 --- [gesusuarios] [           main] o.h.e.t.internal.TransactionImpl         : On TransactionImpl creation, JpaCompliance#isJpaTransactionComplianceEnabled == false
2024-12-13T17:57:25.116-03:00 DEBUG 7396 --- [gesusuarios] [           main] o.h.e.t.internal.TransactionImpl         : begin
2024-12-13T17:57:25.116-03:00 DEBUG 7396 --- [gesusuarios] [           main] o.s.orm.jpa.JpaTransactionManager        : Exposing JPA transaction as JDBC [org.springframework.orm.jpa.vendor.HibernateJpaDialect$HibernateConnectionHandle@3a56dff0]
2024-12-13T17:57:25.116-03:00 DEBUG 7396 --- [gesusuarios] [           main] org.hibernate.orm.sql.exec               : Skipping reading Query result cache data: cache-enabled = false, cache-mode = IGNORE
2024-12-13T17:57:25.116-03:00 DEBUG 7396 --- [gesusuarios] [           main] org.hibernate.orm.results                : Initializer list:
	  com.microusuarios.gesusuarios.model.Usuario -> EntityResultInitializer(com.microusuarios.gesusuarios.model.Usuario)@1987357186 (SingleTableEntityPersister(com.microusuarios.gesusuarios.model.Usuario))

2024-12-13T17:57:25.116-03:00 DEBUG 7396 --- [gesusuarios] [           main] org.hibernate.SQL                        : select u1_0.id,u1_0.address,u1_0.birthdate,u1_0.email,u1_0.password,u1_0.username from usuarios u1_0 where u1_0.id=?
2024-12-13T17:57:25.133-03:00 DEBUG 7396 --- [gesusuarios] [           main] o.hibernate.orm.results.loading.entity   : (EntityResultInitializer) Hydrated EntityKey (com.microusuarios.gesusuarios.model.Usuario): 73
2024-12-13T17:57:25.133-03:00 DEBUG 7396 --- [gesusuarios] [           main] o.hibernate.orm.results.loading.entity   : (EntityResultInitializer) Created new entity instance [com.microusuarios.gesusuarios.model.Usuario#73] : 975973653
2024-12-13T17:57:25.133-03:00 DEBUG 7396 --- [gesusuarios] [           main] org.hibernate.orm.results                : Extracted JDBC value [1] - [123 Main St]
2024-12-13T17:57:25.133-03:00 DEBUG 7396 --- [gesusuarios] [           main] org.hibernate.orm.results                : Extracted JDBC value [2] - [1990-01-01]
2024-12-13T17:57:25.133-03:00 DEBUG 7396 --- [gesusuarios] [           main] org.hibernate.orm.results                : Extracted JDBC value [3] - [testuser@example.com]
2024-12-13T17:57:25.133-03:00 DEBUG 7396 --- [gesusuarios] [           main] org.hibernate.orm.results                : Extracted JDBC value [4] - [password123]
2024-12-13T17:57:25.133-03:00 DEBUG 7396 --- [gesusuarios] [           main] org.hibernate.orm.results                : Extracted JDBC value [5] - [updatedUser]
2024-12-13T17:57:25.133-03:00 DEBUG 7396 --- [gesusuarios] [           main] o.hibernate.orm.results.loading.entity   : (EntityResultInitializer) Done materializing entityInstance : com.microusuarios.gesusuarios.model.Usuario#73
2024-12-13T17:57:25.133-03:00 DEBUG 7396 --- [gesusuarios] [           main] org.hibernate.orm.results.loading        : Calling top-level assembler (0 / 1) : org.hibernate.sql.results.graph.entity.internal.EntityAssembler@695bb4e8
2024-12-13T17:57:25.134-03:00 DEBUG 7396 --- [gesusuarios] [           main] o.s.orm.jpa.JpaTransactionManager        : Initiating transaction commit
2024-12-13T17:57:25.134-03:00 DEBUG 7396 --- [gesusuarios] [           main] o.s.orm.jpa.JpaTransactionManager        : Committing JPA transaction on EntityManager [SessionImpl(660682951<open>)]
2024-12-13T17:57:25.134-03:00 DEBUG 7396 --- [gesusuarios] [           main] o.h.e.t.internal.TransactionImpl         : committing
2024-12-13T17:57:25.148-03:00 DEBUG 7396 --- [gesusuarios] [           main] o.s.jdbc.datasource.DataSourceUtils      : Resetting read-only flag of JDBC Connection [HikariProxyConnection@1893977904 wrapping oracle.jdbc.driver.T4CConnection@7f720b8b]
2024-12-13T17:57:25.148-03:00 DEBUG 7396 --- [gesusuarios] [           main] o.s.orm.jpa.JpaTransactionManager        : Closing JPA EntityManager [SessionImpl(660682951<open>)] after transaction
2024-12-13T17:57:25.148-03:00 DEBUG 7396 --- [gesusuarios] [           main] org.springframework.test.context.cache   : Spring test ApplicationContext cache statistics: [DefaultContextCache@64aee729 size = 2, maxSize = 32, parentContextCount = 0, hitCount = 176, missCount = 2, failureCount = 0]
2024-12-13T17:57:25.149-03:00 DEBUG 7396 --- [gesusuarios] [           main] org.springframework.test.context.cache   : Spring test ApplicationContext cache statistics: [DefaultContextCache@64aee729 size = 2, maxSize = 32, parentContextCount = 0, hitCount = 177, missCount = 2, failureCount = 0]
2024-12-13T17:57:25.149-03:00 DEBUG 7396 --- [gesusuarios] [           main] org.springframework.test.context.cache   : Spring test ApplicationContext cache statistics: [DefaultContextCache@64aee729 size = 2, maxSize = 32, parentContextCount = 0, hitCount = 178, missCount = 2, failureCount = 0]
2024-12-13T17:57:25.149-03:00 DEBUG 7396 --- [gesusuarios] [           main] org.springframework.test.context.cache   : Spring test ApplicationContext cache statistics: [DefaultContextCache@64aee729 size = 2, maxSize = 32, parentContextCount = 0, hitCount = 179, missCount = 2, failureCount = 0]
2024-12-13T17:57:25.150-03:00 DEBUG 7396 --- [gesusuarios] [           main] org.springframework.test.context.cache   : Spring test ApplicationContext cache statistics: [DefaultContextCache@64aee729 size = 2, maxSize = 32, parentContextCount = 0, hitCount = 180, missCount = 2, failureCount = 0]
2024-12-13T17:57:25.151-03:00 DEBUG 7396 --- [gesusuarios] [           main] org.springframework.test.context.cache   : Spring test ApplicationContext cache statistics: [DefaultContextCache@64aee729 size = 2, maxSize = 32, parentContextCount = 0, hitCount = 181, missCount = 2, failureCount = 0]
2024-12-13T17:57:25.151-03:00 DEBUG 7396 --- [gesusuarios] [           main] org.springframework.test.context.cache   : Spring test ApplicationContext cache statistics: [DefaultContextCache@64aee729 size = 2, maxSize = 32, parentContextCount = 0, hitCount = 182, missCount = 2, failureCount = 0]
2024-12-13T17:57:25.151-03:00 DEBUG 7396 --- [gesusuarios] [           main] .c.s.DirtiesContextTestExecutionListener : After test method: class [UsuarioRepositoryTest], method [testUpdateUsuario], class annotated with @DirtiesContext [false] with mode [null], method annotated with @DirtiesContext [false] with mode [null]
2024-12-13T17:57:25.152-03:00 DEBUG 7396 --- [gesusuarios] [           main] o.s.t.c.w.ServletTestExecutionListener   : Resetting RequestContextHolder for test class com.microusuarios.gesusuarios.repository.UsuarioRepositoryTest
]]></system-out>
  </testcase>
  <testcase name="testDeleteUsuario" classname="com.microusuarios.gesusuarios.repository.UsuarioRepositoryTest" time="0.089">
    <system-out><![CDATA[2024-12-13T17:57:25.152-03:00 DEBUG 7396 --- [gesusuarios] [           main] org.springframework.test.context.cache   : Spring test ApplicationContext cache statistics: [DefaultContextCache@64aee729 size = 2, maxSize = 32, parentContextCount = 0, hitCount = 183, missCount = 2, failureCount = 0]
2024-12-13T17:57:25.152-03:00 DEBUG 7396 --- [gesusuarios] [           main] o.s.t.c.w.ServletTestExecutionListener   : Setting up MockHttpServletRequest, MockHttpServletResponse, ServletWebRequest, and RequestContextHolder for test class com.microusuarios.gesusuarios.repository.UsuarioRepositoryTest
2024-12-13T17:57:25.152-03:00 DEBUG 7396 --- [gesusuarios] [           main] DependencyInjectionTestExecutionListener : Performing dependency injection for test class com.microusuarios.gesusuarios.repository.UsuarioRepositoryTest
2024-12-13T17:57:25.152-03:00 DEBUG 7396 --- [gesusuarios] [           main] org.springframework.test.context.cache   : Spring test ApplicationContext cache statistics: [DefaultContextCache@64aee729 size = 2, maxSize = 32, parentContextCount = 0, hitCount = 184, missCount = 2, failureCount = 0]
2024-12-13T17:57:25.153-03:00 DEBUG 7396 --- [gesusuarios] [           main] org.springframework.test.context.cache   : Spring test ApplicationContext cache statistics: [DefaultContextCache@64aee729 size = 2, maxSize = 32, parentContextCount = 0, hitCount = 185, missCount = 2, failureCount = 0]
2024-12-13T17:57:25.153-03:00 DEBUG 7396 --- [gesusuarios] [           main] sContextBeforeModesTestExecutionListener : Before test method: class [UsuarioRepositoryTest], method [testDeleteUsuario], class annotated with @DirtiesContext [false] with mode [null], method annotated with @DirtiesContext [false] with mode [null]
2024-12-13T17:57:25.154-03:00 DEBUG 7396 --- [gesusuarios] [           main] org.springframework.test.context.cache   : Spring test ApplicationContext cache statistics: [DefaultContextCache@64aee729 size = 2, maxSize = 32, parentContextCount = 0, hitCount = 186, missCount = 2, failureCount = 0]
2024-12-13T17:57:25.154-03:00 DEBUG 7396 --- [gesusuarios] [           main] org.springframework.test.context.cache   : Spring test ApplicationContext cache statistics: [DefaultContextCache@64aee729 size = 2, maxSize = 32, parentContextCount = 0, hitCount = 187, missCount = 2, failureCount = 0]
2024-12-13T17:57:25.155-03:00 DEBUG 7396 --- [gesusuarios] [           main] o.s.orm.jpa.JpaTransactionManager        : Creating new transaction with name [org.springframework.data.jpa.repository.support.SimpleJpaRepository.save]: PROPAGATION_REQUIRED,ISOLATION_DEFAULT
2024-12-13T17:57:25.155-03:00 DEBUG 7396 --- [gesusuarios] [           main] o.s.orm.jpa.JpaTransactionManager        : Opened new EntityManager [SessionImpl(1494095747<open>)] for JPA transaction
2024-12-13T17:57:25.155-03:00 DEBUG 7396 --- [gesusuarios] [           main] o.h.e.t.internal.TransactionImpl         : On TransactionImpl creation, JpaCompliance#isJpaTransactionComplianceEnabled == false
2024-12-13T17:57:25.156-03:00 DEBUG 7396 --- [gesusuarios] [           main] o.h.e.t.internal.TransactionImpl         : begin
2024-12-13T17:57:25.156-03:00 DEBUG 7396 --- [gesusuarios] [           main] o.s.orm.jpa.JpaTransactionManager        : Exposing JPA transaction as JDBC [org.springframework.orm.jpa.vendor.HibernateJpaDialect$HibernateConnectionHandle@21947bcc]
2024-12-13T17:57:25.156-03:00 DEBUG 7396 --- [gesusuarios] [           main] o.h.j.internal.PersistenceUnitUtilImpl   : jakarta.persistence.PersistenceUnitUtil.getIdentifier is only intended to work with enhanced entities (although Hibernate also adapts this support to its proxies); however the passed entity was not enhanced (nor a proxy).. may not be able to read identifier
2024-12-13T17:57:25.156-03:00 DEBUG 7396 --- [gesusuarios] [           main] org.hibernate.engine.spi.ActionQueue     : Executing identity-insert immediately
2024-12-13T17:57:25.156-03:00 DEBUG 7396 --- [gesusuarios] [           main] org.hibernate.SQL                        : insert into usuarios (address,birthdate,email,password,username,id) values (?,?,?,?,?,default)
2024-12-13T17:57:25.166-03:00 DEBUG 7396 --- [gesusuarios] [           main] org.hibernate.orm.results                : Initializer list is empty
2024-12-13T17:57:25.166-03:00 DEBUG 7396 --- [gesusuarios] [           main] org.hibernate.orm.results.loading        : Calling top-level assembler (0 / 1) : org.hibernate.sql.results.graph.basic.BasicResultAssembler@6cd77424
2024-12-13T17:57:25.166-03:00 DEBUG 7396 --- [gesusuarios] [           main] org.hibernate.orm.results                : Extracted JDBC value [0] - [74]
2024-12-13T17:57:25.166-03:00 DEBUG 7396 --- [gesusuarios] [           main] o.h.id.IdentifierGeneratorHelper         : Extracted generated values [com.microusuarios.gesusuarios.model.Usuario]: [Ljava.lang.Object;@4f2eeae5
2024-12-13T17:57:25.167-03:00 DEBUG 7396 --- [gesusuarios] [           main] o.s.orm.jpa.JpaTransactionManager        : Initiating transaction commit
2024-12-13T17:57:25.167-03:00 DEBUG 7396 --- [gesusuarios] [           main] o.s.orm.jpa.JpaTransactionManager        : Committing JPA transaction on EntityManager [SessionImpl(1494095747<open>)]
2024-12-13T17:57:25.167-03:00 DEBUG 7396 --- [gesusuarios] [           main] o.h.e.t.internal.TransactionImpl         : committing
2024-12-13T17:57:25.167-03:00 DEBUG 7396 --- [gesusuarios] [           main] o.h.e.i.AbstractFlushingEventListener    : Processing flush-time cascades
2024-12-13T17:57:25.167-03:00 DEBUG 7396 --- [gesusuarios] [           main] o.h.e.i.AbstractFlushingEventListener    : Dirty checking collections
2024-12-13T17:57:25.167-03:00 DEBUG 7396 --- [gesusuarios] [           main] o.h.e.i.AbstractFlushingEventListener    : Flushed: 0 insertions, 0 updates, 0 deletions to 1 objects
2024-12-13T17:57:25.167-03:00 DEBUG 7396 --- [gesusuarios] [           main] o.h.e.i.AbstractFlushingEventListener    : Flushed: 0 (re)creations, 0 updates, 0 removals to 0 collections
2024-12-13T17:57:25.167-03:00 DEBUG 7396 --- [gesusuarios] [           main] o.hibernate.internal.util.EntityPrinter  : Listing entities:
2024-12-13T17:57:25.167-03:00 DEBUG 7396 --- [gesusuarios] [           main] o.hibernate.internal.util.EntityPrinter  : com.microusuarios.gesusuarios.model.Usuario{password=password123, address=123 Main St, birthdate=1990-01-01, id=74, email=testuser@example.com, username=testUser}
2024-12-13T17:57:25.174-03:00 DEBUG 7396 --- [gesusuarios] [           main] o.s.orm.jpa.JpaTransactionManager        : Closing JPA EntityManager [SessionImpl(1494095747<open>)] after transaction
2024-12-13T17:57:25.174-03:00 DEBUG 7396 --- [gesusuarios] [           main] org.springframework.test.context.cache   : Spring test ApplicationContext cache statistics: [DefaultContextCache@64aee729 size = 2, maxSize = 32, parentContextCount = 0, hitCount = 188, missCount = 2, failureCount = 0]
2024-12-13T17:57:25.175-03:00 DEBUG 7396 --- [gesusuarios] [           main] o.s.orm.jpa.JpaTransactionManager        : Creating new transaction with name [org.springframework.data.jpa.repository.support.SimpleJpaRepository.deleteById]: PROPAGATION_REQUIRED,ISOLATION_DEFAULT
2024-12-13T17:57:25.175-03:00 DEBUG 7396 --- [gesusuarios] [           main] o.s.orm.jpa.JpaTransactionManager        : Opened new EntityManager [SessionImpl(1877460783<open>)] for JPA transaction
2024-12-13T17:57:25.175-03:00 DEBUG 7396 --- [gesusuarios] [           main] o.h.e.t.internal.TransactionImpl         : On TransactionImpl creation, JpaCompliance#isJpaTransactionComplianceEnabled == false
2024-12-13T17:57:25.175-03:00 DEBUG 7396 --- [gesusuarios] [           main] o.h.e.t.internal.TransactionImpl         : begin
2024-12-13T17:57:25.175-03:00 DEBUG 7396 --- [gesusuarios] [           main] o.s.orm.jpa.JpaTransactionManager        : Exposing JPA transaction as JDBC [org.springframework.orm.jpa.vendor.HibernateJpaDialect$HibernateConnectionHandle@470ef7b]
2024-12-13T17:57:25.175-03:00 DEBUG 7396 --- [gesusuarios] [           main] org.hibernate.orm.sql.exec               : Skipping reading Query result cache data: cache-enabled = false, cache-mode = IGNORE
2024-12-13T17:57:25.176-03:00 DEBUG 7396 --- [gesusuarios] [           main] org.hibernate.orm.results                : Initializer list:
	  com.microusuarios.gesusuarios.model.Usuario -> EntityResultInitializer(com.microusuarios.gesusuarios.model.Usuario)@1406258565 (SingleTableEntityPersister(com.microusuarios.gesusuarios.model.Usuario))

2024-12-13T17:57:25.176-03:00 DEBUG 7396 --- [gesusuarios] [           main] org.hibernate.SQL                        : select u1_0.id,u1_0.address,u1_0.birthdate,u1_0.email,u1_0.password,u1_0.username from usuarios u1_0 where u1_0.id=?
2024-12-13T17:57:25.191-03:00 DEBUG 7396 --- [gesusuarios] [           main] o.hibernate.orm.results.loading.entity   : (EntityResultInitializer) Hydrated EntityKey (com.microusuarios.gesusuarios.model.Usuario): 74
2024-12-13T17:57:25.191-03:00 DEBUG 7396 --- [gesusuarios] [           main] o.hibernate.orm.results.loading.entity   : (EntityResultInitializer) Created new entity instance [com.microusuarios.gesusuarios.model.Usuario#74] : 957823797
2024-12-13T17:57:25.192-03:00 DEBUG 7396 --- [gesusuarios] [           main] org.hibernate.orm.results                : Extracted JDBC value [1] - [123 Main St]
2024-12-13T17:57:25.192-03:00 DEBUG 7396 --- [gesusuarios] [           main] org.hibernate.orm.results                : Extracted JDBC value [2] - [1990-01-01]
2024-12-13T17:57:25.192-03:00 DEBUG 7396 --- [gesusuarios] [           main] org.hibernate.orm.results                : Extracted JDBC value [3] - [testuser@example.com]
2024-12-13T17:57:25.192-03:00 DEBUG 7396 --- [gesusuarios] [           main] org.hibernate.orm.results                : Extracted JDBC value [4] - [password123]
2024-12-13T17:57:25.192-03:00 DEBUG 7396 --- [gesusuarios] [           main] org.hibernate.orm.results                : Extracted JDBC value [5] - [testUser]
2024-12-13T17:57:25.192-03:00 DEBUG 7396 --- [gesusuarios] [           main] o.hibernate.orm.results.loading.entity   : (EntityResultInitializer) Done materializing entityInstance : com.microusuarios.gesusuarios.model.Usuario#74
2024-12-13T17:57:25.192-03:00 DEBUG 7396 --- [gesusuarios] [           main] org.hibernate.orm.results.loading        : Calling top-level assembler (0 / 1) : org.hibernate.sql.results.graph.entity.internal.EntityAssembler@64f77477
2024-12-13T17:57:25.192-03:00 DEBUG 7396 --- [gesusuarios] [           main] o.h.j.internal.PersistenceUnitUtilImpl   : jakarta.persistence.PersistenceUnitUtil.getIdentifier is only intended to work with enhanced entities (although Hibernate also adapts this support to its proxies); however the passed entity was not enhanced (nor a proxy).. may not be able to read identifier
2024-12-13T17:57:25.200-03:00 DEBUG 7396 --- [gesusuarios] [           main] o.s.orm.jpa.JpaTransactionManager        : Initiating transaction commit
2024-12-13T17:57:25.200-03:00 DEBUG 7396 --- [gesusuarios] [           main] o.s.orm.jpa.JpaTransactionManager        : Committing JPA transaction on EntityManager [SessionImpl(1877460783<open>)]
2024-12-13T17:57:25.200-03:00 DEBUG 7396 --- [gesusuarios] [           main] o.h.e.t.internal.TransactionImpl         : committing
2024-12-13T17:57:25.201-03:00 DEBUG 7396 --- [gesusuarios] [           main] o.h.e.i.AbstractFlushingEventListener    : Processing flush-time cascades
2024-12-13T17:57:25.201-03:00 DEBUG 7396 --- [gesusuarios] [           main] o.h.e.i.AbstractFlushingEventListener    : Dirty checking collections
2024-12-13T17:57:25.201-03:00 DEBUG 7396 --- [gesusuarios] [           main] o.h.e.i.AbstractFlushingEventListener    : Flushed: 0 insertions, 0 updates, 1 deletions to 1 objects
2024-12-13T17:57:25.201-03:00 DEBUG 7396 --- [gesusuarios] [           main] o.h.e.i.AbstractFlushingEventListener    : Flushed: 0 (re)creations, 0 updates, 0 removals to 0 collections
2024-12-13T17:57:25.201-03:00 DEBUG 7396 --- [gesusuarios] [           main] o.hibernate.internal.util.EntityPrinter  : Listing entities:
2024-12-13T17:57:25.201-03:00 DEBUG 7396 --- [gesusuarios] [           main] o.hibernate.internal.util.EntityPrinter  : com.microusuarios.gesusuarios.model.Usuario{password=password123, address=123 Main St, birthdate=1990-01-01, id=74, email=testuser@example.com, username=testUser}
2024-12-13T17:57:25.203-03:00 DEBUG 7396 --- [gesusuarios] [           main] org.hibernate.SQL                        : delete from usuarios where id=?
2024-12-13T17:57:25.217-03:00 DEBUG 7396 --- [gesusuarios] [           main] o.s.orm.jpa.JpaTransactionManager        : Closing JPA EntityManager [SessionImpl(1877460783<open>)] after transaction
2024-12-13T17:57:25.217-03:00 DEBUG 7396 --- [gesusuarios] [           main] o.s.orm.jpa.JpaTransactionManager        : Creating new transaction with name [org.springframework.data.jpa.repository.support.SimpleJpaRepository.findById]: PROPAGATION_REQUIRED,ISOLATION_DEFAULT,readOnly
2024-12-13T17:57:25.218-03:00 DEBUG 7396 --- [gesusuarios] [           main] o.s.orm.jpa.JpaTransactionManager        : Opened new EntityManager [SessionImpl(59354246<open>)] for JPA transaction
2024-12-13T17:57:25.218-03:00 DEBUG 7396 --- [gesusuarios] [           main] o.s.jdbc.datasource.DataSourceUtils      : Setting JDBC Connection [HikariProxyConnection@984545107 wrapping oracle.jdbc.driver.T4CConnection@7f720b8b] read-only
2024-12-13T17:57:25.218-03:00 DEBUG 7396 --- [gesusuarios] [           main] o.h.e.t.internal.TransactionImpl         : On TransactionImpl creation, JpaCompliance#isJpaTransactionComplianceEnabled == false
2024-12-13T17:57:25.218-03:00 DEBUG 7396 --- [gesusuarios] [           main] o.h.e.t.internal.TransactionImpl         : begin
2024-12-13T17:57:25.218-03:00 DEBUG 7396 --- [gesusuarios] [           main] o.s.orm.jpa.JpaTransactionManager        : Exposing JPA transaction as JDBC [org.springframework.orm.jpa.vendor.HibernateJpaDialect$HibernateConnectionHandle@26026196]
2024-12-13T17:57:25.218-03:00 DEBUG 7396 --- [gesusuarios] [           main] org.hibernate.orm.sql.exec               : Skipping reading Query result cache data: cache-enabled = false, cache-mode = IGNORE
2024-12-13T17:57:25.218-03:00 DEBUG 7396 --- [gesusuarios] [           main] org.hibernate.orm.results                : Initializer list:
	  com.microusuarios.gesusuarios.model.Usuario -> EntityResultInitializer(com.microusuarios.gesusuarios.model.Usuario)@1497390589 (SingleTableEntityPersister(com.microusuarios.gesusuarios.model.Usuario))

2024-12-13T17:57:25.218-03:00 DEBUG 7396 --- [gesusuarios] [           main] org.hibernate.SQL                        : select u1_0.id,u1_0.address,u1_0.birthdate,u1_0.email,u1_0.password,u1_0.username from usuarios u1_0 where u1_0.id=?
2024-12-13T17:57:25.235-03:00 DEBUG 7396 --- [gesusuarios] [           main] o.s.orm.jpa.JpaTransactionManager        : Initiating transaction commit
2024-12-13T17:57:25.235-03:00 DEBUG 7396 --- [gesusuarios] [           main] o.s.orm.jpa.JpaTransactionManager        : Committing JPA transaction on EntityManager [SessionImpl(59354246<open>)]
2024-12-13T17:57:25.235-03:00 DEBUG 7396 --- [gesusuarios] [           main] o.h.e.t.internal.TransactionImpl         : committing
2024-12-13T17:57:25.240-03:00 DEBUG 7396 --- [gesusuarios] [           main] o.s.jdbc.datasource.DataSourceUtils      : Resetting read-only flag of JDBC Connection [HikariProxyConnection@984545107 wrapping oracle.jdbc.driver.T4CConnection@7f720b8b]
2024-12-13T17:57:25.240-03:00 DEBUG 7396 --- [gesusuarios] [           main] o.s.orm.jpa.JpaTransactionManager        : Closing JPA EntityManager [SessionImpl(59354246<open>)] after transaction
2024-12-13T17:57:25.241-03:00 DEBUG 7396 --- [gesusuarios] [           main] org.springframework.test.context.cache   : Spring test ApplicationContext cache statistics: [DefaultContextCache@64aee729 size = 2, maxSize = 32, parentContextCount = 0, hitCount = 189, missCount = 2, failureCount = 0]
2024-12-13T17:57:25.241-03:00 DEBUG 7396 --- [gesusuarios] [           main] org.springframework.test.context.cache   : Spring test ApplicationContext cache statistics: [DefaultContextCache@64aee729 size = 2, maxSize = 32, parentContextCount = 0, hitCount = 190, missCount = 2, failureCount = 0]
2024-12-13T17:57:25.241-03:00 DEBUG 7396 --- [gesusuarios] [           main] org.springframework.test.context.cache   : Spring test ApplicationContext cache statistics: [DefaultContextCache@64aee729 size = 2, maxSize = 32, parentContextCount = 0, hitCount = 191, missCount = 2, failureCount = 0]
2024-12-13T17:57:25.241-03:00 DEBUG 7396 --- [gesusuarios] [           main] org.springframework.test.context.cache   : Spring test ApplicationContext cache statistics: [DefaultContextCache@64aee729 size = 2, maxSize = 32, parentContextCount = 0, hitCount = 192, missCount = 2, failureCount = 0]
2024-12-13T17:57:25.241-03:00 DEBUG 7396 --- [gesusuarios] [           main] org.springframework.test.context.cache   : Spring test ApplicationContext cache statistics: [DefaultContextCache@64aee729 size = 2, maxSize = 32, parentContextCount = 0, hitCount = 193, missCount = 2, failureCount = 0]
2024-12-13T17:57:25.242-03:00 DEBUG 7396 --- [gesusuarios] [           main] org.springframework.test.context.cache   : Spring test ApplicationContext cache statistics: [DefaultContextCache@64aee729 size = 2, maxSize = 32, parentContextCount = 0, hitCount = 194, missCount = 2, failureCount = 0]
2024-12-13T17:57:25.242-03:00 DEBUG 7396 --- [gesusuarios] [           main] org.springframework.test.context.cache   : Spring test ApplicationContext cache statistics: [DefaultContextCache@64aee729 size = 2, maxSize = 32, parentContextCount = 0, hitCount = 195, missCount = 2, failureCount = 0]
2024-12-13T17:57:25.242-03:00 DEBUG 7396 --- [gesusuarios] [           main] .c.s.DirtiesContextTestExecutionListener : After test method: class [UsuarioRepositoryTest], method [testDeleteUsuario], class annotated with @DirtiesContext [false] with mode [null], method annotated with @DirtiesContext [false] with mode [null]
2024-12-13T17:57:25.242-03:00 DEBUG 7396 --- [gesusuarios] [           main] o.s.t.c.w.ServletTestExecutionListener   : Resetting RequestContextHolder for test class com.microusuarios.gesusuarios.repository.UsuarioRepositoryTest
]]></system-out>
  </testcase>
  <testcase name="testFindAllUsuarios" classname="com.microusuarios.gesusuarios.repository.UsuarioRepositoryTest" time="0.245">
    <system-out><![CDATA[2024-12-13T17:57:25.243-03:00 DEBUG 7396 --- [gesusuarios] [           main] org.springframework.test.context.cache   : Spring test ApplicationContext cache statistics: [DefaultContextCache@64aee729 size = 2, maxSize = 32, parentContextCount = 0, hitCount = 196, missCount = 2, failureCount = 0]
2024-12-13T17:57:25.243-03:00 DEBUG 7396 --- [gesusuarios] [           main] o.s.t.c.w.ServletTestExecutionListener   : Setting up MockHttpServletRequest, MockHttpServletResponse, ServletWebRequest, and RequestContextHolder for test class com.microusuarios.gesusuarios.repository.UsuarioRepositoryTest
2024-12-13T17:57:25.243-03:00 DEBUG 7396 --- [gesusuarios] [           main] DependencyInjectionTestExecutionListener : Performing dependency injection for test class com.microusuarios.gesusuarios.repository.UsuarioRepositoryTest
2024-12-13T17:57:25.243-03:00 DEBUG 7396 --- [gesusuarios] [           main] org.springframework.test.context.cache   : Spring test ApplicationContext cache statistics: [DefaultContextCache@64aee729 size = 2, maxSize = 32, parentContextCount = 0, hitCount = 197, missCount = 2, failureCount = 0]
2024-12-13T17:57:25.243-03:00 DEBUG 7396 --- [gesusuarios] [           main] org.springframework.test.context.cache   : Spring test ApplicationContext cache statistics: [DefaultContextCache@64aee729 size = 2, maxSize = 32, parentContextCount = 0, hitCount = 198, missCount = 2, failureCount = 0]
2024-12-13T17:57:25.244-03:00 DEBUG 7396 --- [gesusuarios] [           main] sContextBeforeModesTestExecutionListener : Before test method: class [UsuarioRepositoryTest], method [testFindAllUsuarios], class annotated with @DirtiesContext [false] with mode [null], method annotated with @DirtiesContext [false] with mode [null]
2024-12-13T17:57:25.244-03:00 DEBUG 7396 --- [gesusuarios] [           main] org.springframework.test.context.cache   : Spring test ApplicationContext cache statistics: [DefaultContextCache@64aee729 size = 2, maxSize = 32, parentContextCount = 0, hitCount = 199, missCount = 2, failureCount = 0]
2024-12-13T17:57:25.244-03:00 DEBUG 7396 --- [gesusuarios] [           main] org.springframework.test.context.cache   : Spring test ApplicationContext cache statistics: [DefaultContextCache@64aee729 size = 2, maxSize = 32, parentContextCount = 0, hitCount = 200, missCount = 2, failureCount = 0]
2024-12-13T17:57:25.246-03:00 DEBUG 7396 --- [gesusuarios] [           main] o.s.orm.jpa.JpaTransactionManager        : Creating new transaction with name [org.springframework.data.jpa.repository.support.SimpleJpaRepository.save]: PROPAGATION_REQUIRED,ISOLATION_DEFAULT
2024-12-13T17:57:25.246-03:00 DEBUG 7396 --- [gesusuarios] [           main] o.s.orm.jpa.JpaTransactionManager        : Opened new EntityManager [SessionImpl(845439684<open>)] for JPA transaction
2024-12-13T17:57:25.246-03:00 DEBUG 7396 --- [gesusuarios] [           main] o.h.e.t.internal.TransactionImpl         : On TransactionImpl creation, JpaCompliance#isJpaTransactionComplianceEnabled == false
2024-12-13T17:57:25.246-03:00 DEBUG 7396 --- [gesusuarios] [           main] o.h.e.t.internal.TransactionImpl         : begin
2024-12-13T17:57:25.246-03:00 DEBUG 7396 --- [gesusuarios] [           main] o.s.orm.jpa.JpaTransactionManager        : Exposing JPA transaction as JDBC [org.springframework.orm.jpa.vendor.HibernateJpaDialect$HibernateConnectionHandle@51564775]
2024-12-13T17:57:25.246-03:00 DEBUG 7396 --- [gesusuarios] [           main] o.h.j.internal.PersistenceUnitUtilImpl   : jakarta.persistence.PersistenceUnitUtil.getIdentifier is only intended to work with enhanced entities (although Hibernate also adapts this support to its proxies); however the passed entity was not enhanced (nor a proxy).. may not be able to read identifier
2024-12-13T17:57:25.246-03:00 DEBUG 7396 --- [gesusuarios] [           main] org.hibernate.engine.spi.ActionQueue     : Executing identity-insert immediately
2024-12-13T17:57:25.246-03:00 DEBUG 7396 --- [gesusuarios] [           main] org.hibernate.SQL                        : insert into usuarios (address,birthdate,email,password,username,id) values (?,?,?,?,?,default)
2024-12-13T17:57:25.262-03:00 DEBUG 7396 --- [gesusuarios] [           main] org.hibernate.orm.results                : Initializer list is empty
2024-12-13T17:57:25.262-03:00 DEBUG 7396 --- [gesusuarios] [           main] org.hibernate.orm.results.loading        : Calling top-level assembler (0 / 1) : org.hibernate.sql.results.graph.basic.BasicResultAssembler@4b0dd5a7
2024-12-13T17:57:25.262-03:00 DEBUG 7396 --- [gesusuarios] [           main] org.hibernate.orm.results                : Extracted JDBC value [0] - [75]
2024-12-13T17:57:25.262-03:00 DEBUG 7396 --- [gesusuarios] [           main] o.h.id.IdentifierGeneratorHelper         : Extracted generated values [com.microusuarios.gesusuarios.model.Usuario]: [Ljava.lang.Object;@68ac2625
2024-12-13T17:57:25.263-03:00 DEBUG 7396 --- [gesusuarios] [           main] o.s.orm.jpa.JpaTransactionManager        : Initiating transaction commit
2024-12-13T17:57:25.263-03:00 DEBUG 7396 --- [gesusuarios] [           main] o.s.orm.jpa.JpaTransactionManager        : Committing JPA transaction on EntityManager [SessionImpl(845439684<open>)]
2024-12-13T17:57:25.263-03:00 DEBUG 7396 --- [gesusuarios] [           main] o.h.e.t.internal.TransactionImpl         : committing
2024-12-13T17:57:25.263-03:00 DEBUG 7396 --- [gesusuarios] [           main] o.h.e.i.AbstractFlushingEventListener    : Processing flush-time cascades
2024-12-13T17:57:25.263-03:00 DEBUG 7396 --- [gesusuarios] [           main] o.h.e.i.AbstractFlushingEventListener    : Dirty checking collections
2024-12-13T17:57:25.263-03:00 DEBUG 7396 --- [gesusuarios] [           main] o.h.e.i.AbstractFlushingEventListener    : Flushed: 0 insertions, 0 updates, 0 deletions to 1 objects
2024-12-13T17:57:25.263-03:00 DEBUG 7396 --- [gesusuarios] [           main] o.h.e.i.AbstractFlushingEventListener    : Flushed: 0 (re)creations, 0 updates, 0 removals to 0 collections
2024-12-13T17:57:25.263-03:00 DEBUG 7396 --- [gesusuarios] [           main] o.hibernate.internal.util.EntityPrinter  : Listing entities:
2024-12-13T17:57:25.263-03:00 DEBUG 7396 --- [gesusuarios] [           main] o.hibernate.internal.util.EntityPrinter  : com.microusuarios.gesusuarios.model.Usuario{password=password123, address=123 Main St, birthdate=1990-01-01, id=75, email=testuser@example.com, username=testUser}
2024-12-13T17:57:25.275-03:00 DEBUG 7396 --- [gesusuarios] [           main] o.s.orm.jpa.JpaTransactionManager        : Closing JPA EntityManager [SessionImpl(845439684<open>)] after transaction
2024-12-13T17:57:25.276-03:00 DEBUG 7396 --- [gesusuarios] [           main] org.springframework.test.context.cache   : Spring test ApplicationContext cache statistics: [DefaultContextCache@64aee729 size = 2, maxSize = 32, parentContextCount = 0, hitCount = 201, missCount = 2, failureCount = 0]
2024-12-13T17:57:25.276-03:00 DEBUG 7396 --- [gesusuarios] [           main] o.s.orm.jpa.JpaTransactionManager        : Creating new transaction with name [org.springframework.data.jpa.repository.support.SimpleJpaRepository.save]: PROPAGATION_REQUIRED,ISOLATION_DEFAULT
2024-12-13T17:57:25.276-03:00 DEBUG 7396 --- [gesusuarios] [           main] o.s.orm.jpa.JpaTransactionManager        : Opened new EntityManager [SessionImpl(1845952657<open>)] for JPA transaction
2024-12-13T17:57:25.276-03:00 DEBUG 7396 --- [gesusuarios] [           main] o.h.e.t.internal.TransactionImpl         : On TransactionImpl creation, JpaCompliance#isJpaTransactionComplianceEnabled == false
2024-12-13T17:57:25.276-03:00 DEBUG 7396 --- [gesusuarios] [           main] o.h.e.t.internal.TransactionImpl         : begin
2024-12-13T17:57:25.276-03:00 DEBUG 7396 --- [gesusuarios] [           main] o.s.orm.jpa.JpaTransactionManager        : Exposing JPA transaction as JDBC [org.springframework.orm.jpa.vendor.HibernateJpaDialect$HibernateConnectionHandle@4470917]
2024-12-13T17:57:25.276-03:00 DEBUG 7396 --- [gesusuarios] [           main] o.h.j.internal.PersistenceUnitUtilImpl   : jakarta.persistence.PersistenceUnitUtil.getIdentifier is only intended to work with enhanced entities (although Hibernate also adapts this support to its proxies); however the passed entity was not enhanced (nor a proxy).. may not be able to read identifier
2024-12-13T17:57:25.276-03:00 DEBUG 7396 --- [gesusuarios] [           main] org.hibernate.engine.spi.ActionQueue     : Executing identity-insert immediately
2024-12-13T17:57:25.277-03:00 DEBUG 7396 --- [gesusuarios] [           main] org.hibernate.SQL                        : insert into usuarios (address,birthdate,email,password,username,id) values (?,?,?,?,?,default)
2024-12-13T17:57:25.285-03:00 DEBUG 7396 --- [gesusuarios] [           main] org.hibernate.orm.results                : Initializer list is empty
2024-12-13T17:57:25.285-03:00 DEBUG 7396 --- [gesusuarios] [           main] org.hibernate.orm.results.loading        : Calling top-level assembler (0 / 1) : org.hibernate.sql.results.graph.basic.BasicResultAssembler@e7e826
2024-12-13T17:57:25.285-03:00 DEBUG 7396 --- [gesusuarios] [           main] org.hibernate.orm.results                : Extracted JDBC value [0] - [76]
2024-12-13T17:57:25.285-03:00 DEBUG 7396 --- [gesusuarios] [           main] o.h.id.IdentifierGeneratorHelper         : Extracted generated values [com.microusuarios.gesusuarios.model.Usuario]: [Ljava.lang.Object;@61fd621e
2024-12-13T17:57:25.285-03:00 DEBUG 7396 --- [gesusuarios] [           main] o.s.orm.jpa.JpaTransactionManager        : Initiating transaction commit
2024-12-13T17:57:25.286-03:00 DEBUG 7396 --- [gesusuarios] [           main] o.s.orm.jpa.JpaTransactionManager        : Committing JPA transaction on EntityManager [SessionImpl(1845952657<open>)]
2024-12-13T17:57:25.286-03:00 DEBUG 7396 --- [gesusuarios] [           main] o.h.e.t.internal.TransactionImpl         : committing
2024-12-13T17:57:25.286-03:00 DEBUG 7396 --- [gesusuarios] [           main] o.h.e.i.AbstractFlushingEventListener    : Processing flush-time cascades
2024-12-13T17:57:25.286-03:00 DEBUG 7396 --- [gesusuarios] [           main] o.h.e.i.AbstractFlushingEventListener    : Dirty checking collections
2024-12-13T17:57:25.286-03:00 DEBUG 7396 --- [gesusuarios] [           main] o.h.e.i.AbstractFlushingEventListener    : Flushed: 0 insertions, 0 updates, 0 deletions to 1 objects
2024-12-13T17:57:25.286-03:00 DEBUG 7396 --- [gesusuarios] [           main] o.h.e.i.AbstractFlushingEventListener    : Flushed: 0 (re)creations, 0 updates, 0 removals to 0 collections
2024-12-13T17:57:25.286-03:00 DEBUG 7396 --- [gesusuarios] [           main] o.hibernate.internal.util.EntityPrinter  : Listing entities:
2024-12-13T17:57:25.286-03:00 DEBUG 7396 --- [gesusuarios] [           main] o.hibernate.internal.util.EntityPrinter  : com.microusuarios.gesusuarios.model.Usuario{password=password123, address=456 Another St, birthdate=1992-01-01, id=76, email=testuser2@example.com, username=testUser2}
2024-12-13T17:57:25.293-03:00 DEBUG 7396 --- [gesusuarios] [           main] o.s.orm.jpa.JpaTransactionManager        : Closing JPA EntityManager [SessionImpl(1845952657<open>)] after transaction
2024-12-13T17:57:25.293-03:00 DEBUG 7396 --- [gesusuarios] [           main] o.s.orm.jpa.JpaTransactionManager        : Creating new transaction with name [org.springframework.data.jpa.repository.support.SimpleJpaRepository.findAll]: PROPAGATION_REQUIRED,ISOLATION_DEFAULT,readOnly
2024-12-13T17:57:25.293-03:00 DEBUG 7396 --- [gesusuarios] [           main] o.s.orm.jpa.JpaTransactionManager        : Opened new EntityManager [SessionImpl(686584438<open>)] for JPA transaction
2024-12-13T17:57:25.293-03:00 DEBUG 7396 --- [gesusuarios] [           main] o.s.jdbc.datasource.DataSourceUtils      : Setting JDBC Connection [HikariProxyConnection@556554940 wrapping oracle.jdbc.driver.T4CConnection@7f720b8b] read-only
2024-12-13T17:57:25.293-03:00 DEBUG 7396 --- [gesusuarios] [           main] o.h.e.t.internal.TransactionImpl         : On TransactionImpl creation, JpaCompliance#isJpaTransactionComplianceEnabled == false
2024-12-13T17:57:25.293-03:00 DEBUG 7396 --- [gesusuarios] [           main] o.h.e.t.internal.TransactionImpl         : begin
2024-12-13T17:57:25.293-03:00 DEBUG 7396 --- [gesusuarios] [           main] o.s.orm.jpa.JpaTransactionManager        : Exposing JPA transaction as JDBC [org.springframework.orm.jpa.vendor.HibernateJpaDialect$HibernateConnectionHandle@1eb53067]
2024-12-13T17:57:25.407-03:00 DEBUG 7396 --- [gesusuarios] [           main] org.hibernate.orm.sql.ast.create         : Created new SQL alias : u1_0
2024-12-13T17:57:25.407-03:00 DEBUG 7396 --- [gesusuarios] [           main] org.hibernate.orm.sql.ast.create         : Registration of TableGroup [StandardTableGroup(com.microusuarios.gesusuarios.model.Usuario(1))] with identifierForTableGroup [com.microusuarios.gesusuarios.model.Usuario] for NavigablePath [com.microusuarios.gesusuarios.model.Usuario] 
2024-12-13T17:57:25.418-03:00 DEBUG 7396 --- [gesusuarios] [           main] org.hibernate.orm.results.graph.AST      : DomainResult Graph:
 \-EntityResultImpl [com.microusuarios.gesusuarios.model.Usuario(1)]
 |  +-BasicFetch [com.microusuarios.gesusuarios.model.Usuario(1).address]
 |  +-BasicFetch [com.microusuarios.gesusuarios.model.Usuario(1).birthdate]
 |  +-BasicFetch [com.microusuarios.gesusuarios.model.Usuario(1).email]
 |  +-BasicFetch [com.microusuarios.gesusuarios.model.Usuario(1).password]
 |  \-BasicFetch [com.microusuarios.gesusuarios.model.Usuario(1).username]

2024-12-13T17:57:25.418-03:00 DEBUG 7396 --- [gesusuarios] [           main] org.hibernate.orm.sql.ast.tree           : SQL AST Tree:
    SelectStatement {
      FromClause {
        StandardTableGroup (u1 : com.microusuarios.gesusuarios.model.Usuario(1)) {
          primaryTableReference : usuarios as u1_0
        }
      }
    }

2024-12-13T17:57:25.422-03:00 DEBUG 7396 --- [gesusuarios] [           main] org.hibernate.orm.sql.exec               : Skipping reading Query result cache data: cache-enabled = false, cache-mode = NORMAL
2024-12-13T17:57:25.422-03:00 DEBUG 7396 --- [gesusuarios] [           main] org.hibernate.orm.results                : Initializer list:
	  com.microusuarios.gesusuarios.model.Usuario(1) -> EntityResultInitializer(com.microusuarios.gesusuarios.model.Usuario(1))@199007498 (SingleTableEntityPersister(com.microusuarios.gesusuarios.model.Usuario))

2024-12-13T17:57:25.422-03:00 DEBUG 7396 --- [gesusuarios] [           main] org.hibernate.SQL                        : select u1_0.id,u1_0.address,u1_0.birthdate,u1_0.email,u1_0.password,u1_0.username from usuarios u1_0
2024-12-13T17:57:25.439-03:00 DEBUG 7396 --- [gesusuarios] [           main] org.hibernate.orm.results                : Extracted JDBC value [0] - [59]
2024-12-13T17:57:25.439-03:00 DEBUG 7396 --- [gesusuarios] [           main] o.hibernate.orm.results.loading.entity   : (EntityResultInitializer) Hydrated EntityKey (com.microusuarios.gesusuarios.model.Usuario(1)): 59
2024-12-13T17:57:25.439-03:00 DEBUG 7396 --- [gesusuarios] [           main] o.hibernate.orm.results.loading.entity   : (EntityResultInitializer) Created new entity instance [com.microusuarios.gesusuarios.model.Usuario(1)#59] : 1550225518
2024-12-13T17:57:25.440-03:00 DEBUG 7396 --- [gesusuarios] [           main] org.hibernate.orm.results                : Extracted JDBC value [1] - [123 Main St]
2024-12-13T17:57:25.440-03:00 DEBUG 7396 --- [gesusuarios] [           main] org.hibernate.orm.results                : Extracted JDBC value [2] - [1990-01-01]
2024-12-13T17:57:25.440-03:00 DEBUG 7396 --- [gesusuarios] [           main] org.hibernate.orm.results                : Extracted JDBC value [3] - [testuser@example.com]
2024-12-13T17:57:25.440-03:00 DEBUG 7396 --- [gesusuarios] [           main] org.hibernate.orm.results                : Extracted JDBC value [4] - [password123]
2024-12-13T17:57:25.440-03:00 DEBUG 7396 --- [gesusuarios] [           main] org.hibernate.orm.results                : Extracted JDBC value [5] - [testUser]
2024-12-13T17:57:25.440-03:00 DEBUG 7396 --- [gesusuarios] [           main] o.hibernate.orm.results.loading.entity   : (EntityResultInitializer) Done materializing entityInstance : com.microusuarios.gesusuarios.model.Usuario(1)#59
2024-12-13T17:57:25.440-03:00 DEBUG 7396 --- [gesusuarios] [           main] org.hibernate.orm.results.loading        : Calling top-level assembler (0 / 1) : org.hibernate.sql.results.graph.entity.internal.EntityAssembler@2e1504a1
2024-12-13T17:57:25.440-03:00 DEBUG 7396 --- [gesusuarios] [           main] org.hibernate.orm.results                : Extracted JDBC value [0] - [60]
2024-12-13T17:57:25.440-03:00 DEBUG 7396 --- [gesusuarios] [           main] o.hibernate.orm.results.loading.entity   : (EntityResultInitializer) Hydrated EntityKey (com.microusuarios.gesusuarios.model.Usuario(1)): 60
2024-12-13T17:57:25.440-03:00 DEBUG 7396 --- [gesusuarios] [           main] o.hibernate.orm.results.loading.entity   : (EntityResultInitializer) Created new entity instance [com.microusuarios.gesusuarios.model.Usuario(1)#60] : 1184371949
2024-12-13T17:57:25.440-03:00 DEBUG 7396 --- [gesusuarios] [           main] org.hibernate.orm.results                : Extracted JDBC value [1] - [123 Main St]
2024-12-13T17:57:25.441-03:00 DEBUG 7396 --- [gesusuarios] [           main] org.hibernate.orm.results                : Extracted JDBC value [2] - [1990-01-01]
2024-12-13T17:57:25.441-03:00 DEBUG 7396 --- [gesusuarios] [           main] org.hibernate.orm.results                : Extracted JDBC value [3] - [testuser@example.com]
2024-12-13T17:57:25.441-03:00 DEBUG 7396 --- [gesusuarios] [           main] org.hibernate.orm.results                : Extracted JDBC value [4] - [password123]
2024-12-13T17:57:25.441-03:00 DEBUG 7396 --- [gesusuarios] [           main] org.hibernate.orm.results                : Extracted JDBC value [5] - [testUser]
2024-12-13T17:57:25.441-03:00 DEBUG 7396 --- [gesusuarios] [           main] o.hibernate.orm.results.loading.entity   : (EntityResultInitializer) Done materializing entityInstance : com.microusuarios.gesusuarios.model.Usuario(1)#60
2024-12-13T17:57:25.441-03:00 DEBUG 7396 --- [gesusuarios] [           main] org.hibernate.orm.results.loading        : Calling top-level assembler (0 / 1) : org.hibernate.sql.results.graph.entity.internal.EntityAssembler@2e1504a1
2024-12-13T17:57:25.441-03:00 DEBUG 7396 --- [gesusuarios] [           main] org.hibernate.orm.results                : Extracted JDBC value [0] - [61]
2024-12-13T17:57:25.441-03:00 DEBUG 7396 --- [gesusuarios] [           main] o.hibernate.orm.results.loading.entity   : (EntityResultInitializer) Hydrated EntityKey (com.microusuarios.gesusuarios.model.Usuario(1)): 61
2024-12-13T17:57:25.441-03:00 DEBUG 7396 --- [gesusuarios] [           main] o.hibernate.orm.results.loading.entity   : (EntityResultInitializer) Created new entity instance [com.microusuarios.gesusuarios.model.Usuario(1)#61] : 510421585
2024-12-13T17:57:25.441-03:00 DEBUG 7396 --- [gesusuarios] [           main] org.hibernate.orm.results                : Extracted JDBC value [1] - [123 Main St]
2024-12-13T17:57:25.441-03:00 DEBUG 7396 --- [gesusuarios] [           main] org.hibernate.orm.results                : Extracted JDBC value [2] - [1990-01-01]
2024-12-13T17:57:25.441-03:00 DEBUG 7396 --- [gesusuarios] [           main] org.hibernate.orm.results                : Extracted JDBC value [3] - [testuser@example.com]
2024-12-13T17:57:25.441-03:00 DEBUG 7396 --- [gesusuarios] [           main] org.hibernate.orm.results                : Extracted JDBC value [4] - [password123]
2024-12-13T17:57:25.441-03:00 DEBUG 7396 --- [gesusuarios] [           main] org.hibernate.orm.results                : Extracted JDBC value [5] - [updatedUser]
2024-12-13T17:57:25.441-03:00 DEBUG 7396 --- [gesusuarios] [           main] o.hibernate.orm.results.loading.entity   : (EntityResultInitializer) Done materializing entityInstance : com.microusuarios.gesusuarios.model.Usuario(1)#61
2024-12-13T17:57:25.441-03:00 DEBUG 7396 --- [gesusuarios] [           main] org.hibernate.orm.results.loading        : Calling top-level assembler (0 / 1) : org.hibernate.sql.results.graph.entity.internal.EntityAssembler@2e1504a1
2024-12-13T17:57:25.441-03:00 DEBUG 7396 --- [gesusuarios] [           main] org.hibernate.orm.results                : Extracted JDBC value [0] - [63]
2024-12-13T17:57:25.441-03:00 DEBUG 7396 --- [gesusuarios] [           main] o.hibernate.orm.results.loading.entity   : (EntityResultInitializer) Hydrated EntityKey (com.microusuarios.gesusuarios.model.Usuario(1)): 63
2024-12-13T17:57:25.442-03:00 DEBUG 7396 --- [gesusuarios] [           main] o.hibernate.orm.results.loading.entity   : (EntityResultInitializer) Created new entity instance [com.microusuarios.gesusuarios.model.Usuario(1)#63] : 1123817854
2024-12-13T17:57:25.442-03:00 DEBUG 7396 --- [gesusuarios] [           main] org.hibernate.orm.results                : Extracted JDBC value [1] - [123 Main St]
2024-12-13T17:57:25.442-03:00 DEBUG 7396 --- [gesusuarios] [           main] org.hibernate.orm.results                : Extracted JDBC value [2] - [1990-01-01]
2024-12-13T17:57:25.442-03:00 DEBUG 7396 --- [gesusuarios] [           main] org.hibernate.orm.results                : Extracted JDBC value [3] - [testuser@example.com]
2024-12-13T17:57:25.442-03:00 DEBUG 7396 --- [gesusuarios] [           main] org.hibernate.orm.results                : Extracted JDBC value [4] - [password123]
2024-12-13T17:57:25.442-03:00 DEBUG 7396 --- [gesusuarios] [           main] org.hibernate.orm.results                : Extracted JDBC value [5] - [testUser]
2024-12-13T17:57:25.442-03:00 DEBUG 7396 --- [gesusuarios] [           main] o.hibernate.orm.results.loading.entity   : (EntityResultInitializer) Done materializing entityInstance : com.microusuarios.gesusuarios.model.Usuario(1)#63
2024-12-13T17:57:25.442-03:00 DEBUG 7396 --- [gesusuarios] [           main] org.hibernate.orm.results.loading        : Calling top-level assembler (0 / 1) : org.hibernate.sql.results.graph.entity.internal.EntityAssembler@2e1504a1
2024-12-13T17:57:25.442-03:00 DEBUG 7396 --- [gesusuarios] [           main] org.hibernate.orm.results                : Extracted JDBC value [0] - [64]
2024-12-13T17:57:25.442-03:00 DEBUG 7396 --- [gesusuarios] [           main] o.hibernate.orm.results.loading.entity   : (EntityResultInitializer) Hydrated EntityKey (com.microusuarios.gesusuarios.model.Usuario(1)): 64
2024-12-13T17:57:25.443-03:00 DEBUG 7396 --- [gesusuarios] [           main] o.hibernate.orm.results.loading.entity   : (EntityResultInitializer) Created new entity instance [com.microusuarios.gesusuarios.model.Usuario(1)#64] : 1068544617
2024-12-13T17:57:25.443-03:00 DEBUG 7396 --- [gesusuarios] [           main] org.hibernate.orm.results                : Extracted JDBC value [1] - [456 Another St]
2024-12-13T17:57:25.443-03:00 DEBUG 7396 --- [gesusuarios] [           main] org.hibernate.orm.results                : Extracted JDBC value [2] - [1992-01-01]
2024-12-13T17:57:25.443-03:00 DEBUG 7396 --- [gesusuarios] [           main] org.hibernate.orm.results                : Extracted JDBC value [3] - [testuser2@example.com]
2024-12-13T17:57:25.443-03:00 DEBUG 7396 --- [gesusuarios] [           main] org.hibernate.orm.results                : Extracted JDBC value [4] - [password123]
2024-12-13T17:57:25.443-03:00 DEBUG 7396 --- [gesusuarios] [           main] org.hibernate.orm.results                : Extracted JDBC value [5] - [testUser2]
2024-12-13T17:57:25.443-03:00 DEBUG 7396 --- [gesusuarios] [           main] o.hibernate.orm.results.loading.entity   : (EntityResultInitializer) Done materializing entityInstance : com.microusuarios.gesusuarios.model.Usuario(1)#64
2024-12-13T17:57:25.443-03:00 DEBUG 7396 --- [gesusuarios] [           main] org.hibernate.orm.results.loading        : Calling top-level assembler (0 / 1) : org.hibernate.sql.results.graph.entity.internal.EntityAssembler@2e1504a1
2024-12-13T17:57:25.443-03:00 DEBUG 7396 --- [gesusuarios] [           main] org.hibernate.orm.results                : Extracted JDBC value [0] - [3]
2024-12-13T17:57:25.443-03:00 DEBUG 7396 --- [gesusuarios] [           main] o.hibernate.orm.results.loading.entity   : (EntityResultInitializer) Hydrated EntityKey (com.microusuarios.gesusuarios.model.Usuario(1)): 3
2024-12-13T17:57:25.443-03:00 DEBUG 7396 --- [gesusuarios] [           main] o.hibernate.orm.results.loading.entity   : (EntityResultInitializer) Created new entity instance [com.microusuarios.gesusuarios.model.Usuario(1)#3] : 488991496
2024-12-13T17:57:25.443-03:00 DEBUG 7396 --- [gesusuarios] [           main] org.hibernate.orm.results                : Extracted JDBC value [1] - [safds]
2024-12-13T17:57:25.443-03:00 DEBUG 7396 --- [gesusuarios] [           main] org.hibernate.orm.results                : Extracted JDBC value [2] - [1978-04-12]
2024-12-13T17:57:25.443-03:00 DEBUG 7396 --- [gesusuarios] [           main] org.hibernate.orm.results                : Extracted JDBC value [3] - [lalo@gmail.com]
2024-12-13T17:57:25.443-03:00 DEBUG 7396 --- [gesusuarios] [           main] org.hibernate.orm.results                : Extracted JDBC value [4] - [A123456]
2024-12-13T17:57:25.443-03:00 DEBUG 7396 --- [gesusuarios] [           main] org.hibernate.orm.results                : Extracted JDBC value [5] - [lalo]
2024-12-13T17:57:25.444-03:00 DEBUG 7396 --- [gesusuarios] [           main] o.hibernate.orm.results.loading.entity   : (EntityResultInitializer) Done materializing entityInstance : com.microusuarios.gesusuarios.model.Usuario(1)#3
2024-12-13T17:57:25.444-03:00 DEBUG 7396 --- [gesusuarios] [           main] org.hibernate.orm.results.loading        : Calling top-level assembler (0 / 1) : org.hibernate.sql.results.graph.entity.internal.EntityAssembler@2e1504a1
2024-12-13T17:57:25.444-03:00 DEBUG 7396 --- [gesusuarios] [           main] org.hibernate.orm.results                : Extracted JDBC value [0] - [41]
2024-12-13T17:57:25.444-03:00 DEBUG 7396 --- [gesusuarios] [           main] o.hibernate.orm.results.loading.entity   : (EntityResultInitializer) Hydrated EntityKey (com.microusuarios.gesusuarios.model.Usuario(1)): 41
2024-12-13T17:57:25.444-03:00 DEBUG 7396 --- [gesusuarios] [           main] o.hibernate.orm.results.loading.entity   : (EntityResultInitializer) Created new entity instance [com.microusuarios.gesusuarios.model.Usuario(1)#41] : 144085869
2024-12-13T17:57:25.444-03:00 DEBUG 7396 --- [gesusuarios] [           main] org.hibernate.orm.results                : Extracted JDBC value [1] - [123 Main St]
2024-12-13T17:57:25.444-03:00 DEBUG 7396 --- [gesusuarios] [           main] org.hibernate.orm.results                : Extracted JDBC value [2] - [1990-01-01]
2024-12-13T17:57:25.444-03:00 DEBUG 7396 --- [gesusuarios] [           main] org.hibernate.orm.results                : Extracted JDBC value [3] - [testuser@example.com]
2024-12-13T17:57:25.444-03:00 DEBUG 7396 --- [gesusuarios] [           main] org.hibernate.orm.results                : Extracted JDBC value [4] - [password123]
2024-12-13T17:57:25.444-03:00 DEBUG 7396 --- [gesusuarios] [           main] org.hibernate.orm.results                : Extracted JDBC value [5] - [testUser]
2024-12-13T17:57:25.444-03:00 DEBUG 7396 --- [gesusuarios] [           main] o.hibernate.orm.results.loading.entity   : (EntityResultInitializer) Done materializing entityInstance : com.microusuarios.gesusuarios.model.Usuario(1)#41
2024-12-13T17:57:25.444-03:00 DEBUG 7396 --- [gesusuarios] [           main] org.hibernate.orm.results.loading        : Calling top-level assembler (0 / 1) : org.hibernate.sql.results.graph.entity.internal.EntityAssembler@2e1504a1
2024-12-13T17:57:25.444-03:00 DEBUG 7396 --- [gesusuarios] [           main] org.hibernate.orm.results                : Extracted JDBC value [0] - [42]
2024-12-13T17:57:25.444-03:00 DEBUG 7396 --- [gesusuarios] [           main] o.hibernate.orm.results.loading.entity   : (EntityResultInitializer) Hydrated EntityKey (com.microusuarios.gesusuarios.model.Usuario(1)): 42
2024-12-13T17:57:25.444-03:00 DEBUG 7396 --- [gesusuarios] [           main] o.hibernate.orm.results.loading.entity   : (EntityResultInitializer) Created new entity instance [com.microusuarios.gesusuarios.model.Usuario(1)#42] : 1367868349
2024-12-13T17:57:25.444-03:00 DEBUG 7396 --- [gesusuarios] [           main] org.hibernate.orm.results                : Extracted JDBC value [1] - [123 Main St]
2024-12-13T17:57:25.444-03:00 DEBUG 7396 --- [gesusuarios] [           main] org.hibernate.orm.results                : Extracted JDBC value [2] - [1990-01-01]
2024-12-13T17:57:25.444-03:00 DEBUG 7396 --- [gesusuarios] [           main] org.hibernate.orm.results                : Extracted JDBC value [3] - [testuser@example.com]
2024-12-13T17:57:25.444-03:00 DEBUG 7396 --- [gesusuarios] [           main] org.hibernate.orm.results                : Extracted JDBC value [4] - [password123]
2024-12-13T17:57:25.444-03:00 DEBUG 7396 --- [gesusuarios] [           main] org.hibernate.orm.results                : Extracted JDBC value [5] - [testUser]
2024-12-13T17:57:25.444-03:00 DEBUG 7396 --- [gesusuarios] [           main] o.hibernate.orm.results.loading.entity   : (EntityResultInitializer) Done materializing entityInstance : com.microusuarios.gesusuarios.model.Usuario(1)#42
2024-12-13T17:57:25.444-03:00 DEBUG 7396 --- [gesusuarios] [           main] org.hibernate.orm.results.loading        : Calling top-level assembler (0 / 1) : org.hibernate.sql.results.graph.entity.internal.EntityAssembler@2e1504a1
2024-12-13T17:57:25.444-03:00 DEBUG 7396 --- [gesusuarios] [           main] org.hibernate.orm.results                : Extracted JDBC value [0] - [43]
2024-12-13T17:57:25.444-03:00 DEBUG 7396 --- [gesusuarios] [           main] o.hibernate.orm.results.loading.entity   : (EntityResultInitializer) Hydrated EntityKey (com.microusuarios.gesusuarios.model.Usuario(1)): 43
2024-12-13T17:57:25.444-03:00 DEBUG 7396 --- [gesusuarios] [           main] o.hibernate.orm.results.loading.entity   : (EntityResultInitializer) Created new entity instance [com.microusuarios.gesusuarios.model.Usuario(1)#43] : 1796329503
2024-12-13T17:57:25.445-03:00 DEBUG 7396 --- [gesusuarios] [           main] org.hibernate.orm.results                : Extracted JDBC value [1] - [123 Main St]
2024-12-13T17:57:25.445-03:00 DEBUG 7396 --- [gesusuarios] [           main] org.hibernate.orm.results                : Extracted JDBC value [2] - [1990-01-01]
2024-12-13T17:57:25.445-03:00 DEBUG 7396 --- [gesusuarios] [           main] org.hibernate.orm.results                : Extracted JDBC value [3] - [testuser@example.com]
2024-12-13T17:57:25.445-03:00 DEBUG 7396 --- [gesusuarios] [           main] org.hibernate.orm.results                : Extracted JDBC value [4] - [password123]
2024-12-13T17:57:25.445-03:00 DEBUG 7396 --- [gesusuarios] [           main] org.hibernate.orm.results                : Extracted JDBC value [5] - [updatedUser]
2024-12-13T17:57:25.445-03:00 DEBUG 7396 --- [gesusuarios] [           main] o.hibernate.orm.results.loading.entity   : (EntityResultInitializer) Done materializing entityInstance : com.microusuarios.gesusuarios.model.Usuario(1)#43
2024-12-13T17:57:25.445-03:00 DEBUG 7396 --- [gesusuarios] [           main] org.hibernate.orm.results.loading        : Calling top-level assembler (0 / 1) : org.hibernate.sql.results.graph.entity.internal.EntityAssembler@2e1504a1
2024-12-13T17:57:25.445-03:00 DEBUG 7396 --- [gesusuarios] [           main] org.hibernate.orm.results                : Extracted JDBC value [0] - [45]
2024-12-13T17:57:25.445-03:00 DEBUG 7396 --- [gesusuarios] [           main] o.hibernate.orm.results.loading.entity   : (EntityResultInitializer) Hydrated EntityKey (com.microusuarios.gesusuarios.model.Usuario(1)): 45
2024-12-13T17:57:25.445-03:00 DEBUG 7396 --- [gesusuarios] [           main] o.hibernate.orm.results.loading.entity   : (EntityResultInitializer) Created new entity instance [com.microusuarios.gesusuarios.model.Usuario(1)#45] : 1574607710
2024-12-13T17:57:25.445-03:00 DEBUG 7396 --- [gesusuarios] [           main] org.hibernate.orm.results                : Extracted JDBC value [1] - [123 Main St]
2024-12-13T17:57:25.445-03:00 DEBUG 7396 --- [gesusuarios] [           main] org.hibernate.orm.results                : Extracted JDBC value [2] - [1990-01-01]
2024-12-13T17:57:25.445-03:00 DEBUG 7396 --- [gesusuarios] [           main] org.hibernate.orm.results                : Extracted JDBC value [3] - [testuser@example.com]
2024-12-13T17:57:25.445-03:00 DEBUG 7396 --- [gesusuarios] [           main] org.hibernate.orm.results                : Extracted JDBC value [4] - [password123]
2024-12-13T17:57:25.445-03:00 DEBUG 7396 --- [gesusuarios] [           main] org.hibernate.orm.results                : Extracted JDBC value [5] - [testUser]
2024-12-13T17:57:25.445-03:00 DEBUG 7396 --- [gesusuarios] [           main] o.hibernate.orm.results.loading.entity   : (EntityResultInitializer) Done materializing entityInstance : com.microusuarios.gesusuarios.model.Usuario(1)#45
2024-12-13T17:57:25.445-03:00 DEBUG 7396 --- [gesusuarios] [           main] org.hibernate.orm.results.loading        : Calling top-level assembler (0 / 1) : org.hibernate.sql.results.graph.entity.internal.EntityAssembler@2e1504a1
2024-12-13T17:57:25.451-03:00 DEBUG 7396 --- [gesusuarios] [           main] org.hibernate.orm.results                : Extracted JDBC value [0] - [46]
2024-12-13T17:57:25.451-03:00 DEBUG 7396 --- [gesusuarios] [           main] o.hibernate.orm.results.loading.entity   : (EntityResultInitializer) Hydrated EntityKey (com.microusuarios.gesusuarios.model.Usuario(1)): 46
2024-12-13T17:57:25.451-03:00 DEBUG 7396 --- [gesusuarios] [           main] o.hibernate.orm.results.loading.entity   : (EntityResultInitializer) Created new entity instance [com.microusuarios.gesusuarios.model.Usuario(1)#46] : 1642817139
2024-12-13T17:57:25.451-03:00 DEBUG 7396 --- [gesusuarios] [           main] org.hibernate.orm.results                : Extracted JDBC value [1] - [456 Another St]
2024-12-13T17:57:25.451-03:00 DEBUG 7396 --- [gesusuarios] [           main] org.hibernate.orm.results                : Extracted JDBC value [2] - [1992-01-01]
2024-12-13T17:57:25.451-03:00 DEBUG 7396 --- [gesusuarios] [           main] org.hibernate.orm.results                : Extracted JDBC value [3] - [testuser2@example.com]
2024-12-13T17:57:25.451-03:00 DEBUG 7396 --- [gesusuarios] [           main] org.hibernate.orm.results                : Extracted JDBC value [4] - [password123]
2024-12-13T17:57:25.451-03:00 DEBUG 7396 --- [gesusuarios] [           main] org.hibernate.orm.results                : Extracted JDBC value [5] - [testUser2]
2024-12-13T17:57:25.452-03:00 DEBUG 7396 --- [gesusuarios] [           main] o.hibernate.orm.results.loading.entity   : (EntityResultInitializer) Done materializing entityInstance : com.microusuarios.gesusuarios.model.Usuario(1)#46
2024-12-13T17:57:25.452-03:00 DEBUG 7396 --- [gesusuarios] [           main] org.hibernate.orm.results.loading        : Calling top-level assembler (0 / 1) : org.hibernate.sql.results.graph.entity.internal.EntityAssembler@2e1504a1
2024-12-13T17:57:25.452-03:00 DEBUG 7396 --- [gesusuarios] [           main] org.hibernate.orm.results                : Extracted JDBC value [0] - [65]
2024-12-13T17:57:25.452-03:00 DEBUG 7396 --- [gesusuarios] [           main] o.hibernate.orm.results.loading.entity   : (EntityResultInitializer) Hydrated EntityKey (com.microusuarios.gesusuarios.model.Usuario(1)): 65
2024-12-13T17:57:25.452-03:00 DEBUG 7396 --- [gesusuarios] [           main] o.hibernate.orm.results.loading.entity   : (EntityResultInitializer) Created new entity instance [com.microusuarios.gesusuarios.model.Usuario(1)#65] : 1886327832
2024-12-13T17:57:25.452-03:00 DEBUG 7396 --- [gesusuarios] [           main] org.hibernate.orm.results                : Extracted JDBC value [1] - [123 Main St]
2024-12-13T17:57:25.452-03:00 DEBUG 7396 --- [gesusuarios] [           main] org.hibernate.orm.results                : Extracted JDBC value [2] - [1990-01-01]
2024-12-13T17:57:25.452-03:00 DEBUG 7396 --- [gesusuarios] [           main] org.hibernate.orm.results                : Extracted JDBC value [3] - [testuser@example.com]
2024-12-13T17:57:25.452-03:00 DEBUG 7396 --- [gesusuarios] [           main] org.hibernate.orm.results                : Extracted JDBC value [4] - [password123]
2024-12-13T17:57:25.452-03:00 DEBUG 7396 --- [gesusuarios] [           main] org.hibernate.orm.results                : Extracted JDBC value [5] - [testUser]
2024-12-13T17:57:25.452-03:00 DEBUG 7396 --- [gesusuarios] [           main] o.hibernate.orm.results.loading.entity   : (EntityResultInitializer) Done materializing entityInstance : com.microusuarios.gesusuarios.model.Usuario(1)#65
2024-12-13T17:57:25.452-03:00 DEBUG 7396 --- [gesusuarios] [           main] org.hibernate.orm.results.loading        : Calling top-level assembler (0 / 1) : org.hibernate.sql.results.graph.entity.internal.EntityAssembler@2e1504a1
2024-12-13T17:57:25.452-03:00 DEBUG 7396 --- [gesusuarios] [           main] org.hibernate.orm.results                : Extracted JDBC value [0] - [66]
2024-12-13T17:57:25.452-03:00 DEBUG 7396 --- [gesusuarios] [           main] o.hibernate.orm.results.loading.entity   : (EntityResultInitializer) Hydrated EntityKey (com.microusuarios.gesusuarios.model.Usuario(1)): 66
2024-12-13T17:57:25.452-03:00 DEBUG 7396 --- [gesusuarios] [           main] o.hibernate.orm.results.loading.entity   : (EntityResultInitializer) Created new entity instance [com.microusuarios.gesusuarios.model.Usuario(1)#66] : 362521378
2024-12-13T17:57:25.452-03:00 DEBUG 7396 --- [gesusuarios] [           main] org.hibernate.orm.results                : Extracted JDBC value [1] - [123 Main St]
2024-12-13T17:57:25.452-03:00 DEBUG 7396 --- [gesusuarios] [           main] org.hibernate.orm.results                : Extracted JDBC value [2] - [1990-01-01]
2024-12-13T17:57:25.452-03:00 DEBUG 7396 --- [gesusuarios] [           main] org.hibernate.orm.results                : Extracted JDBC value [3] - [testuser@example.com]
2024-12-13T17:57:25.452-03:00 DEBUG 7396 --- [gesusuarios] [           main] org.hibernate.orm.results                : Extracted JDBC value [4] - [password123]
2024-12-13T17:57:25.452-03:00 DEBUG 7396 --- [gesusuarios] [           main] org.hibernate.orm.results                : Extracted JDBC value [5] - [testUser]
2024-12-13T17:57:25.452-03:00 DEBUG 7396 --- [gesusuarios] [           main] o.hibernate.orm.results.loading.entity   : (EntityResultInitializer) Done materializing entityInstance : com.microusuarios.gesusuarios.model.Usuario(1)#66
2024-12-13T17:57:25.452-03:00 DEBUG 7396 --- [gesusuarios] [           main] org.hibernate.orm.results.loading        : Calling top-level assembler (0 / 1) : org.hibernate.sql.results.graph.entity.internal.EntityAssembler@2e1504a1
2024-12-13T17:57:25.452-03:00 DEBUG 7396 --- [gesusuarios] [           main] org.hibernate.orm.results                : Extracted JDBC value [0] - [67]
2024-12-13T17:57:25.453-03:00 DEBUG 7396 --- [gesusuarios] [           main] o.hibernate.orm.results.loading.entity   : (EntityResultInitializer) Hydrated EntityKey (com.microusuarios.gesusuarios.model.Usuario(1)): 67
2024-12-13T17:57:25.453-03:00 DEBUG 7396 --- [gesusuarios] [           main] o.hibernate.orm.results.loading.entity   : (EntityResultInitializer) Created new entity instance [com.microusuarios.gesusuarios.model.Usuario(1)#67] : 470993572
2024-12-13T17:57:25.453-03:00 DEBUG 7396 --- [gesusuarios] [           main] org.hibernate.orm.results                : Extracted JDBC value [1] - [123 Main St]
2024-12-13T17:57:25.453-03:00 DEBUG 7396 --- [gesusuarios] [           main] org.hibernate.orm.results                : Extracted JDBC value [2] - [1990-01-01]
2024-12-13T17:57:25.453-03:00 DEBUG 7396 --- [gesusuarios] [           main] org.hibernate.orm.results                : Extracted JDBC value [3] - [testuser@example.com]
2024-12-13T17:57:25.453-03:00 DEBUG 7396 --- [gesusuarios] [           main] org.hibernate.orm.results                : Extracted JDBC value [4] - [password123]
2024-12-13T17:57:25.453-03:00 DEBUG 7396 --- [gesusuarios] [           main] org.hibernate.orm.results                : Extracted JDBC value [5] - [updatedUser]
2024-12-13T17:57:25.453-03:00 DEBUG 7396 --- [gesusuarios] [           main] o.hibernate.orm.results.loading.entity   : (EntityResultInitializer) Done materializing entityInstance : com.microusuarios.gesusuarios.model.Usuario(1)#67
2024-12-13T17:57:25.453-03:00 DEBUG 7396 --- [gesusuarios] [           main] org.hibernate.orm.results.loading        : Calling top-level assembler (0 / 1) : org.hibernate.sql.results.graph.entity.internal.EntityAssembler@2e1504a1
2024-12-13T17:57:25.453-03:00 DEBUG 7396 --- [gesusuarios] [           main] org.hibernate.orm.results                : Extracted JDBC value [0] - [69]
2024-12-13T17:57:25.453-03:00 DEBUG 7396 --- [gesusuarios] [           main] o.hibernate.orm.results.loading.entity   : (EntityResultInitializer) Hydrated EntityKey (com.microusuarios.gesusuarios.model.Usuario(1)): 69
2024-12-13T17:57:25.453-03:00 DEBUG 7396 --- [gesusuarios] [           main] o.hibernate.orm.results.loading.entity   : (EntityResultInitializer) Created new entity instance [com.microusuarios.gesusuarios.model.Usuario(1)#69] : 653328299
2024-12-13T17:57:25.453-03:00 DEBUG 7396 --- [gesusuarios] [           main] org.hibernate.orm.results                : Extracted JDBC value [1] - [123 Main St]
2024-12-13T17:57:25.453-03:00 DEBUG 7396 --- [gesusuarios] [           main] org.hibernate.orm.results                : Extracted JDBC value [2] - [1990-01-01]
2024-12-13T17:57:25.453-03:00 DEBUG 7396 --- [gesusuarios] [           main] org.hibernate.orm.results                : Extracted JDBC value [3] - [testuser@example.com]
2024-12-13T17:57:25.453-03:00 DEBUG 7396 --- [gesusuarios] [           main] org.hibernate.orm.results                : Extracted JDBC value [4] - [password123]
2024-12-13T17:57:25.453-03:00 DEBUG 7396 --- [gesusuarios] [           main] org.hibernate.orm.results                : Extracted JDBC value [5] - [testUser]
2024-12-13T17:57:25.453-03:00 DEBUG 7396 --- [gesusuarios] [           main] o.hibernate.orm.results.loading.entity   : (EntityResultInitializer) Done materializing entityInstance : com.microusuarios.gesusuarios.model.Usuario(1)#69
2024-12-13T17:57:25.453-03:00 DEBUG 7396 --- [gesusuarios] [           main] org.hibernate.orm.results.loading        : Calling top-level assembler (0 / 1) : org.hibernate.sql.results.graph.entity.internal.EntityAssembler@2e1504a1
2024-12-13T17:57:25.453-03:00 DEBUG 7396 --- [gesusuarios] [           main] org.hibernate.orm.results                : Extracted JDBC value [0] - [70]
2024-12-13T17:57:25.453-03:00 DEBUG 7396 --- [gesusuarios] [           main] o.hibernate.orm.results.loading.entity   : (EntityResultInitializer) Hydrated EntityKey (com.microusuarios.gesusuarios.model.Usuario(1)): 70
2024-12-13T17:57:25.453-03:00 DEBUG 7396 --- [gesusuarios] [           main] o.hibernate.orm.results.loading.entity   : (EntityResultInitializer) Created new entity instance [com.microusuarios.gesusuarios.model.Usuario(1)#70] : 775418041
2024-12-13T17:57:25.453-03:00 DEBUG 7396 --- [gesusuarios] [           main] org.hibernate.orm.results                : Extracted JDBC value [1] - [456 Another St]
2024-12-13T17:57:25.454-03:00 DEBUG 7396 --- [gesusuarios] [           main] org.hibernate.orm.results                : Extracted JDBC value [2] - [1992-01-01]
2024-12-13T17:57:25.454-03:00 DEBUG 7396 --- [gesusuarios] [           main] org.hibernate.orm.results                : Extracted JDBC value [3] - [testuser2@example.com]
2024-12-13T17:57:25.454-03:00 DEBUG 7396 --- [gesusuarios] [           main] org.hibernate.orm.results                : Extracted JDBC value [4] - [password123]
2024-12-13T17:57:25.454-03:00 DEBUG 7396 --- [gesusuarios] [           main] org.hibernate.orm.results                : Extracted JDBC value [5] - [testUser2]
2024-12-13T17:57:25.454-03:00 DEBUG 7396 --- [gesusuarios] [           main] o.hibernate.orm.results.loading.entity   : (EntityResultInitializer) Done materializing entityInstance : com.microusuarios.gesusuarios.model.Usuario(1)#70
2024-12-13T17:57:25.454-03:00 DEBUG 7396 --- [gesusuarios] [           main] org.hibernate.orm.results.loading        : Calling top-level assembler (0 / 1) : org.hibernate.sql.results.graph.entity.internal.EntityAssembler@2e1504a1
2024-12-13T17:57:25.454-03:00 DEBUG 7396 --- [gesusuarios] [           main] org.hibernate.orm.results                : Extracted JDBC value [0] - [21]
2024-12-13T17:57:25.454-03:00 DEBUG 7396 --- [gesusuarios] [           main] o.hibernate.orm.results.loading.entity   : (EntityResultInitializer) Hydrated EntityKey (com.microusuarios.gesusuarios.model.Usuario(1)): 21
2024-12-13T17:57:25.454-03:00 DEBUG 7396 --- [gesusuarios] [           main] o.hibernate.orm.results.loading.entity   : (EntityResultInitializer) Created new entity instance [com.microusuarios.gesusuarios.model.Usuario(1)#21] : 1719522542
2024-12-13T17:57:25.454-03:00 DEBUG 7396 --- [gesusuarios] [           main] org.hibernate.orm.results                : Extracted JDBC value [1] - [carmen 77 dpto |099]
2024-12-13T17:57:25.454-03:00 DEBUG 7396 --- [gesusuarios] [           main] org.hibernate.orm.results                : Extracted JDBC value [2] - [2011-04-12]
2024-12-13T17:57:25.454-03:00 DEBUG 7396 --- [gesusuarios] [           main] org.hibernate.orm.results                : Extracted JDBC value [3] - [mini@gmail.com]
2024-12-13T17:57:25.454-03:00 DEBUG 7396 --- [gesusuarios] [           main] org.hibernate.orm.results                : Extracted JDBC value [4] - [A123456]
2024-12-13T17:57:25.454-03:00 DEBUG 7396 --- [gesusuarios] [           main] org.hibernate.orm.results                : Extracted JDBC value [5] - [mini]
2024-12-13T17:57:25.454-03:00 DEBUG 7396 --- [gesusuarios] [           main] o.hibernate.orm.results.loading.entity   : (EntityResultInitializer) Done materializing entityInstance : com.microusuarios.gesusuarios.model.Usuario(1)#21
2024-12-13T17:57:25.454-03:00 DEBUG 7396 --- [gesusuarios] [           main] org.hibernate.orm.results.loading        : Calling top-level assembler (0 / 1) : org.hibernate.sql.results.graph.entity.internal.EntityAssembler@2e1504a1
2024-12-13T17:57:25.454-03:00 DEBUG 7396 --- [gesusuarios] [           main] org.hibernate.orm.results                : Extracted JDBC value [0] - [47]
2024-12-13T17:57:25.454-03:00 DEBUG 7396 --- [gesusuarios] [           main] o.hibernate.orm.results.loading.entity   : (EntityResultInitializer) Hydrated EntityKey (com.microusuarios.gesusuarios.model.Usuario(1)): 47
2024-12-13T17:57:25.454-03:00 DEBUG 7396 --- [gesusuarios] [           main] o.hibernate.orm.results.loading.entity   : (EntityResultInitializer) Created new entity instance [com.microusuarios.gesusuarios.model.Usuario(1)#47] : 1815115119
2024-12-13T17:57:25.454-03:00 DEBUG 7396 --- [gesusuarios] [           main] org.hibernate.orm.results                : Extracted JDBC value [1] - [123 Main St]
2024-12-13T17:57:25.454-03:00 DEBUG 7396 --- [gesusuarios] [           main] org.hibernate.orm.results                : Extracted JDBC value [2] - [1990-01-01]
2024-12-13T17:57:25.454-03:00 DEBUG 7396 --- [gesusuarios] [           main] org.hibernate.orm.results                : Extracted JDBC value [3] - [testuser@example.com]
2024-12-13T17:57:25.454-03:00 DEBUG 7396 --- [gesusuarios] [           main] org.hibernate.orm.results                : Extracted JDBC value [4] - [password123]
2024-12-13T17:57:25.455-03:00 DEBUG 7396 --- [gesusuarios] [           main] org.hibernate.orm.results                : Extracted JDBC value [5] - [testUser]
2024-12-13T17:57:25.455-03:00 DEBUG 7396 --- [gesusuarios] [           main] o.hibernate.orm.results.loading.entity   : (EntityResultInitializer) Done materializing entityInstance : com.microusuarios.gesusuarios.model.Usuario(1)#47
2024-12-13T17:57:25.455-03:00 DEBUG 7396 --- [gesusuarios] [           main] org.hibernate.orm.results.loading        : Calling top-level assembler (0 / 1) : org.hibernate.sql.results.graph.entity.internal.EntityAssembler@2e1504a1
2024-12-13T17:57:25.455-03:00 DEBUG 7396 --- [gesusuarios] [           main] org.hibernate.orm.results                : Extracted JDBC value [0] - [48]
2024-12-13T17:57:25.455-03:00 DEBUG 7396 --- [gesusuarios] [           main] o.hibernate.orm.results.loading.entity   : (EntityResultInitializer) Hydrated EntityKey (com.microusuarios.gesusuarios.model.Usuario(1)): 48
2024-12-13T17:57:25.455-03:00 DEBUG 7396 --- [gesusuarios] [           main] o.hibernate.orm.results.loading.entity   : (EntityResultInitializer) Created new entity instance [com.microusuarios.gesusuarios.model.Usuario(1)#48] : 1293734629
2024-12-13T17:57:25.455-03:00 DEBUG 7396 --- [gesusuarios] [           main] org.hibernate.orm.results                : Extracted JDBC value [1] - [123 Main St]
2024-12-13T17:57:25.455-03:00 DEBUG 7396 --- [gesusuarios] [           main] org.hibernate.orm.results                : Extracted JDBC value [2] - [1990-01-01]
2024-12-13T17:57:25.455-03:00 DEBUG 7396 --- [gesusuarios] [           main] org.hibernate.orm.results                : Extracted JDBC value [3] - [testuser@example.com]
2024-12-13T17:57:25.455-03:00 DEBUG 7396 --- [gesusuarios] [           main] org.hibernate.orm.results                : Extracted JDBC value [4] - [password123]
2024-12-13T17:57:25.455-03:00 DEBUG 7396 --- [gesusuarios] [           main] org.hibernate.orm.results                : Extracted JDBC value [5] - [testUser]
2024-12-13T17:57:25.455-03:00 DEBUG 7396 --- [gesusuarios] [           main] o.hibernate.orm.results.loading.entity   : (EntityResultInitializer) Done materializing entityInstance : com.microusuarios.gesusuarios.model.Usuario(1)#48
2024-12-13T17:57:25.455-03:00 DEBUG 7396 --- [gesusuarios] [           main] org.hibernate.orm.results.loading        : Calling top-level assembler (0 / 1) : org.hibernate.sql.results.graph.entity.internal.EntityAssembler@2e1504a1
2024-12-13T17:57:25.455-03:00 DEBUG 7396 --- [gesusuarios] [           main] org.hibernate.orm.results                : Extracted JDBC value [0] - [49]
2024-12-13T17:57:25.455-03:00 DEBUG 7396 --- [gesusuarios] [           main] o.hibernate.orm.results.loading.entity   : (EntityResultInitializer) Hydrated EntityKey (com.microusuarios.gesusuarios.model.Usuario(1)): 49
2024-12-13T17:57:25.455-03:00 DEBUG 7396 --- [gesusuarios] [           main] o.hibernate.orm.results.loading.entity   : (EntityResultInitializer) Created new entity instance [com.microusuarios.gesusuarios.model.Usuario(1)#49] : 1556042183
2024-12-13T17:57:25.455-03:00 DEBUG 7396 --- [gesusuarios] [           main] org.hibernate.orm.results                : Extracted JDBC value [1] - [123 Main St]
2024-12-13T17:57:25.455-03:00 DEBUG 7396 --- [gesusuarios] [           main] org.hibernate.orm.results                : Extracted JDBC value [2] - [1990-01-01]
2024-12-13T17:57:25.455-03:00 DEBUG 7396 --- [gesusuarios] [           main] org.hibernate.orm.results                : Extracted JDBC value [3] - [testuser@example.com]
2024-12-13T17:57:25.455-03:00 DEBUG 7396 --- [gesusuarios] [           main] org.hibernate.orm.results                : Extracted JDBC value [4] - [password123]
2024-12-13T17:57:25.456-03:00 DEBUG 7396 --- [gesusuarios] [           main] org.hibernate.orm.results                : Extracted JDBC value [5] - [updatedUser]
2024-12-13T17:57:25.456-03:00 DEBUG 7396 --- [gesusuarios] [           main] o.hibernate.orm.results.loading.entity   : (EntityResultInitializer) Done materializing entityInstance : com.microusuarios.gesusuarios.model.Usuario(1)#49
2024-12-13T17:57:25.456-03:00 DEBUG 7396 --- [gesusuarios] [           main] org.hibernate.orm.results.loading        : Calling top-level assembler (0 / 1) : org.hibernate.sql.results.graph.entity.internal.EntityAssembler@2e1504a1
2024-12-13T17:57:25.462-03:00 DEBUG 7396 --- [gesusuarios] [           main] org.hibernate.orm.results                : Extracted JDBC value [0] - [51]
2024-12-13T17:57:25.462-03:00 DEBUG 7396 --- [gesusuarios] [           main] o.hibernate.orm.results.loading.entity   : (EntityResultInitializer) Hydrated EntityKey (com.microusuarios.gesusuarios.model.Usuario(1)): 51
2024-12-13T17:57:25.462-03:00 DEBUG 7396 --- [gesusuarios] [           main] o.hibernate.orm.results.loading.entity   : (EntityResultInitializer) Created new entity instance [com.microusuarios.gesusuarios.model.Usuario(1)#51] : 1424827418
2024-12-13T17:57:25.462-03:00 DEBUG 7396 --- [gesusuarios] [           main] org.hibernate.orm.results                : Extracted JDBC value [1] - [123 Main St]
2024-12-13T17:57:25.462-03:00 DEBUG 7396 --- [gesusuarios] [           main] org.hibernate.orm.results                : Extracted JDBC value [2] - [1990-01-01]
2024-12-13T17:57:25.462-03:00 DEBUG 7396 --- [gesusuarios] [           main] org.hibernate.orm.results                : Extracted JDBC value [3] - [testuser@example.com]
2024-12-13T17:57:25.462-03:00 DEBUG 7396 --- [gesusuarios] [           main] org.hibernate.orm.results                : Extracted JDBC value [4] - [password123]
2024-12-13T17:57:25.462-03:00 DEBUG 7396 --- [gesusuarios] [           main] org.hibernate.orm.results                : Extracted JDBC value [5] - [testUser]
2024-12-13T17:57:25.462-03:00 DEBUG 7396 --- [gesusuarios] [           main] o.hibernate.orm.results.loading.entity   : (EntityResultInitializer) Done materializing entityInstance : com.microusuarios.gesusuarios.model.Usuario(1)#51
2024-12-13T17:57:25.462-03:00 DEBUG 7396 --- [gesusuarios] [           main] org.hibernate.orm.results.loading        : Calling top-level assembler (0 / 1) : org.hibernate.sql.results.graph.entity.internal.EntityAssembler@2e1504a1
2024-12-13T17:57:25.462-03:00 DEBUG 7396 --- [gesusuarios] [           main] org.hibernate.orm.results                : Extracted JDBC value [0] - [52]
2024-12-13T17:57:25.462-03:00 DEBUG 7396 --- [gesusuarios] [           main] o.hibernate.orm.results.loading.entity   : (EntityResultInitializer) Hydrated EntityKey (com.microusuarios.gesusuarios.model.Usuario(1)): 52
2024-12-13T17:57:25.462-03:00 DEBUG 7396 --- [gesusuarios] [           main] o.hibernate.orm.results.loading.entity   : (EntityResultInitializer) Created new entity instance [com.microusuarios.gesusuarios.model.Usuario(1)#52] : 999925989
2024-12-13T17:57:25.462-03:00 DEBUG 7396 --- [gesusuarios] [           main] org.hibernate.orm.results                : Extracted JDBC value [1] - [456 Another St]
2024-12-13T17:57:25.462-03:00 DEBUG 7396 --- [gesusuarios] [           main] org.hibernate.orm.results                : Extracted JDBC value [2] - [1992-01-01]
2024-12-13T17:57:25.462-03:00 DEBUG 7396 --- [gesusuarios] [           main] org.hibernate.orm.results                : Extracted JDBC value [3] - [testuser2@example.com]
2024-12-13T17:57:25.462-03:00 DEBUG 7396 --- [gesusuarios] [           main] org.hibernate.orm.results                : Extracted JDBC value [4] - [password123]
2024-12-13T17:57:25.462-03:00 DEBUG 7396 --- [gesusuarios] [           main] org.hibernate.orm.results                : Extracted JDBC value [5] - [testUser2]
2024-12-13T17:57:25.463-03:00 DEBUG 7396 --- [gesusuarios] [           main] o.hibernate.orm.results.loading.entity   : (EntityResultInitializer) Done materializing entityInstance : com.microusuarios.gesusuarios.model.Usuario(1)#52
2024-12-13T17:57:25.463-03:00 DEBUG 7396 --- [gesusuarios] [           main] org.hibernate.orm.results.loading        : Calling top-level assembler (0 / 1) : org.hibernate.sql.results.graph.entity.internal.EntityAssembler@2e1504a1
2024-12-13T17:57:25.463-03:00 DEBUG 7396 --- [gesusuarios] [           main] org.hibernate.orm.results                : Extracted JDBC value [0] - [53]
2024-12-13T17:57:25.463-03:00 DEBUG 7396 --- [gesusuarios] [           main] o.hibernate.orm.results.loading.entity   : (EntityResultInitializer) Hydrated EntityKey (com.microusuarios.gesusuarios.model.Usuario(1)): 53
2024-12-13T17:57:25.463-03:00 DEBUG 7396 --- [gesusuarios] [           main] o.hibernate.orm.results.loading.entity   : (EntityResultInitializer) Created new entity instance [com.microusuarios.gesusuarios.model.Usuario(1)#53] : 280616585
2024-12-13T17:57:25.463-03:00 DEBUG 7396 --- [gesusuarios] [           main] org.hibernate.orm.results                : Extracted JDBC value [1] - [123 Main St]
2024-12-13T17:57:25.463-03:00 DEBUG 7396 --- [gesusuarios] [           main] org.hibernate.orm.results                : Extracted JDBC value [2] - [1990-01-01]
2024-12-13T17:57:25.463-03:00 DEBUG 7396 --- [gesusuarios] [           main] org.hibernate.orm.results                : Extracted JDBC value [3] - [testuser@example.com]
2024-12-13T17:57:25.463-03:00 DEBUG 7396 --- [gesusuarios] [           main] org.hibernate.orm.results                : Extracted JDBC value [4] - [password123]
2024-12-13T17:57:25.463-03:00 DEBUG 7396 --- [gesusuarios] [           main] org.hibernate.orm.results                : Extracted JDBC value [5] - [testUser]
2024-12-13T17:57:25.463-03:00 DEBUG 7396 --- [gesusuarios] [           main] o.hibernate.orm.results.loading.entity   : (EntityResultInitializer) Done materializing entityInstance : com.microusuarios.gesusuarios.model.Usuario(1)#53
2024-12-13T17:57:25.463-03:00 DEBUG 7396 --- [gesusuarios] [           main] org.hibernate.orm.results.loading        : Calling top-level assembler (0 / 1) : org.hibernate.sql.results.graph.entity.internal.EntityAssembler@2e1504a1
2024-12-13T17:57:25.463-03:00 DEBUG 7396 --- [gesusuarios] [           main] org.hibernate.orm.results                : Extracted JDBC value [0] - [54]
2024-12-13T17:57:25.463-03:00 DEBUG 7396 --- [gesusuarios] [           main] o.hibernate.orm.results.loading.entity   : (EntityResultInitializer) Hydrated EntityKey (com.microusuarios.gesusuarios.model.Usuario(1)): 54
2024-12-13T17:57:25.463-03:00 DEBUG 7396 --- [gesusuarios] [           main] o.hibernate.orm.results.loading.entity   : (EntityResultInitializer) Created new entity instance [com.microusuarios.gesusuarios.model.Usuario(1)#54] : 909022256
2024-12-13T17:57:25.463-03:00 DEBUG 7396 --- [gesusuarios] [           main] org.hibernate.orm.results                : Extracted JDBC value [1] - [123 Main St]
2024-12-13T17:57:25.463-03:00 DEBUG 7396 --- [gesusuarios] [           main] org.hibernate.orm.results                : Extracted JDBC value [2] - [1990-01-01]
2024-12-13T17:57:25.463-03:00 DEBUG 7396 --- [gesusuarios] [           main] org.hibernate.orm.results                : Extracted JDBC value [3] - [testuser@example.com]
2024-12-13T17:57:25.463-03:00 DEBUG 7396 --- [gesusuarios] [           main] org.hibernate.orm.results                : Extracted JDBC value [4] - [password123]
2024-12-13T17:57:25.463-03:00 DEBUG 7396 --- [gesusuarios] [           main] org.hibernate.orm.results                : Extracted JDBC value [5] - [testUser]
2024-12-13T17:57:25.463-03:00 DEBUG 7396 --- [gesusuarios] [           main] o.hibernate.orm.results.loading.entity   : (EntityResultInitializer) Done materializing entityInstance : com.microusuarios.gesusuarios.model.Usuario(1)#54
2024-12-13T17:57:25.464-03:00 DEBUG 7396 --- [gesusuarios] [           main] org.hibernate.orm.results.loading        : Calling top-level assembler (0 / 1) : org.hibernate.sql.results.graph.entity.internal.EntityAssembler@2e1504a1
2024-12-13T17:57:25.464-03:00 DEBUG 7396 --- [gesusuarios] [           main] org.hibernate.orm.results                : Extracted JDBC value [0] - [55]
2024-12-13T17:57:25.464-03:00 DEBUG 7396 --- [gesusuarios] [           main] o.hibernate.orm.results.loading.entity   : (EntityResultInitializer) Hydrated EntityKey (com.microusuarios.gesusuarios.model.Usuario(1)): 55
2024-12-13T17:57:25.464-03:00 DEBUG 7396 --- [gesusuarios] [           main] o.hibernate.orm.results.loading.entity   : (EntityResultInitializer) Created new entity instance [com.microusuarios.gesusuarios.model.Usuario(1)#55] : 190753563
2024-12-13T17:57:25.464-03:00 DEBUG 7396 --- [gesusuarios] [           main] org.hibernate.orm.results                : Extracted JDBC value [1] - [123 Main St]
2024-12-13T17:57:25.464-03:00 DEBUG 7396 --- [gesusuarios] [           main] org.hibernate.orm.results                : Extracted JDBC value [2] - [1990-01-01]
2024-12-13T17:57:25.464-03:00 DEBUG 7396 --- [gesusuarios] [           main] org.hibernate.orm.results                : Extracted JDBC value [3] - [testuser@example.com]
2024-12-13T17:57:25.464-03:00 DEBUG 7396 --- [gesusuarios] [           main] org.hibernate.orm.results                : Extracted JDBC value [4] - [password123]
2024-12-13T17:57:25.464-03:00 DEBUG 7396 --- [gesusuarios] [           main] org.hibernate.orm.results                : Extracted JDBC value [5] - [updatedUser]
2024-12-13T17:57:25.464-03:00 DEBUG 7396 --- [gesusuarios] [           main] o.hibernate.orm.results.loading.entity   : (EntityResultInitializer) Done materializing entityInstance : com.microusuarios.gesusuarios.model.Usuario(1)#55
2024-12-13T17:57:25.464-03:00 DEBUG 7396 --- [gesusuarios] [           main] org.hibernate.orm.results.loading        : Calling top-level assembler (0 / 1) : org.hibernate.sql.results.graph.entity.internal.EntityAssembler@2e1504a1
2024-12-13T17:57:25.464-03:00 DEBUG 7396 --- [gesusuarios] [           main] org.hibernate.orm.results                : Extracted JDBC value [0] - [57]
2024-12-13T17:57:25.464-03:00 DEBUG 7396 --- [gesusuarios] [           main] o.hibernate.orm.results.loading.entity   : (EntityResultInitializer) Hydrated EntityKey (com.microusuarios.gesusuarios.model.Usuario(1)): 57
2024-12-13T17:57:25.464-03:00 DEBUG 7396 --- [gesusuarios] [           main] o.hibernate.orm.results.loading.entity   : (EntityResultInitializer) Created new entity instance [com.microusuarios.gesusuarios.model.Usuario(1)#57] : 2104943637
2024-12-13T17:57:25.464-03:00 DEBUG 7396 --- [gesusuarios] [           main] org.hibernate.orm.results                : Extracted JDBC value [1] - [123 Main St]
2024-12-13T17:57:25.464-03:00 DEBUG 7396 --- [gesusuarios] [           main] org.hibernate.orm.results                : Extracted JDBC value [2] - [1990-01-01]
2024-12-13T17:57:25.464-03:00 DEBUG 7396 --- [gesusuarios] [           main] org.hibernate.orm.results                : Extracted JDBC value [3] - [testuser@example.com]
2024-12-13T17:57:25.464-03:00 DEBUG 7396 --- [gesusuarios] [           main] org.hibernate.orm.results                : Extracted JDBC value [4] - [password123]
2024-12-13T17:57:25.464-03:00 DEBUG 7396 --- [gesusuarios] [           main] org.hibernate.orm.results                : Extracted JDBC value [5] - [testUser]
2024-12-13T17:57:25.464-03:00 DEBUG 7396 --- [gesusuarios] [           main] o.hibernate.orm.results.loading.entity   : (EntityResultInitializer) Done materializing entityInstance : com.microusuarios.gesusuarios.model.Usuario(1)#57
2024-12-13T17:57:25.464-03:00 DEBUG 7396 --- [gesusuarios] [           main] org.hibernate.orm.results.loading        : Calling top-level assembler (0 / 1) : org.hibernate.sql.results.graph.entity.internal.EntityAssembler@2e1504a1
2024-12-13T17:57:25.464-03:00 DEBUG 7396 --- [gesusuarios] [           main] org.hibernate.orm.results                : Extracted JDBC value [0] - [58]
2024-12-13T17:57:25.464-03:00 DEBUG 7396 --- [gesusuarios] [           main] o.hibernate.orm.results.loading.entity   : (EntityResultInitializer) Hydrated EntityKey (com.microusuarios.gesusuarios.model.Usuario(1)): 58
2024-12-13T17:57:25.465-03:00 DEBUG 7396 --- [gesusuarios] [           main] o.hibernate.orm.results.loading.entity   : (EntityResultInitializer) Created new entity instance [com.microusuarios.gesusuarios.model.Usuario(1)#58] : 593834148
2024-12-13T17:57:25.465-03:00 DEBUG 7396 --- [gesusuarios] [           main] org.hibernate.orm.results                : Extracted JDBC value [1] - [456 Another St]
2024-12-13T17:57:25.465-03:00 DEBUG 7396 --- [gesusuarios] [           main] org.hibernate.orm.results                : Extracted JDBC value [2] - [1992-01-01]
2024-12-13T17:57:25.465-03:00 DEBUG 7396 --- [gesusuarios] [           main] org.hibernate.orm.results                : Extracted JDBC value [3] - [testuser2@example.com]
2024-12-13T17:57:25.465-03:00 DEBUG 7396 --- [gesusuarios] [           main] org.hibernate.orm.results                : Extracted JDBC value [4] - [password123]
2024-12-13T17:57:25.465-03:00 DEBUG 7396 --- [gesusuarios] [           main] org.hibernate.orm.results                : Extracted JDBC value [5] - [testUser2]
2024-12-13T17:57:25.465-03:00 DEBUG 7396 --- [gesusuarios] [           main] o.hibernate.orm.results.loading.entity   : (EntityResultInitializer) Done materializing entityInstance : com.microusuarios.gesusuarios.model.Usuario(1)#58
2024-12-13T17:57:25.465-03:00 DEBUG 7396 --- [gesusuarios] [           main] org.hibernate.orm.results.loading        : Calling top-level assembler (0 / 1) : org.hibernate.sql.results.graph.entity.internal.EntityAssembler@2e1504a1
2024-12-13T17:57:25.465-03:00 DEBUG 7396 --- [gesusuarios] [           main] org.hibernate.orm.results                : Extracted JDBC value [0] - [1]
2024-12-13T17:57:25.465-03:00 DEBUG 7396 --- [gesusuarios] [           main] o.hibernate.orm.results.loading.entity   : (EntityResultInitializer) Hydrated EntityKey (com.microusuarios.gesusuarios.model.Usuario(1)): 1
2024-12-13T17:57:25.465-03:00 DEBUG 7396 --- [gesusuarios] [           main] o.hibernate.orm.results.loading.entity   : (EntityResultInitializer) Created new entity instance [com.microusuarios.gesusuarios.model.Usuario(1)#1] : 1638445036
2024-12-13T17:57:25.465-03:00 DEBUG 7396 --- [gesusuarios] [           main] org.hibernate.orm.results                : Extracted JDBC value [1] - [Address 1]
2024-12-13T17:57:25.465-03:00 DEBUG 7396 --- [gesusuarios] [           main] org.hibernate.orm.results                : Extracted JDBC value [2] - [1990-01-01]
2024-12-13T17:57:25.465-03:00 DEBUG 7396 --- [gesusuarios] [           main] org.hibernate.orm.results                : Extracted JDBC value [3] - [admin@gmail.com]
2024-12-13T17:57:25.465-03:00 DEBUG 7396 --- [gesusuarios] [           main] org.hibernate.orm.results                : Extracted JDBC value [4] - [123456]
2024-12-13T17:57:25.465-03:00 DEBUG 7396 --- [gesusuarios] [           main] org.hibernate.orm.results                : Extracted JDBC value [5] - [admin]
2024-12-13T17:57:25.465-03:00 DEBUG 7396 --- [gesusuarios] [           main] o.hibernate.orm.results.loading.entity   : (EntityResultInitializer) Done materializing entityInstance : com.microusuarios.gesusuarios.model.Usuario(1)#1
2024-12-13T17:57:25.465-03:00 DEBUG 7396 --- [gesusuarios] [           main] org.hibernate.orm.results.loading        : Calling top-level assembler (0 / 1) : org.hibernate.sql.results.graph.entity.internal.EntityAssembler@2e1504a1
2024-12-13T17:57:25.465-03:00 DEBUG 7396 --- [gesusuarios] [           main] org.hibernate.orm.results                : Extracted JDBC value [0] - [2]
2024-12-13T17:57:25.466-03:00 DEBUG 7396 --- [gesusuarios] [           main] o.hibernate.orm.results.loading.entity   : (EntityResultInitializer) Hydrated EntityKey (com.microusuarios.gesusuarios.model.Usuario(1)): 2
2024-12-13T17:57:25.466-03:00 DEBUG 7396 --- [gesusuarios] [           main] o.hibernate.orm.results.loading.entity   : (EntityResultInitializer) Created new entity instance [com.microusuarios.gesusuarios.model.Usuario(1)#2] : 533780145
2024-12-13T17:57:25.466-03:00 DEBUG 7396 --- [gesusuarios] [           main] org.hibernate.orm.results                : Extracted JDBC value [1] - [Address 2]
2024-12-13T17:57:25.466-03:00 DEBUG 7396 --- [gesusuarios] [           main] org.hibernate.orm.results                : Extracted JDBC value [2] - [1992-02-02]
2024-12-13T17:57:25.466-03:00 DEBUG 7396 --- [gesusuarios] [           main] org.hibernate.orm.results                : Extracted JDBC value [3] - [dario@gmail.com]
2024-12-13T17:57:25.466-03:00 DEBUG 7396 --- [gesusuarios] [           main] org.hibernate.orm.results                : Extracted JDBC value [4] - [123456]
2024-12-13T17:57:25.466-03:00 DEBUG 7396 --- [gesusuarios] [           main] org.hibernate.orm.results                : Extracted JDBC value [5] - [dario]
2024-12-13T17:57:25.466-03:00 DEBUG 7396 --- [gesusuarios] [           main] o.hibernate.orm.results.loading.entity   : (EntityResultInitializer) Done materializing entityInstance : com.microusuarios.gesusuarios.model.Usuario(1)#2
2024-12-13T17:57:25.466-03:00 DEBUG 7396 --- [gesusuarios] [           main] org.hibernate.orm.results.loading        : Calling top-level assembler (0 / 1) : org.hibernate.sql.results.graph.entity.internal.EntityAssembler@2e1504a1
2024-12-13T17:57:25.467-03:00 DEBUG 7396 --- [gesusuarios] [           main] org.hibernate.orm.results                : Extracted JDBC value [0] - [71]
2024-12-13T17:57:25.467-03:00 DEBUG 7396 --- [gesusuarios] [           main] o.hibernate.orm.results.loading.entity   : (EntityResultInitializer) Hydrated EntityKey (com.microusuarios.gesusuarios.model.Usuario(1)): 71
2024-12-13T17:57:25.467-03:00 DEBUG 7396 --- [gesusuarios] [           main] o.hibernate.orm.results.loading.entity   : (EntityResultInitializer) Created new entity instance [com.microusuarios.gesusuarios.model.Usuario(1)#71] : 1431097106
2024-12-13T17:57:25.467-03:00 DEBUG 7396 --- [gesusuarios] [           main] org.hibernate.orm.results                : Extracted JDBC value [1] - [123 Main St]
2024-12-13T17:57:25.467-03:00 DEBUG 7396 --- [gesusuarios] [           main] org.hibernate.orm.results                : Extracted JDBC value [2] - [1990-01-01]
2024-12-13T17:57:25.467-03:00 DEBUG 7396 --- [gesusuarios] [           main] org.hibernate.orm.results                : Extracted JDBC value [3] - [testuser@example.com]
2024-12-13T17:57:25.467-03:00 DEBUG 7396 --- [gesusuarios] [           main] org.hibernate.orm.results                : Extracted JDBC value [4] - [password123]
2024-12-13T17:57:25.467-03:00 DEBUG 7396 --- [gesusuarios] [           main] org.hibernate.orm.results                : Extracted JDBC value [5] - [testUser]
2024-12-13T17:57:25.467-03:00 DEBUG 7396 --- [gesusuarios] [           main] o.hibernate.orm.results.loading.entity   : (EntityResultInitializer) Done materializing entityInstance : com.microusuarios.gesusuarios.model.Usuario(1)#71
2024-12-13T17:57:25.468-03:00 DEBUG 7396 --- [gesusuarios] [           main] org.hibernate.orm.results.loading        : Calling top-level assembler (0 / 1) : org.hibernate.sql.results.graph.entity.internal.EntityAssembler@2e1504a1
2024-12-13T17:57:25.476-03:00 DEBUG 7396 --- [gesusuarios] [           main] org.hibernate.orm.results                : Extracted JDBC value [0] - [72]
2024-12-13T17:57:25.476-03:00 DEBUG 7396 --- [gesusuarios] [           main] o.hibernate.orm.results.loading.entity   : (EntityResultInitializer) Hydrated EntityKey (com.microusuarios.gesusuarios.model.Usuario(1)): 72
2024-12-13T17:57:25.476-03:00 DEBUG 7396 --- [gesusuarios] [           main] o.hibernate.orm.results.loading.entity   : (EntityResultInitializer) Created new entity instance [com.microusuarios.gesusuarios.model.Usuario(1)#72] : 1604723983
2024-12-13T17:57:25.476-03:00 DEBUG 7396 --- [gesusuarios] [           main] org.hibernate.orm.results                : Extracted JDBC value [1] - [123 Main St]
2024-12-13T17:57:25.476-03:00 DEBUG 7396 --- [gesusuarios] [           main] org.hibernate.orm.results                : Extracted JDBC value [2] - [1990-01-01]
2024-12-13T17:57:25.476-03:00 DEBUG 7396 --- [gesusuarios] [           main] org.hibernate.orm.results                : Extracted JDBC value [3] - [testuser@example.com]
2024-12-13T17:57:25.476-03:00 DEBUG 7396 --- [gesusuarios] [           main] org.hibernate.orm.results                : Extracted JDBC value [4] - [password123]
2024-12-13T17:57:25.476-03:00 DEBUG 7396 --- [gesusuarios] [           main] org.hibernate.orm.results                : Extracted JDBC value [5] - [testUser]
2024-12-13T17:57:25.477-03:00 DEBUG 7396 --- [gesusuarios] [           main] o.hibernate.orm.results.loading.entity   : (EntityResultInitializer) Done materializing entityInstance : com.microusuarios.gesusuarios.model.Usuario(1)#72
2024-12-13T17:57:25.477-03:00 DEBUG 7396 --- [gesusuarios] [           main] org.hibernate.orm.results.loading        : Calling top-level assembler (0 / 1) : org.hibernate.sql.results.graph.entity.internal.EntityAssembler@2e1504a1
2024-12-13T17:57:25.477-03:00 DEBUG 7396 --- [gesusuarios] [           main] org.hibernate.orm.results                : Extracted JDBC value [0] - [73]
2024-12-13T17:57:25.477-03:00 DEBUG 7396 --- [gesusuarios] [           main] o.hibernate.orm.results.loading.entity   : (EntityResultInitializer) Hydrated EntityKey (com.microusuarios.gesusuarios.model.Usuario(1)): 73
2024-12-13T17:57:25.477-03:00 DEBUG 7396 --- [gesusuarios] [           main] o.hibernate.orm.results.loading.entity   : (EntityResultInitializer) Created new entity instance [com.microusuarios.gesusuarios.model.Usuario(1)#73] : 2069178072
2024-12-13T17:57:25.477-03:00 DEBUG 7396 --- [gesusuarios] [           main] org.hibernate.orm.results                : Extracted JDBC value [1] - [123 Main St]
2024-12-13T17:57:25.477-03:00 DEBUG 7396 --- [gesusuarios] [           main] org.hibernate.orm.results                : Extracted JDBC value [2] - [1990-01-01]
2024-12-13T17:57:25.477-03:00 DEBUG 7396 --- [gesusuarios] [           main] org.hibernate.orm.results                : Extracted JDBC value [3] - [testuser@example.com]
2024-12-13T17:57:25.477-03:00 DEBUG 7396 --- [gesusuarios] [           main] org.hibernate.orm.results                : Extracted JDBC value [4] - [password123]
2024-12-13T17:57:25.477-03:00 DEBUG 7396 --- [gesusuarios] [           main] org.hibernate.orm.results                : Extracted JDBC value [5] - [updatedUser]
2024-12-13T17:57:25.477-03:00 DEBUG 7396 --- [gesusuarios] [           main] o.hibernate.orm.results.loading.entity   : (EntityResultInitializer) Done materializing entityInstance : com.microusuarios.gesusuarios.model.Usuario(1)#73
2024-12-13T17:57:25.477-03:00 DEBUG 7396 --- [gesusuarios] [           main] org.hibernate.orm.results.loading        : Calling top-level assembler (0 / 1) : org.hibernate.sql.results.graph.entity.internal.EntityAssembler@2e1504a1
2024-12-13T17:57:25.477-03:00 DEBUG 7396 --- [gesusuarios] [           main] org.hibernate.orm.results                : Extracted JDBC value [0] - [75]
2024-12-13T17:57:25.477-03:00 DEBUG 7396 --- [gesusuarios] [           main] o.hibernate.orm.results.loading.entity   : (EntityResultInitializer) Hydrated EntityKey (com.microusuarios.gesusuarios.model.Usuario(1)): 75
2024-12-13T17:57:25.477-03:00 DEBUG 7396 --- [gesusuarios] [           main] o.hibernate.orm.results.loading.entity   : (EntityResultInitializer) Created new entity instance [com.microusuarios.gesusuarios.model.Usuario(1)#75] : 1655243357
2024-12-13T17:57:25.477-03:00 DEBUG 7396 --- [gesusuarios] [           main] org.hibernate.orm.results                : Extracted JDBC value [1] - [123 Main St]
2024-12-13T17:57:25.477-03:00 DEBUG 7396 --- [gesusuarios] [           main] org.hibernate.orm.results                : Extracted JDBC value [2] - [1990-01-01]
2024-12-13T17:57:25.477-03:00 DEBUG 7396 --- [gesusuarios] [           main] org.hibernate.orm.results                : Extracted JDBC value [3] - [testuser@example.com]
2024-12-13T17:57:25.477-03:00 DEBUG 7396 --- [gesusuarios] [           main] org.hibernate.orm.results                : Extracted JDBC value [4] - [password123]
2024-12-13T17:57:25.477-03:00 DEBUG 7396 --- [gesusuarios] [           main] org.hibernate.orm.results                : Extracted JDBC value [5] - [testUser]
2024-12-13T17:57:25.477-03:00 DEBUG 7396 --- [gesusuarios] [           main] o.hibernate.orm.results.loading.entity   : (EntityResultInitializer) Done materializing entityInstance : com.microusuarios.gesusuarios.model.Usuario(1)#75
2024-12-13T17:57:25.477-03:00 DEBUG 7396 --- [gesusuarios] [           main] org.hibernate.orm.results.loading        : Calling top-level assembler (0 / 1) : org.hibernate.sql.results.graph.entity.internal.EntityAssembler@2e1504a1
2024-12-13T17:57:25.477-03:00 DEBUG 7396 --- [gesusuarios] [           main] org.hibernate.orm.results                : Extracted JDBC value [0] - [76]
2024-12-13T17:57:25.477-03:00 DEBUG 7396 --- [gesusuarios] [           main] o.hibernate.orm.results.loading.entity   : (EntityResultInitializer) Hydrated EntityKey (com.microusuarios.gesusuarios.model.Usuario(1)): 76
2024-12-13T17:57:25.478-03:00 DEBUG 7396 --- [gesusuarios] [           main] o.hibernate.orm.results.loading.entity   : (EntityResultInitializer) Created new entity instance [com.microusuarios.gesusuarios.model.Usuario(1)#76] : 1361995077
2024-12-13T17:57:25.478-03:00 DEBUG 7396 --- [gesusuarios] [           main] org.hibernate.orm.results                : Extracted JDBC value [1] - [456 Another St]
2024-12-13T17:57:25.478-03:00 DEBUG 7396 --- [gesusuarios] [           main] org.hibernate.orm.results                : Extracted JDBC value [2] - [1992-01-01]
2024-12-13T17:57:25.478-03:00 DEBUG 7396 --- [gesusuarios] [           main] org.hibernate.orm.results                : Extracted JDBC value [3] - [testuser2@example.com]
2024-12-13T17:57:25.478-03:00 DEBUG 7396 --- [gesusuarios] [           main] org.hibernate.orm.results                : Extracted JDBC value [4] - [password123]
2024-12-13T17:57:25.478-03:00 DEBUG 7396 --- [gesusuarios] [           main] org.hibernate.orm.results                : Extracted JDBC value [5] - [testUser2]
2024-12-13T17:57:25.478-03:00 DEBUG 7396 --- [gesusuarios] [           main] o.hibernate.orm.results.loading.entity   : (EntityResultInitializer) Done materializing entityInstance : com.microusuarios.gesusuarios.model.Usuario(1)#76
2024-12-13T17:57:25.478-03:00 DEBUG 7396 --- [gesusuarios] [           main] org.hibernate.orm.results.loading        : Calling top-level assembler (0 / 1) : org.hibernate.sql.results.graph.entity.internal.EntityAssembler@2e1504a1
2024-12-13T17:57:25.479-03:00 DEBUG 7396 --- [gesusuarios] [           main] o.s.orm.jpa.JpaTransactionManager        : Initiating transaction commit
2024-12-13T17:57:25.479-03:00 DEBUG 7396 --- [gesusuarios] [           main] o.s.orm.jpa.JpaTransactionManager        : Committing JPA transaction on EntityManager [SessionImpl(686584438<open>)]
2024-12-13T17:57:25.479-03:00 DEBUG 7396 --- [gesusuarios] [           main] o.h.e.t.internal.TransactionImpl         : committing
2024-12-13T17:57:25.484-03:00 DEBUG 7396 --- [gesusuarios] [           main] o.s.jdbc.datasource.DataSourceUtils      : Resetting read-only flag of JDBC Connection [HikariProxyConnection@556554940 wrapping oracle.jdbc.driver.T4CConnection@7f720b8b]
2024-12-13T17:57:25.484-03:00 DEBUG 7396 --- [gesusuarios] [           main] o.s.orm.jpa.JpaTransactionManager        : Closing JPA EntityManager [SessionImpl(686584438<open>)] after transaction
2024-12-13T17:57:25.485-03:00 DEBUG 7396 --- [gesusuarios] [           main] org.springframework.test.context.cache   : Spring test ApplicationContext cache statistics: [DefaultContextCache@64aee729 size = 2, maxSize = 32, parentContextCount = 0, hitCount = 202, missCount = 2, failureCount = 0]
2024-12-13T17:57:25.485-03:00 DEBUG 7396 --- [gesusuarios] [           main] org.springframework.test.context.cache   : Spring test ApplicationContext cache statistics: [DefaultContextCache@64aee729 size = 2, maxSize = 32, parentContextCount = 0, hitCount = 203, missCount = 2, failureCount = 0]
2024-12-13T17:57:25.485-03:00 DEBUG 7396 --- [gesusuarios] [           main] org.springframework.test.context.cache   : Spring test ApplicationContext cache statistics: [DefaultContextCache@64aee729 size = 2, maxSize = 32, parentContextCount = 0, hitCount = 204, missCount = 2, failureCount = 0]
2024-12-13T17:57:25.485-03:00 DEBUG 7396 --- [gesusuarios] [           main] org.springframework.test.context.cache   : Spring test ApplicationContext cache statistics: [DefaultContextCache@64aee729 size = 2, maxSize = 32, parentContextCount = 0, hitCount = 205, missCount = 2, failureCount = 0]
2024-12-13T17:57:25.486-03:00 DEBUG 7396 --- [gesusuarios] [           main] org.springframework.test.context.cache   : Spring test ApplicationContext cache statistics: [DefaultContextCache@64aee729 size = 2, maxSize = 32, parentContextCount = 0, hitCount = 206, missCount = 2, failureCount = 0]
2024-12-13T17:57:25.488-03:00 DEBUG 7396 --- [gesusuarios] [           main] org.springframework.test.context.cache   : Spring test ApplicationContext cache statistics: [DefaultContextCache@64aee729 size = 2, maxSize = 32, parentContextCount = 0, hitCount = 207, missCount = 2, failureCount = 0]
2024-12-13T17:57:25.488-03:00 DEBUG 7396 --- [gesusuarios] [           main] org.springframework.test.context.cache   : Spring test ApplicationContext cache statistics: [DefaultContextCache@64aee729 size = 2, maxSize = 32, parentContextCount = 0, hitCount = 208, missCount = 2, failureCount = 0]
2024-12-13T17:57:25.488-03:00 DEBUG 7396 --- [gesusuarios] [           main] .c.s.DirtiesContextTestExecutionListener : After test method: class [UsuarioRepositoryTest], method [testFindAllUsuarios], class annotated with @DirtiesContext [false] with mode [null], method annotated with @DirtiesContext [false] with mode [null]
2024-12-13T17:57:25.488-03:00 DEBUG 7396 --- [gesusuarios] [           main] o.s.t.c.w.ServletTestExecutionListener   : Resetting RequestContextHolder for test class com.microusuarios.gesusuarios.repository.UsuarioRepositoryTest
]]></system-out>
  </testcase>
</testsuite>